[2023-08-02 07:48:03,536][flwr][INFO] - Starting Flower simulation, config: ServerConfig(num_rounds=100, round_timeout=None)
[2023-08-02 07:48:08,241][flwr][INFO] - Flower VCE: Ray initialized with resources: {'CPU': 20.0, 'memory': 4361460942.0, 'object_store_memory': 2180730470.0, 'node:192.168.43.142': 1.0}
[2023-08-02 07:48:08,249][flwr][INFO] - Initializing global parameters
[2023-08-02 07:48:08,250][flwr][INFO] - Requesting initial parameters from one random client
[2023-08-02 07:48:15,143][flwr][INFO] - Received initial parameters from one random client
[2023-08-02 07:48:15,144][flwr][INFO] - Evaluating initial parameters
[2023-08-02 07:48:16,750][flwr][INFO] - initial parameters (loss, other metrics): 0.23815250290632248, {'accuracy': 0.1283}
[2023-08-02 07:48:16,750][flwr][INFO] - FL starting
[2023-08-02 07:48:16,751][flwr][DEBUG] - fit_round 1: strategy sampled 10 clients (out of 1000)
[2023-08-02 07:48:26,699][flwr][DEBUG] - fit_round 1 received 10 results and 0 failures
[2023-08-02 07:48:26,706][flwr][WARNING] - No fit_metrics_aggregation_fn provided
[2023-08-02 07:48:29,960][flwr][INFO] - fit progress: (1, 0.20265569591522217, {'accuracy': 0.307}, 13.209300060989335)
[2023-08-02 07:48:29,960][flwr][INFO] - evaluate_round 1: no clients selected, cancel
[2023-08-02 07:48:29,962][flwr][DEBUG] - fit_round 2: strategy sampled 10 clients (out of 1000)
[2023-08-02 07:48:33,974][flwr][DEBUG] - fit_round 2 received 10 results and 0 failures
[2023-08-02 07:48:35,633][flwr][INFO] - fit progress: (2, 0.17695011645555497, {'accuracy': 0.5027}, 18.88239197997609)
[2023-08-02 07:48:35,633][flwr][INFO] - evaluate_round 2: no clients selected, cancel
[2023-08-02 07:48:35,634][flwr][DEBUG] - fit_round 3: strategy sampled 10 clients (out of 1000)
[2023-08-02 07:48:37,421][flwr][DEBUG] - fit_round 3 received 10 results and 0 failures
[2023-08-02 07:48:39,097][flwr][INFO] - fit progress: (3, 0.21376378091573714, {'accuracy': 0.1637}, 22.347043800982647)
[2023-08-02 07:48:39,098][flwr][INFO] - evaluate_round 3: no clients selected, cancel
[2023-08-02 07:48:39,098][flwr][DEBUG] - fit_round 4: strategy sampled 10 clients (out of 1000)
[2023-08-02 07:48:41,591][flwr][DEBUG] - fit_round 4 received 10 results and 0 failures
[2023-08-02 07:48:43,167][flwr][INFO] - fit progress: (4, 0.16295062908530236, {'accuracy': 0.4644}, 26.41715908696642)
[2023-08-02 07:48:43,168][flwr][INFO] - evaluate_round 4: no clients selected, cancel
[2023-08-02 07:48:43,168][flwr][DEBUG] - fit_round 5: strategy sampled 10 clients (out of 1000)
[2023-08-02 07:48:44,991][flwr][DEBUG] - fit_round 5 received 10 results and 0 failures
[2023-08-02 07:48:46,805][flwr][INFO] - fit progress: (5, 0.18239402581453323, {'accuracy': 0.3644}, 30.054427589988336)
[2023-08-02 07:48:46,805][flwr][INFO] - evaluate_round 5: no clients selected, cancel
[2023-08-02 07:48:46,806][flwr][DEBUG] - fit_round 6: strategy sampled 10 clients (out of 1000)
[2023-08-02 07:48:52,407][flwr][DEBUG] - fit_round 6 received 10 results and 0 failures
[2023-08-02 07:48:54,058][flwr][INFO] - fit progress: (6, 0.21923975166082382, {'accuracy': 0.2319}, 37.307412948983256)
[2023-08-02 07:48:54,058][flwr][INFO] - evaluate_round 6: no clients selected, cancel
[2023-08-02 07:48:54,059][flwr][DEBUG] - fit_round 7: strategy sampled 10 clients (out of 1000)
[2023-08-02 07:48:58,682][flwr][DEBUG] - fit_round 7 received 10 results and 0 failures
[2023-08-02 07:49:00,652][flwr][INFO] - fit progress: (7, 0.12702394959926605, {'accuracy': 0.5706}, 43.9018534089555)
[2023-08-02 07:49:00,653][flwr][INFO] - evaluate_round 7: no clients selected, cancel
[2023-08-02 07:49:00,653][flwr][DEBUG] - fit_round 8: strategy sampled 10 clients (out of 1000)
[2023-08-02 07:49:02,610][flwr][DEBUG] - fit_round 8 received 10 results and 0 failures
[2023-08-02 07:49:04,352][flwr][INFO] - fit progress: (8, 0.1301196880877018, {'accuracy': 0.5093}, 47.601924141985364)
[2023-08-02 07:49:04,352][flwr][INFO] - evaluate_round 8: no clients selected, cancel
[2023-08-02 07:49:04,354][flwr][DEBUG] - fit_round 9: strategy sampled 10 clients (out of 1000)
[2023-08-02 07:49:06,406][flwr][DEBUG] - fit_round 9 received 10 results and 0 failures
[2023-08-02 07:49:08,111][flwr][INFO] - fit progress: (9, 0.12395795822441578, {'accuracy': 0.5272}, 51.361243543971796)
[2023-08-02 07:49:08,112][flwr][INFO] - evaluate_round 9: no clients selected, cancel
[2023-08-02 07:49:08,112][flwr][DEBUG] - fit_round 10: strategy sampled 10 clients (out of 1000)
[2023-08-02 07:49:09,245][flwr][DEBUG] - fit_round 10 received 10 results and 0 failures
[2023-08-02 07:49:10,869][flwr][INFO] - fit progress: (10, 0.14010594973564147, {'accuracy': 0.4744}, 54.11909040500177)
[2023-08-02 07:49:10,870][flwr][INFO] - evaluate_round 10: no clients selected, cancel
[2023-08-02 07:49:10,871][flwr][DEBUG] - fit_round 11: strategy sampled 10 clients (out of 1000)
[2023-08-02 07:49:12,207][flwr][DEBUG] - fit_round 11 received 10 results and 0 failures
[2023-08-02 07:49:13,838][flwr][INFO] - fit progress: (11, 0.10148449533879757, {'accuracy': 0.6342}, 57.08789267897373)
[2023-08-02 07:49:13,839][flwr][INFO] - evaluate_round 11: no clients selected, cancel
[2023-08-02 07:49:13,841][flwr][DEBUG] - fit_round 12: strategy sampled 10 clients (out of 1000)
[2023-08-02 07:49:14,891][flwr][DEBUG] - fit_round 12 received 10 results and 0 failures
[2023-08-02 07:49:16,654][flwr][INFO] - fit progress: (12, 0.09508257885277271, {'accuracy': 0.7142}, 59.9041157150059)
[2023-08-02 07:49:16,655][flwr][INFO] - evaluate_round 12: no clients selected, cancel
[2023-08-02 07:49:16,656][flwr][DEBUG] - fit_round 13: strategy sampled 10 clients (out of 1000)
[2023-08-02 07:49:17,678][flwr][DEBUG] - fit_round 13 received 10 results and 0 failures
[2023-08-02 07:49:19,332][flwr][INFO] - fit progress: (13, 0.08333378822803497, {'accuracy': 0.7385}, 62.58224059297936)
[2023-08-02 07:49:19,334][flwr][INFO] - evaluate_round 13: no clients selected, cancel
[2023-08-02 07:49:19,335][flwr][DEBUG] - fit_round 14: strategy sampled 10 clients (out of 1000)
[2023-08-02 07:49:20,319][flwr][DEBUG] - fit_round 14 received 10 results and 0 failures
[2023-08-02 07:49:21,874][flwr][INFO] - fit progress: (14, 0.08175792558342218, {'accuracy': 0.7495}, 65.12413799698697)
[2023-08-02 07:49:21,875][flwr][INFO] - evaluate_round 14: no clients selected, cancel
[2023-08-02 07:49:21,875][flwr][DEBUG] - fit_round 15: strategy sampled 10 clients (out of 1000)
[2023-08-02 07:49:23,448][flwr][DEBUG] - fit_round 15 received 10 results and 0 failures
[2023-08-02 07:49:25,063][flwr][INFO] - fit progress: (15, 0.08844396040439606, {'accuracy': 0.6969}, 68.31304393796017)
[2023-08-02 07:49:25,064][flwr][INFO] - evaluate_round 15: no clients selected, cancel
[2023-08-02 07:49:25,064][flwr][DEBUG] - fit_round 16: strategy sampled 10 clients (out of 1000)
[2023-08-02 07:49:26,423][flwr][DEBUG] - fit_round 16 received 10 results and 0 failures
[2023-08-02 07:49:28,079][flwr][INFO] - fit progress: (16, 0.07380376614481211, {'accuracy': 0.7922}, 71.3284090369707)
[2023-08-02 07:49:28,079][flwr][INFO] - evaluate_round 16: no clients selected, cancel
[2023-08-02 07:49:28,080][flwr][DEBUG] - fit_round 17: strategy sampled 10 clients (out of 1000)
[2023-08-02 07:49:29,187][flwr][DEBUG] - fit_round 17 received 10 results and 0 failures
[2023-08-02 07:49:30,733][flwr][INFO] - fit progress: (17, 0.08174999795258045, {'accuracy': 0.7265}, 73.98261819197796)
[2023-08-02 07:49:30,734][flwr][INFO] - evaluate_round 17: no clients selected, cancel
[2023-08-02 07:49:30,734][flwr][DEBUG] - fit_round 18: strategy sampled 10 clients (out of 1000)
[2023-08-02 07:49:31,717][flwr][DEBUG] - fit_round 18 received 10 results and 0 failures
[2023-08-02 07:49:33,365][flwr][INFO] - fit progress: (18, 0.0702721247985959, {'accuracy': 0.7777}, 76.61506855196785)
[2023-08-02 07:49:33,366][flwr][INFO] - evaluate_round 18: no clients selected, cancel
[2023-08-02 07:49:33,366][flwr][DEBUG] - fit_round 19: strategy sampled 10 clients (out of 1000)
[2023-08-02 07:49:35,178][flwr][DEBUG] - fit_round 19 received 10 results and 0 failures
[2023-08-02 07:49:36,885][flwr][INFO] - fit progress: (19, 0.07851705244630575, {'accuracy': 0.7413}, 80.13482403097441)
[2023-08-02 07:49:36,885][flwr][INFO] - evaluate_round 19: no clients selected, cancel
[2023-08-02 07:49:36,886][flwr][DEBUG] - fit_round 20: strategy sampled 10 clients (out of 1000)
[2023-08-02 07:49:38,593][flwr][DEBUG] - fit_round 20 received 10 results and 0 failures
[2023-08-02 07:49:40,332][flwr][INFO] - fit progress: (20, 0.08719620616286992, {'accuracy': 0.677}, 83.58161213598214)
[2023-08-02 07:49:40,332][flwr][INFO] - evaluate_round 20: no clients selected, cancel
[2023-08-02 07:49:40,333][flwr][DEBUG] - fit_round 21: strategy sampled 10 clients (out of 1000)
[2023-08-02 07:49:41,420][flwr][DEBUG] - fit_round 21 received 10 results and 0 failures
[2023-08-02 07:49:43,074][flwr][INFO] - fit progress: (21, 0.07049521721675991, {'accuracy': 0.7669}, 86.32334387500305)
[2023-08-02 07:49:43,074][flwr][INFO] - evaluate_round 21: no clients selected, cancel
[2023-08-02 07:49:43,074][flwr][DEBUG] - fit_round 22: strategy sampled 10 clients (out of 1000)
[2023-08-02 07:49:44,219][flwr][DEBUG] - fit_round 22 received 10 results and 0 failures
[2023-08-02 07:49:45,926][flwr][INFO] - fit progress: (22, 0.06586135019361973, {'accuracy': 0.8087}, 89.17569259897573)
[2023-08-02 07:49:45,926][flwr][INFO] - evaluate_round 22: no clients selected, cancel
[2023-08-02 07:49:45,927][flwr][DEBUG] - fit_round 23: strategy sampled 10 clients (out of 1000)
[2023-08-02 07:49:47,111][flwr][DEBUG] - fit_round 23 received 10 results and 0 failures
[2023-08-02 07:49:48,750][flwr][INFO] - fit progress: (23, 0.06759639728069305, {'accuracy': 0.795}, 91.99976786295883)
[2023-08-02 07:49:48,750][flwr][INFO] - evaluate_round 23: no clients selected, cancel
[2023-08-02 07:49:48,751][flwr][DEBUG] - fit_round 24: strategy sampled 10 clients (out of 1000)
[2023-08-02 07:49:50,409][flwr][DEBUG] - fit_round 24 received 10 results and 0 failures
[2023-08-02 07:49:52,144][flwr][INFO] - fit progress: (24, 0.0860929674655199, {'accuracy': 0.6791}, 95.39420976297697)
[2023-08-02 07:49:52,145][flwr][INFO] - evaluate_round 24: no clients selected, cancel
[2023-08-02 07:49:52,148][flwr][DEBUG] - fit_round 25: strategy sampled 10 clients (out of 1000)
[2023-08-02 07:49:53,198][flwr][DEBUG] - fit_round 25 received 10 results and 0 failures
[2023-08-02 07:49:54,797][flwr][INFO] - fit progress: (25, 0.07989527112618089, {'accuracy': 0.7094}, 98.04635058896383)
[2023-08-02 07:49:54,797][flwr][INFO] - evaluate_round 25: no clients selected, cancel
[2023-08-02 07:49:54,799][flwr][DEBUG] - fit_round 26: strategy sampled 10 clients (out of 1000)
[2023-08-02 07:49:56,042][flwr][DEBUG] - fit_round 26 received 10 results and 0 failures
[2023-08-02 07:49:57,622][flwr][INFO] - fit progress: (26, 0.08361420127898454, {'accuracy': 0.6804}, 100.87153079896234)
[2023-08-02 07:49:57,627][flwr][INFO] - evaluate_round 26: no clients selected, cancel
[2023-08-02 07:49:57,628][flwr][DEBUG] - fit_round 27: strategy sampled 10 clients (out of 1000)
[2023-08-02 07:49:58,831][flwr][DEBUG] - fit_round 27 received 10 results and 0 failures
[2023-08-02 07:50:00,464][flwr][INFO] - fit progress: (27, 0.06746990740299225, {'accuracy': 0.7661}, 103.71370729798218)
[2023-08-02 07:50:00,464][flwr][INFO] - evaluate_round 27: no clients selected, cancel
[2023-08-02 07:50:00,465][flwr][DEBUG] - fit_round 28: strategy sampled 10 clients (out of 1000)
[2023-08-02 07:50:01,499][flwr][DEBUG] - fit_round 28 received 10 results and 0 failures
[2023-08-02 07:50:03,225][flwr][INFO] - fit progress: (28, 0.05875785783678293, {'accuracy': 0.8344}, 106.47485338296974)
[2023-08-02 07:50:03,225][flwr][INFO] - evaluate_round 28: no clients selected, cancel
[2023-08-02 07:50:03,229][flwr][DEBUG] - fit_round 29: strategy sampled 10 clients (out of 1000)
[2023-08-02 07:50:04,360][flwr][DEBUG] - fit_round 29 received 10 results and 0 failures
[2023-08-02 07:50:05,955][flwr][INFO] - fit progress: (29, 0.061322606045752764, {'accuracy': 0.8224}, 109.20480431197211)
[2023-08-02 07:50:05,955][flwr][INFO] - evaluate_round 29: no clients selected, cancel
[2023-08-02 07:50:05,956][flwr][DEBUG] - fit_round 30: strategy sampled 10 clients (out of 1000)
[2023-08-02 07:50:07,256][flwr][DEBUG] - fit_round 30 received 10 results and 0 failures
[2023-08-02 07:50:08,919][flwr][INFO] - fit progress: (30, 0.07716266427785158, {'accuracy': 0.7096}, 112.1691191639984)
[2023-08-02 07:50:08,920][flwr][INFO] - evaluate_round 30: no clients selected, cancel
[2023-08-02 07:50:08,920][flwr][DEBUG] - fit_round 31: strategy sampled 10 clients (out of 1000)
[2023-08-02 07:50:10,268][flwr][DEBUG] - fit_round 31 received 10 results and 0 failures
[2023-08-02 07:50:11,984][flwr][INFO] - fit progress: (31, 0.0609749669700861, {'accuracy': 0.8144}, 115.23367274395423)
[2023-08-02 07:50:11,984][flwr][INFO] - evaluate_round 31: no clients selected, cancel
[2023-08-02 07:50:11,985][flwr][DEBUG] - fit_round 32: strategy sampled 10 clients (out of 1000)
[2023-08-02 07:50:13,414][flwr][DEBUG] - fit_round 32 received 10 results and 0 failures
[2023-08-02 07:50:14,988][flwr][INFO] - fit progress: (32, 0.05788606579601765, {'accuracy': 0.8363}, 118.23825358296745)
[2023-08-02 07:50:14,989][flwr][INFO] - evaluate_round 32: no clients selected, cancel
[2023-08-02 07:50:14,990][flwr][DEBUG] - fit_round 33: strategy sampled 10 clients (out of 1000)
[2023-08-02 07:50:16,087][flwr][DEBUG] - fit_round 33 received 10 results and 0 failures
[2023-08-02 07:50:17,842][flwr][INFO] - fit progress: (33, 0.055903024533391, {'accuracy': 0.8428}, 121.09152915299637)
[2023-08-02 07:50:17,842][flwr][INFO] - evaluate_round 33: no clients selected, cancel
[2023-08-02 07:50:17,843][flwr][DEBUG] - fit_round 34: strategy sampled 10 clients (out of 1000)
[2023-08-02 07:50:19,304][flwr][DEBUG] - fit_round 34 received 10 results and 0 failures
[2023-08-02 07:50:21,023][flwr][INFO] - fit progress: (34, 0.06631713759824634, {'accuracy': 0.7858}, 124.27300103398738)
[2023-08-02 07:50:21,024][flwr][INFO] - evaluate_round 34: no clients selected, cancel
[2023-08-02 07:50:21,024][flwr][DEBUG] - fit_round 35: strategy sampled 10 clients (out of 1000)
[2023-08-02 07:50:23,346][flwr][DEBUG] - fit_round 35 received 10 results and 0 failures
[2023-08-02 07:50:24,891][flwr][INFO] - fit progress: (35, 0.08328808490037919, {'accuracy': 0.7113}, 128.14035940699978)
[2023-08-02 07:50:24,891][flwr][INFO] - evaluate_round 35: no clients selected, cancel
[2023-08-02 07:50:24,891][flwr][DEBUG] - fit_round 36: strategy sampled 10 clients (out of 1000)
[2023-08-02 07:50:26,447][flwr][DEBUG] - fit_round 36 received 10 results and 0 failures
[2023-08-02 07:50:28,164][flwr][INFO] - fit progress: (36, 0.06038912323564291, {'accuracy': 0.8194}, 131.41404402500484)
[2023-08-02 07:50:28,165][flwr][INFO] - evaluate_round 36: no clients selected, cancel
[2023-08-02 07:50:28,166][flwr][DEBUG] - fit_round 37: strategy sampled 10 clients (out of 1000)
[2023-08-02 07:50:29,150][flwr][DEBUG] - fit_round 37 received 10 results and 0 failures
[2023-08-02 07:50:30,833][flwr][INFO] - fit progress: (37, 0.06113106442838907, {'accuracy': 0.8162}, 134.08236173400655)
[2023-08-02 07:50:30,833][flwr][INFO] - evaluate_round 37: no clients selected, cancel
[2023-08-02 07:50:30,833][flwr][DEBUG] - fit_round 38: strategy sampled 10 clients (out of 1000)
[2023-08-02 07:50:32,073][flwr][DEBUG] - fit_round 38 received 10 results and 0 failures
[2023-08-02 07:50:33,742][flwr][INFO] - fit progress: (38, 0.06632381413802504, {'accuracy': 0.7843}, 136.9922914079507)
[2023-08-02 07:50:33,743][flwr][INFO] - evaluate_round 38: no clients selected, cancel
[2023-08-02 07:50:33,743][flwr][DEBUG] - fit_round 39: strategy sampled 10 clients (out of 1000)
[2023-08-02 07:50:34,972][flwr][DEBUG] - fit_round 39 received 10 results and 0 failures
[2023-08-02 07:50:36,520][flwr][INFO] - fit progress: (39, 0.06834667006060481, {'accuracy': 0.7639}, 139.76999487698777)
[2023-08-02 07:50:36,521][flwr][INFO] - evaluate_round 39: no clients selected, cancel
[2023-08-02 07:50:36,521][flwr][DEBUG] - fit_round 40: strategy sampled 10 clients (out of 1000)
[2023-08-02 07:50:37,638][flwr][DEBUG] - fit_round 40 received 10 results and 0 failures
[2023-08-02 07:50:39,253][flwr][INFO] - fit progress: (40, 0.07463973045647145, {'accuracy': 0.7363}, 142.503184200963)
[2023-08-02 07:50:39,254][flwr][INFO] - evaluate_round 40: no clients selected, cancel
[2023-08-02 07:50:39,254][flwr][DEBUG] - fit_round 41: strategy sampled 10 clients (out of 1000)
[2023-08-02 07:50:40,318][flwr][DEBUG] - fit_round 41 received 10 results and 0 failures
[2023-08-02 07:50:42,068][flwr][INFO] - fit progress: (41, 0.05599399714842439, {'accuracy': 0.8357}, 145.31804092397215)
[2023-08-02 07:50:42,069][flwr][INFO] - evaluate_round 41: no clients selected, cancel
[2023-08-02 07:50:42,069][flwr][DEBUG] - fit_round 42: strategy sampled 10 clients (out of 1000)
[2023-08-02 07:50:43,241][flwr][DEBUG] - fit_round 42 received 10 results and 0 failures
[2023-08-02 07:50:44,818][flwr][INFO] - fit progress: (42, 0.054050260320305826, {'accuracy': 0.8514}, 148.06741437595338)
[2023-08-02 07:50:44,818][flwr][INFO] - evaluate_round 42: no clients selected, cancel
[2023-08-02 07:50:44,819][flwr][DEBUG] - fit_round 43: strategy sampled 10 clients (out of 1000)
[2023-08-02 07:50:46,247][flwr][DEBUG] - fit_round 43 received 10 results and 0 failures
[2023-08-02 07:50:47,822][flwr][INFO] - fit progress: (43, 0.05872698225080967, {'accuracy': 0.8315}, 151.07174522499554)
[2023-08-02 07:50:47,823][flwr][INFO] - evaluate_round 43: no clients selected, cancel
[2023-08-02 07:50:47,826][flwr][DEBUG] - fit_round 44: strategy sampled 10 clients (out of 1000)
[2023-08-02 07:50:48,961][flwr][DEBUG] - fit_round 44 received 10 results and 0 failures
[2023-08-02 07:50:50,599][flwr][INFO] - fit progress: (44, 0.05133894093632698, {'accuracy': 0.8622}, 153.84906859794864)
[2023-08-02 07:50:50,600][flwr][INFO] - evaluate_round 44: no clients selected, cancel
[2023-08-02 07:50:50,600][flwr][DEBUG] - fit_round 45: strategy sampled 10 clients (out of 1000)
[2023-08-02 07:50:53,117][flwr][DEBUG] - fit_round 45 received 10 results and 0 failures
[2023-08-02 07:50:54,778][flwr][INFO] - fit progress: (45, 0.06974530867487193, {'accuracy': 0.7757}, 158.02733315899968)
[2023-08-02 07:50:54,778][flwr][INFO] - evaluate_round 45: no clients selected, cancel
[2023-08-02 07:50:54,778][flwr][DEBUG] - fit_round 46: strategy sampled 10 clients (out of 1000)
[2023-08-02 07:50:56,022][flwr][DEBUG] - fit_round 46 received 10 results and 0 failures
[2023-08-02 07:50:57,631][flwr][INFO] - fit progress: (46, 0.053868607899546624, {'accuracy': 0.8518}, 160.8810921489494)
[2023-08-02 07:50:57,632][flwr][INFO] - evaluate_round 46: no clients selected, cancel
[2023-08-02 07:50:57,632][flwr][DEBUG] - fit_round 47: strategy sampled 10 clients (out of 1000)
[2023-08-02 07:50:58,870][flwr][DEBUG] - fit_round 47 received 10 results and 0 failures
[2023-08-02 07:51:00,497][flwr][INFO] - fit progress: (47, 0.054613011852651834, {'accuracy': 0.8426}, 163.7472813379718)
[2023-08-02 07:51:00,498][flwr][INFO] - evaluate_round 47: no clients selected, cancel
[2023-08-02 07:51:00,498][flwr][DEBUG] - fit_round 48: strategy sampled 10 clients (out of 1000)
[2023-08-02 07:51:01,831][flwr][DEBUG] - fit_round 48 received 10 results and 0 failures
[2023-08-02 07:51:03,551][flwr][INFO] - fit progress: (48, 0.05652529396042228, {'accuracy': 0.8391}, 166.8006498189643)
[2023-08-02 07:51:03,551][flwr][INFO] - evaluate_round 48: no clients selected, cancel
[2023-08-02 07:51:03,554][flwr][DEBUG] - fit_round 49: strategy sampled 10 clients (out of 1000)
[2023-08-02 07:51:04,680][flwr][DEBUG] - fit_round 49 received 10 results and 0 failures
[2023-08-02 07:51:06,307][flwr][INFO] - fit progress: (49, 0.05142449813634157, {'accuracy': 0.8573}, 169.55689697200432)
[2023-08-02 07:51:06,307][flwr][INFO] - evaluate_round 49: no clients selected, cancel
[2023-08-02 07:51:06,308][flwr][DEBUG] - fit_round 50: strategy sampled 10 clients (out of 1000)
[2023-08-02 07:51:07,376][flwr][DEBUG] - fit_round 50 received 10 results and 0 failures
[2023-08-02 07:51:08,888][flwr][INFO] - fit progress: (50, 0.0654683300204575, {'accuracy': 0.7817}, 172.13810767797986)
[2023-08-02 07:51:08,889][flwr][INFO] - evaluate_round 50: no clients selected, cancel
[2023-08-02 07:51:08,893][flwr][DEBUG] - fit_round 51: strategy sampled 10 clients (out of 1000)
[2023-08-02 07:51:09,879][flwr][DEBUG] - fit_round 51 received 10 results and 0 failures
[2023-08-02 07:51:11,450][flwr][INFO] - fit progress: (51, 0.05224052339941263, {'accuracy': 0.847}, 174.69960499496665)
[2023-08-02 07:51:11,451][flwr][INFO] - evaluate_round 51: no clients selected, cancel
[2023-08-02 07:51:11,451][flwr][DEBUG] - fit_round 52: strategy sampled 10 clients (out of 1000)
[2023-08-02 07:51:12,891][flwr][DEBUG] - fit_round 52 received 10 results and 0 failures
[2023-08-02 07:51:14,569][flwr][INFO] - fit progress: (52, 0.057370985977351664, {'accuracy': 0.8159}, 177.8186863969895)
[2023-08-02 07:51:14,569][flwr][INFO] - evaluate_round 52: no clients selected, cancel
[2023-08-02 07:51:14,570][flwr][DEBUG] - fit_round 53: strategy sampled 10 clients (out of 1000)
[2023-08-02 07:51:15,587][flwr][DEBUG] - fit_round 53 received 10 results and 0 failures
[2023-08-02 07:51:17,207][flwr][INFO] - fit progress: (53, 0.053064103992655876, {'accuracy': 0.8463}, 180.45661593496334)
[2023-08-02 07:51:17,207][flwr][INFO] - evaluate_round 53: no clients selected, cancel
[2023-08-02 07:51:17,208][flwr][DEBUG] - fit_round 54: strategy sampled 10 clients (out of 1000)
[2023-08-02 07:51:18,494][flwr][DEBUG] - fit_round 54 received 10 results and 0 failures
[2023-08-02 07:51:20,072][flwr][INFO] - fit progress: (54, 0.05046818047314882, {'accuracy': 0.8529}, 183.32215566700324)
[2023-08-02 07:51:20,073][flwr][INFO] - evaluate_round 54: no clients selected, cancel
[2023-08-02 07:51:20,075][flwr][DEBUG] - fit_round 55: strategy sampled 10 clients (out of 1000)
[2023-08-02 07:51:21,432][flwr][DEBUG] - fit_round 55 received 10 results and 0 failures
[2023-08-02 07:51:23,116][flwr][INFO] - fit progress: (55, 0.047546345673501494, {'accuracy': 0.8705}, 186.36609530099668)
[2023-08-02 07:51:23,117][flwr][INFO] - evaluate_round 55: no clients selected, cancel
[2023-08-02 07:51:23,117][flwr][DEBUG] - fit_round 56: strategy sampled 10 clients (out of 1000)
[2023-08-02 07:51:24,439][flwr][DEBUG] - fit_round 56 received 10 results and 0 failures
[2023-08-02 07:51:25,932][flwr][INFO] - fit progress: (56, 0.049060541484504935, {'accuracy': 0.8546}, 189.1818116309587)
[2023-08-02 07:51:25,932][flwr][INFO] - evaluate_round 56: no clients selected, cancel
[2023-08-02 07:51:25,933][flwr][DEBUG] - fit_round 57: strategy sampled 10 clients (out of 1000)
[2023-08-02 07:51:27,508][flwr][DEBUG] - fit_round 57 received 10 results and 0 failures
[2023-08-02 07:51:29,060][flwr][INFO] - fit progress: (57, 0.05503812446296215, {'accuracy': 0.826}, 192.31000427296385)
[2023-08-02 07:51:29,061][flwr][INFO] - evaluate_round 57: no clients selected, cancel
[2023-08-02 07:51:29,061][flwr][DEBUG] - fit_round 58: strategy sampled 10 clients (out of 1000)
[2023-08-02 07:51:30,294][flwr][DEBUG] - fit_round 58 received 10 results and 0 failures
[2023-08-02 07:51:31,860][flwr][INFO] - fit progress: (58, 0.05682263398468494, {'accuracy': 0.8083}, 195.11006351100514)
[2023-08-02 07:51:31,861][flwr][INFO] - evaluate_round 58: no clients selected, cancel
[2023-08-02 07:51:31,861][flwr][DEBUG] - fit_round 59: strategy sampled 10 clients (out of 1000)
[2023-08-02 07:51:33,235][flwr][DEBUG] - fit_round 59 received 10 results and 0 failures
[2023-08-02 07:51:34,884][flwr][INFO] - fit progress: (59, 0.05345508963316679, {'accuracy': 0.832}, 198.13352637796197)
[2023-08-02 07:51:34,884][flwr][INFO] - evaluate_round 59: no clients selected, cancel
[2023-08-02 07:51:34,884][flwr][DEBUG] - fit_round 60: strategy sampled 10 clients (out of 1000)
[2023-08-02 07:51:35,839][flwr][DEBUG] - fit_round 60 received 10 results and 0 failures
[2023-08-02 07:51:37,534][flwr][INFO] - fit progress: (60, 0.051242789620906115, {'accuracy': 0.8422}, 200.78418946900638)
[2023-08-02 07:51:37,535][flwr][INFO] - evaluate_round 60: no clients selected, cancel
[2023-08-02 07:51:37,535][flwr][DEBUG] - fit_round 61: strategy sampled 10 clients (out of 1000)
[2023-08-02 07:51:41,978][flwr][DEBUG] - fit_round 61 received 10 results and 0 failures
[2023-08-02 07:51:43,575][flwr][INFO] - fit progress: (61, 0.049698699657619, {'accuracy': 0.8504}, 206.82484793296317)
[2023-08-02 07:51:43,576][flwr][INFO] - evaluate_round 61: no clients selected, cancel
[2023-08-02 07:51:43,576][flwr][DEBUG] - fit_round 62: strategy sampled 10 clients (out of 1000)
[2023-08-02 07:51:45,074][flwr][DEBUG] - fit_round 62 received 10 results and 0 failures
[2023-08-02 07:51:46,946][flwr][INFO] - fit progress: (62, 0.04635380199365318, {'accuracy': 0.8682}, 210.1959826629609)
[2023-08-02 07:51:46,947][flwr][INFO] - evaluate_round 62: no clients selected, cancel
[2023-08-02 07:51:46,948][flwr][DEBUG] - fit_round 63: strategy sampled 10 clients (out of 1000)
[2023-08-02 07:51:48,175][flwr][DEBUG] - fit_round 63 received 10 results and 0 failures
[2023-08-02 07:51:49,779][flwr][INFO] - fit progress: (63, 0.05167077903598547, {'accuracy': 0.8381}, 213.02847976400517)
[2023-08-02 07:51:49,779][flwr][INFO] - evaluate_round 63: no clients selected, cancel
[2023-08-02 07:51:49,780][flwr][DEBUG] - fit_round 64: strategy sampled 10 clients (out of 1000)
[2023-08-02 07:51:50,897][flwr][DEBUG] - fit_round 64 received 10 results and 0 failures
[2023-08-02 07:51:52,530][flwr][INFO] - fit progress: (64, 0.045963217126950624, {'accuracy': 0.8681}, 215.77992042695405)
[2023-08-02 07:51:52,531][flwr][INFO] - evaluate_round 64: no clients selected, cancel
[2023-08-02 07:51:52,532][flwr][DEBUG] - fit_round 65: strategy sampled 10 clients (out of 1000)
[2023-08-02 07:51:54,560][flwr][DEBUG] - fit_round 65 received 10 results and 0 failures
[2023-08-02 07:51:56,128][flwr][INFO] - fit progress: (65, 0.04502833354882896, {'accuracy': 0.8682}, 219.37802878796356)
[2023-08-02 07:51:56,129][flwr][INFO] - evaluate_round 65: no clients selected, cancel
[2023-08-02 07:51:56,129][flwr][DEBUG] - fit_round 66: strategy sampled 10 clients (out of 1000)
[2023-08-02 07:51:57,170][flwr][DEBUG] - fit_round 66 received 10 results and 0 failures
[2023-08-02 07:51:58,823][flwr][INFO] - fit progress: (66, 0.04654842198379338, {'accuracy': 0.856}, 222.07235697796568)
[2023-08-02 07:51:58,823][flwr][INFO] - evaluate_round 66: no clients selected, cancel
[2023-08-02 07:51:58,823][flwr][DEBUG] - fit_round 67: strategy sampled 10 clients (out of 1000)
[2023-08-02 07:52:01,473][flwr][DEBUG] - fit_round 67 received 10 results and 0 failures
[2023-08-02 07:52:03,113][flwr][INFO] - fit progress: (67, 0.06701268139109015, {'accuracy': 0.7372}, 226.36293253995245)
[2023-08-02 07:52:03,114][flwr][INFO] - evaluate_round 67: no clients selected, cancel
[2023-08-02 07:52:03,114][flwr][DEBUG] - fit_round 68: strategy sampled 10 clients (out of 1000)
[2023-08-02 07:52:04,495][flwr][DEBUG] - fit_round 68 received 10 results and 0 failures
[2023-08-02 07:52:06,058][flwr][INFO] - fit progress: (68, 0.058213333544880154, {'accuracy': 0.7997}, 229.30759255000157)
[2023-08-02 07:52:06,058][flwr][INFO] - evaluate_round 68: no clients selected, cancel
[2023-08-02 07:52:06,060][flwr][DEBUG] - fit_round 69: strategy sampled 10 clients (out of 1000)
[2023-08-02 07:52:07,303][flwr][DEBUG] - fit_round 69 received 10 results and 0 failures
[2023-08-02 07:52:08,944][flwr][INFO] - fit progress: (69, 0.053468867647647855, {'accuracy': 0.8228}, 232.19383057398954)
[2023-08-02 07:52:08,945][flwr][INFO] - evaluate_round 69: no clients selected, cancel
[2023-08-02 07:52:08,946][flwr][DEBUG] - fit_round 70: strategy sampled 10 clients (out of 1000)
[2023-08-02 07:52:09,868][flwr][DEBUG] - fit_round 70 received 10 results and 0 failures
[2023-08-02 07:52:11,411][flwr][INFO] - fit progress: (70, 0.04747909939792007, {'accuracy': 0.8564}, 234.66074238397414)
[2023-08-02 07:52:11,411][flwr][INFO] - evaluate_round 70: no clients selected, cancel
[2023-08-02 07:52:11,412][flwr][DEBUG] - fit_round 71: strategy sampled 10 clients (out of 1000)
[2023-08-02 07:52:12,404][flwr][DEBUG] - fit_round 71 received 10 results and 0 failures
[2023-08-02 07:52:13,952][flwr][INFO] - fit progress: (71, 0.05548043671734631, {'accuracy': 0.8241}, 237.20198712300044)
[2023-08-02 07:52:13,953][flwr][INFO] - evaluate_round 71: no clients selected, cancel
[2023-08-02 07:52:13,953][flwr][DEBUG] - fit_round 72: strategy sampled 10 clients (out of 1000)
[2023-08-02 07:52:14,997][flwr][DEBUG] - fit_round 72 received 10 results and 0 failures
[2023-08-02 07:52:16,627][flwr][INFO] - fit progress: (72, 0.04534414185024798, {'accuracy': 0.8758}, 239.87688678398263)
[2023-08-02 07:52:16,627][flwr][INFO] - evaluate_round 72: no clients selected, cancel
[2023-08-02 07:52:16,647][flwr][DEBUG] - fit_round 73: strategy sampled 10 clients (out of 1000)
[2023-08-02 07:52:18,681][flwr][DEBUG] - fit_round 73 received 10 results and 0 failures
[2023-08-02 07:52:20,298][flwr][INFO] - fit progress: (73, 0.05115452033057809, {'accuracy': 0.8416}, 243.54732659395086)
[2023-08-02 07:52:20,298][flwr][INFO] - evaluate_round 73: no clients selected, cancel
[2023-08-02 07:52:20,298][flwr][DEBUG] - fit_round 74: strategy sampled 10 clients (out of 1000)
[2023-08-02 07:52:22,002][flwr][DEBUG] - fit_round 74 received 10 results and 0 failures
[2023-08-02 07:52:23,681][flwr][INFO] - fit progress: (74, 0.0475878227237612, {'accuracy': 0.8593}, 246.93114665499888)
[2023-08-02 07:52:23,682][flwr][INFO] - evaluate_round 74: no clients selected, cancel
[2023-08-02 07:52:23,683][flwr][DEBUG] - fit_round 75: strategy sampled 10 clients (out of 1000)
[2023-08-02 07:52:24,848][flwr][DEBUG] - fit_round 75 received 10 results and 0 failures
[2023-08-02 07:52:26,519][flwr][INFO] - fit progress: (75, 0.05317923502027989, {'accuracy': 0.82}, 249.7684396939585)
[2023-08-02 07:52:26,519][flwr][INFO] - evaluate_round 75: no clients selected, cancel
[2023-08-02 07:52:26,520][flwr][DEBUG] - fit_round 76: strategy sampled 10 clients (out of 1000)
[2023-08-02 07:52:27,851][flwr][DEBUG] - fit_round 76 received 10 results and 0 failures
[2023-08-02 07:52:29,407][flwr][INFO] - fit progress: (76, 0.05449212910607457, {'accuracy': 0.8141}, 252.6573086429853)
[2023-08-02 07:52:29,408][flwr][INFO] - evaluate_round 76: no clients selected, cancel
[2023-08-02 07:52:29,409][flwr][DEBUG] - fit_round 77: strategy sampled 10 clients (out of 1000)
[2023-08-02 07:52:30,477][flwr][DEBUG] - fit_round 77 received 10 results and 0 failures
[2023-08-02 07:52:32,155][flwr][INFO] - fit progress: (77, 0.04948129839785397, {'accuracy': 0.8504}, 255.40451079700142)
[2023-08-02 07:52:32,155][flwr][INFO] - evaluate_round 77: no clients selected, cancel
[2023-08-02 07:52:32,157][flwr][DEBUG] - fit_round 78: strategy sampled 10 clients (out of 1000)
[2023-08-02 07:52:33,495][flwr][DEBUG] - fit_round 78 received 10 results and 0 failures
[2023-08-02 07:52:35,137][flwr][INFO] - fit progress: (78, 0.051276372737810015, {'accuracy': 0.8245}, 258.3866062469897)
[2023-08-02 07:52:35,137][flwr][INFO] - evaluate_round 78: no clients selected, cancel
[2023-08-02 07:52:35,138][flwr][DEBUG] - fit_round 79: strategy sampled 10 clients (out of 1000)
[2023-08-02 07:52:36,121][flwr][DEBUG] - fit_round 79 received 10 results and 0 failures
[2023-08-02 07:52:37,818][flwr][INFO] - fit progress: (79, 0.046333025838807225, {'accuracy': 0.8578}, 261.067878019996)
[2023-08-02 07:52:37,819][flwr][INFO] - evaluate_round 79: no clients selected, cancel
[2023-08-02 07:52:37,819][flwr][DEBUG] - fit_round 80: strategy sampled 10 clients (out of 1000)
[2023-08-02 07:52:38,860][flwr][DEBUG] - fit_round 80 received 10 results and 0 failures
[2023-08-02 07:52:40,814][flwr][INFO] - fit progress: (80, 0.04707151144947857, {'accuracy': 0.8497}, 264.0634705039556)
[2023-08-02 07:52:40,815][flwr][INFO] - evaluate_round 80: no clients selected, cancel
[2023-08-02 07:52:40,818][flwr][DEBUG] - fit_round 81: strategy sampled 10 clients (out of 1000)
[2023-08-02 07:52:43,167][flwr][DEBUG] - fit_round 81 received 10 results and 0 failures
[2023-08-02 07:52:44,910][flwr][INFO] - fit progress: (81, 0.084495145188272, {'accuracy': 0.6667}, 268.1600405659992)
[2023-08-02 07:52:44,911][flwr][INFO] - evaluate_round 81: no clients selected, cancel
[2023-08-02 07:52:44,912][flwr][DEBUG] - fit_round 82: strategy sampled 10 clients (out of 1000)
[2023-08-02 07:52:46,389][flwr][DEBUG] - fit_round 82 received 10 results and 0 failures
[2023-08-02 07:52:47,902][flwr][INFO] - fit progress: (82, 0.05855091230459511, {'accuracy': 0.7872}, 271.1515532389749)
[2023-08-02 07:52:47,902][flwr][INFO] - evaluate_round 82: no clients selected, cancel
[2023-08-02 07:52:47,903][flwr][DEBUG] - fit_round 83: strategy sampled 10 clients (out of 1000)
[2023-08-02 07:52:49,454][flwr][DEBUG] - fit_round 83 received 10 results and 0 failures
[2023-08-02 07:52:51,149][flwr][INFO] - fit progress: (83, 0.05537409836184234, {'accuracy': 0.8076}, 274.3986388539779)
[2023-08-02 07:52:51,149][flwr][INFO] - evaluate_round 83: no clients selected, cancel
[2023-08-02 07:52:51,150][flwr][DEBUG] - fit_round 84: strategy sampled 10 clients (out of 1000)
[2023-08-02 07:52:52,570][flwr][DEBUG] - fit_round 84 received 10 results and 0 failures
[2023-08-02 07:52:54,343][flwr][INFO] - fit progress: (84, 0.041923901987820866, {'accuracy': 0.881}, 277.59287198696984)
[2023-08-02 07:52:54,343][flwr][INFO] - evaluate_round 84: no clients selected, cancel
[2023-08-02 07:52:54,345][flwr][DEBUG] - fit_round 85: strategy sampled 10 clients (out of 1000)
[2023-08-02 07:52:55,368][flwr][DEBUG] - fit_round 85 received 10 results and 0 failures
[2023-08-02 07:52:57,934][flwr][INFO] - fit progress: (85, 0.04470712142549455, {'accuracy': 0.8661}, 281.1841530659585)
[2023-08-02 07:52:57,935][flwr][INFO] - evaluate_round 85: no clients selected, cancel
[2023-08-02 07:52:57,936][flwr][DEBUG] - fit_round 86: strategy sampled 10 clients (out of 1000)
[2023-08-02 07:52:59,299][flwr][DEBUG] - fit_round 86 received 10 results and 0 failures
[2023-08-02 07:53:00,989][flwr][INFO] - fit progress: (86, 0.05033259080722928, {'accuracy': 0.83}, 284.23834949196316)
[2023-08-02 07:53:00,989][flwr][INFO] - evaluate_round 86: no clients selected, cancel
[2023-08-02 07:53:00,989][flwr][DEBUG] - fit_round 87: strategy sampled 10 clients (out of 1000)
[2023-08-02 07:53:02,105][flwr][DEBUG] - fit_round 87 received 10 results and 0 failures
[2023-08-02 07:53:03,892][flwr][INFO] - fit progress: (87, 0.04458023011907935, {'accuracy': 0.8618}, 287.14157558698207)
[2023-08-02 07:53:03,892][flwr][INFO] - evaluate_round 87: no clients selected, cancel
[2023-08-02 07:53:03,893][flwr][DEBUG] - fit_round 88: strategy sampled 10 clients (out of 1000)
[2023-08-02 07:53:04,948][flwr][DEBUG] - fit_round 88 received 10 results and 0 failures
[2023-08-02 07:53:06,759][flwr][INFO] - fit progress: (88, 0.04482841295450926, {'accuracy': 0.8653}, 290.00881266297074)
[2023-08-02 07:53:06,759][flwr][INFO] - evaluate_round 88: no clients selected, cancel
[2023-08-02 07:53:06,760][flwr][DEBUG] - fit_round 89: strategy sampled 10 clients (out of 1000)
[2023-08-02 07:53:07,863][flwr][DEBUG] - fit_round 89 received 10 results and 0 failures
[2023-08-02 07:53:09,527][flwr][INFO] - fit progress: (89, 0.0429726640984416, {'accuracy': 0.8766}, 292.7767206679564)
[2023-08-02 07:53:09,531][flwr][INFO] - evaluate_round 89: no clients selected, cancel
[2023-08-02 07:53:09,531][flwr][DEBUG] - fit_round 90: strategy sampled 10 clients (out of 1000)
[2023-08-02 07:53:10,646][flwr][DEBUG] - fit_round 90 received 10 results and 0 failures
[2023-08-02 07:53:12,252][flwr][INFO] - fit progress: (90, 0.04107058083768934, {'accuracy': 0.885}, 295.5013644329738)
[2023-08-02 07:53:12,252][flwr][INFO] - evaluate_round 90: no clients selected, cancel
[2023-08-02 07:53:12,253][flwr][DEBUG] - fit_round 91: strategy sampled 10 clients (out of 1000)
[2023-08-02 07:53:13,299][flwr][DEBUG] - fit_round 91 received 10 results and 0 failures
[2023-08-02 07:53:15,016][flwr][INFO] - fit progress: (91, 0.04345518148206175, {'accuracy': 0.8679}, 298.2656497809803)
[2023-08-02 07:53:15,016][flwr][INFO] - evaluate_round 91: no clients selected, cancel
[2023-08-02 07:53:15,017][flwr][DEBUG] - fit_round 92: strategy sampled 10 clients (out of 1000)
[2023-08-02 07:53:16,850][flwr][DEBUG] - fit_round 92 received 10 results and 0 failures
[2023-08-02 07:53:18,567][flwr][INFO] - fit progress: (92, 0.04311440395694226, {'accuracy': 0.8697}, 301.81634769798256)
[2023-08-02 07:53:18,567][flwr][INFO] - evaluate_round 92: no clients selected, cancel
[2023-08-02 07:53:18,567][flwr][DEBUG] - fit_round 93: strategy sampled 10 clients (out of 1000)
[2023-08-02 07:53:20,197][flwr][DEBUG] - fit_round 93 received 10 results and 0 failures
[2023-08-02 07:53:21,816][flwr][INFO] - fit progress: (93, 0.04395090605933219, {'accuracy': 0.8632}, 305.065870994993)
[2023-08-02 07:53:21,816][flwr][INFO] - evaluate_round 93: no clients selected, cancel
[2023-08-02 07:53:21,817][flwr][DEBUG] - fit_round 94: strategy sampled 10 clients (out of 1000)
[2023-08-02 07:53:22,947][flwr][DEBUG] - fit_round 94 received 10 results and 0 failures
[2023-08-02 07:53:24,543][flwr][INFO] - fit progress: (94, 0.05045697652157396, {'accuracy': 0.8374}, 307.792921988992)
[2023-08-02 07:53:24,543][flwr][INFO] - evaluate_round 94: no clients selected, cancel
[2023-08-02 07:53:24,545][flwr][DEBUG] - fit_round 95: strategy sampled 10 clients (out of 1000)
[2023-08-02 07:53:25,626][flwr][DEBUG] - fit_round 95 received 10 results and 0 failures
[2023-08-02 07:53:27,504][flwr][INFO] - fit progress: (95, 0.04522714903056622, {'accuracy': 0.8577}, 310.75406110897893)
[2023-08-02 07:53:27,505][flwr][INFO] - evaluate_round 95: no clients selected, cancel
[2023-08-02 07:53:27,505][flwr][DEBUG] - fit_round 96: strategy sampled 10 clients (out of 1000)
[2023-08-02 07:53:28,463][flwr][DEBUG] - fit_round 96 received 10 results and 0 failures
[2023-08-02 07:53:30,203][flwr][INFO] - fit progress: (96, 0.043745289965718984, {'accuracy': 0.8661}, 313.4524856240023)
[2023-08-02 07:53:30,203][flwr][INFO] - evaluate_round 96: no clients selected, cancel
[2023-08-02 07:53:30,203][flwr][DEBUG] - fit_round 97: strategy sampled 10 clients (out of 1000)
[2023-08-02 07:53:31,205][flwr][DEBUG] - fit_round 97 received 10 results and 0 failures
[2023-08-02 07:53:32,875][flwr][INFO] - fit progress: (97, 0.043712653885409236, {'accuracy': 0.8683}, 316.1248339659651)
[2023-08-02 07:53:32,875][flwr][INFO] - evaluate_round 97: no clients selected, cancel
[2023-08-02 07:53:32,876][flwr][DEBUG] - fit_round 98: strategy sampled 10 clients (out of 1000)
[2023-08-02 07:53:33,977][flwr][DEBUG] - fit_round 98 received 10 results and 0 failures
[2023-08-02 07:53:35,476][flwr][INFO] - fit progress: (98, 0.04371749799326062, {'accuracy': 0.8685}, 318.7260285419761)
[2023-08-02 07:53:35,477][flwr][INFO] - evaluate_round 98: no clients selected, cancel
[2023-08-02 07:53:35,477][flwr][DEBUG] - fit_round 99: strategy sampled 10 clients (out of 1000)
[2023-08-02 07:53:36,479][flwr][DEBUG] - fit_round 99 received 10 results and 0 failures
[2023-08-02 07:53:38,000][flwr][INFO] - fit progress: (99, 0.042531633021309974, {'accuracy': 0.8739}, 321.24950467498275)
[2023-08-02 07:53:38,000][flwr][INFO] - evaluate_round 99: no clients selected, cancel
[2023-08-02 07:53:38,000][flwr][DEBUG] - fit_round 100: strategy sampled 10 clients (out of 1000)
[2023-08-02 07:53:38,533][flwr][DEBUG] - fit_round 100 received 10 results and 0 failures
[2023-08-02 07:53:39,250][flwr][INFO] - fit progress: (100, 0.0433415248118341, {'accuracy': 0.8683}, 322.49990462197457)
[2023-08-02 07:53:39,250][flwr][INFO] - evaluate_round 100: no clients selected, cancel
[2023-08-02 07:53:39,250][flwr][INFO] - FL finished in 322.5002021469991
[2023-08-02 07:53:39,252][flwr][INFO] - app_fit: losses_distributed []
[2023-08-02 07:53:39,253][flwr][INFO] - app_fit: metrics_distributed {}
[2023-08-02 07:53:39,253][flwr][INFO] - app_fit: losses_centralized [(0, 0.23815250290632248), (1, 0.20265569591522217), (2, 0.17695011645555497), (3, 0.21376378091573714), (4, 0.16295062908530236), (5, 0.18239402581453323), (6, 0.21923975166082382), (7, 0.12702394959926605), (8, 0.1301196880877018), (9, 0.12395795822441578), (10, 0.14010594973564147), (11, 0.10148449533879757), (12, 0.09508257885277271), (13, 0.08333378822803497), (14, 0.08175792558342218), (15, 0.08844396040439606), (16, 0.07380376614481211), (17, 0.08174999795258045), (18, 0.0702721247985959), (19, 0.07851705244630575), (20, 0.08719620616286992), (21, 0.07049521721675991), (22, 0.06586135019361973), (23, 0.06759639728069305), (24, 0.0860929674655199), (25, 0.07989527112618089), (26, 0.08361420127898454), (27, 0.06746990740299225), (28, 0.05875785783678293), (29, 0.061322606045752764), (30, 0.07716266427785158), (31, 0.0609749669700861), (32, 0.05788606579601765), (33, 0.055903024533391), (34, 0.06631713759824634), (35, 0.08328808490037919), (36, 0.06038912323564291), (37, 0.06113106442838907), (38, 0.06632381413802504), (39, 0.06834667006060481), (40, 0.07463973045647145), (41, 0.05599399714842439), (42, 0.054050260320305826), (43, 0.05872698225080967), (44, 0.05133894093632698), (45, 0.06974530867487193), (46, 0.053868607899546624), (47, 0.054613011852651834), (48, 0.05652529396042228), (49, 0.05142449813634157), (50, 0.0654683300204575), (51, 0.05224052339941263), (52, 0.057370985977351664), (53, 0.053064103992655876), (54, 0.05046818047314882), (55, 0.047546345673501494), (56, 0.049060541484504935), (57, 0.05503812446296215), (58, 0.05682263398468494), (59, 0.05345508963316679), (60, 0.051242789620906115), (61, 0.049698699657619), (62, 0.04635380199365318), (63, 0.05167077903598547), (64, 0.045963217126950624), (65, 0.04502833354882896), (66, 0.04654842198379338), (67, 0.06701268139109015), (68, 0.058213333544880154), (69, 0.053468867647647855), (70, 0.04747909939792007), (71, 0.05548043671734631), (72, 0.04534414185024798), (73, 0.05115452033057809), (74, 0.0475878227237612), (75, 0.05317923502027989), (76, 0.05449212910607457), (77, 0.04948129839785397), (78, 0.051276372737810015), (79, 0.046333025838807225), (80, 0.04707151144947857), (81, 0.084495145188272), (82, 0.05855091230459511), (83, 0.05537409836184234), (84, 0.041923901987820866), (85, 0.04470712142549455), (86, 0.05033259080722928), (87, 0.04458023011907935), (88, 0.04482841295450926), (89, 0.0429726640984416), (90, 0.04107058083768934), (91, 0.04345518148206175), (92, 0.04311440395694226), (93, 0.04395090605933219), (94, 0.05045697652157396), (95, 0.04522714903056622), (96, 0.043745289965718984), (97, 0.043712653885409236), (98, 0.04371749799326062), (99, 0.042531633021309974), (100, 0.0433415248118341)]
[2023-08-02 07:53:39,253][flwr][INFO] - app_fit: metrics_centralized {'accuracy': [(0, 0.1283), (1, 0.307), (2, 0.5027), (3, 0.1637), (4, 0.4644), (5, 0.3644), (6, 0.2319), (7, 0.5706), (8, 0.5093), (9, 0.5272), (10, 0.4744), (11, 0.6342), (12, 0.7142), (13, 0.7385), (14, 0.7495), (15, 0.6969), (16, 0.7922), (17, 0.7265), (18, 0.7777), (19, 0.7413), (20, 0.677), (21, 0.7669), (22, 0.8087), (23, 0.795), (24, 0.6791), (25, 0.7094), (26, 0.6804), (27, 0.7661), (28, 0.8344), (29, 0.8224), (30, 0.7096), (31, 0.8144), (32, 0.8363), (33, 0.8428), (34, 0.7858), (35, 0.7113), (36, 0.8194), (37, 0.8162), (38, 0.7843), (39, 0.7639), (40, 0.7363), (41, 0.8357), (42, 0.8514), (43, 0.8315), (44, 0.8622), (45, 0.7757), (46, 0.8518), (47, 0.8426), (48, 0.8391), (49, 0.8573), (50, 0.7817), (51, 0.847), (52, 0.8159), (53, 0.8463), (54, 0.8529), (55, 0.8705), (56, 0.8546), (57, 0.826), (58, 0.8083), (59, 0.832), (60, 0.8422), (61, 0.8504), (62, 0.8682), (63, 0.8381), (64, 0.8681), (65, 0.8682), (66, 0.856), (67, 0.7372), (68, 0.7997), (69, 0.8228), (70, 0.8564), (71, 0.8241), (72, 0.8758), (73, 0.8416), (74, 0.8593), (75, 0.82), (76, 0.8141), (77, 0.8504), (78, 0.8245), (79, 0.8578), (80, 0.8497), (81, 0.6667), (82, 0.7872), (83, 0.8076), (84, 0.881), (85, 0.8661), (86, 0.83), (87, 0.8618), (88, 0.8653), (89, 0.8766), (90, 0.885), (91, 0.8679), (92, 0.8697), (93, 0.8632), (94, 0.8374), (95, 0.8577), (96, 0.8661), (97, 0.8683), (98, 0.8685), (99, 0.8739), (100, 0.8683)]}
