[2023-08-02 04:17:37,276][flwr][INFO] - Starting Flower simulation, config: ServerConfig(num_rounds=100, round_timeout=None)
[2023-08-02 04:17:41,874][flwr][INFO] - Flower VCE: Ray initialized with resources: {'node:192.168.43.142': 1.0, 'CPU': 20.0, 'memory': 4109979648.0, 'object_store_memory': 2054989824.0}
[2023-08-02 04:17:41,877][flwr][INFO] - Initializing global parameters
[2023-08-02 04:17:41,878][flwr][INFO] - Requesting initial parameters from one random client
[2023-08-02 04:17:43,507][flwr][INFO] - Received initial parameters from one random client
[2023-08-02 04:17:43,508][flwr][INFO] - Evaluating initial parameters
[2023-08-02 04:17:44,356][flwr][INFO] - initial parameters (loss, other metrics): 0.24414234371185303, {'accuracy': 0.0902}
[2023-08-02 04:17:44,357][flwr][INFO] - FL starting
[2023-08-02 04:17:44,357][flwr][DEBUG] - fit_round 1: strategy sampled 10 clients (out of 1000)
[2023-08-02 04:17:46,522][flwr][DEBUG] - fit_round 1 received 10 results and 0 failures
[2023-08-02 04:17:46,525][flwr][WARNING] - No fit_metrics_aggregation_fn provided
[2023-08-02 04:17:47,447][flwr][INFO] - fit progress: (1, 0.253891131579876, {'accuracy': 0.1299}, 3.090189195005223)
[2023-08-02 04:17:47,447][flwr][INFO] - evaluate_round 1: no clients selected, cancel
[2023-08-02 04:17:47,447][flwr][DEBUG] - fit_round 2: strategy sampled 10 clients (out of 1000)
[2023-08-02 04:17:48,182][flwr][DEBUG] - fit_round 2 received 10 results and 0 failures
[2023-08-02 04:17:49,082][flwr][INFO] - fit progress: (2, 0.2072600078701973, {'accuracy': 0.274}, 4.724971864023246)
[2023-08-02 04:17:49,082][flwr][INFO] - evaluate_round 2: no clients selected, cancel
[2023-08-02 04:17:49,082][flwr][DEBUG] - fit_round 3: strategy sampled 10 clients (out of 1000)
[2023-08-02 04:17:49,940][flwr][DEBUG] - fit_round 3 received 10 results and 0 failures
[2023-08-02 04:17:50,800][flwr][INFO] - fit progress: (3, 0.18187793201208113, {'accuracy': 0.3521}, 6.443348796048667)
[2023-08-02 04:17:50,800][flwr][INFO] - evaluate_round 3: no clients selected, cancel
[2023-08-02 04:17:50,801][flwr][DEBUG] - fit_round 4: strategy sampled 10 clients (out of 1000)
[2023-08-02 04:17:51,524][flwr][DEBUG] - fit_round 4 received 10 results and 0 failures
[2023-08-02 04:17:52,353][flwr][INFO] - fit progress: (4, 0.16876912974119188, {'accuracy': 0.389}, 7.996708279009908)
[2023-08-02 04:17:52,354][flwr][INFO] - evaluate_round 4: no clients selected, cancel
[2023-08-02 04:17:52,354][flwr][DEBUG] - fit_round 5: strategy sampled 10 clients (out of 1000)
[2023-08-02 04:17:53,120][flwr][DEBUG] - fit_round 5 received 10 results and 0 failures
[2023-08-02 04:17:53,955][flwr][INFO] - fit progress: (5, 0.1710151276767254, {'accuracy': 0.3338}, 9.598322097037453)
[2023-08-02 04:17:53,955][flwr][INFO] - evaluate_round 5: no clients selected, cancel
[2023-08-02 04:17:53,956][flwr][DEBUG] - fit_round 6: strategy sampled 10 clients (out of 1000)
[2023-08-02 04:17:55,590][flwr][DEBUG] - fit_round 6 received 10 results and 0 failures
[2023-08-02 04:17:56,440][flwr][INFO] - fit progress: (6, 0.13536246148347855, {'accuracy': 0.5788}, 12.083533153054304)
[2023-08-02 04:17:56,440][flwr][INFO] - evaluate_round 6: no clients selected, cancel
[2023-08-02 04:17:56,441][flwr][DEBUG] - fit_round 7: strategy sampled 10 clients (out of 1000)
[2023-08-02 04:17:57,213][flwr][DEBUG] - fit_round 7 received 10 results and 0 failures
[2023-08-02 04:17:58,336][flwr][INFO] - fit progress: (7, 0.14840486703515052, {'accuracy': 0.425}, 13.979436479043216)
[2023-08-02 04:17:58,336][flwr][INFO] - evaluate_round 7: no clients selected, cancel
[2023-08-02 04:17:58,337][flwr][DEBUG] - fit_round 8: strategy sampled 10 clients (out of 1000)
[2023-08-02 04:17:59,081][flwr][DEBUG] - fit_round 8 received 10 results and 0 failures
[2023-08-02 04:17:59,974][flwr][INFO] - fit progress: (8, 0.14182628896236418, {'accuracy': 0.4886}, 15.617419308051467)
[2023-08-02 04:17:59,974][flwr][INFO] - evaluate_round 8: no clients selected, cancel
[2023-08-02 04:17:59,975][flwr][DEBUG] - fit_round 9: strategy sampled 10 clients (out of 1000)
[2023-08-02 04:18:00,625][flwr][DEBUG] - fit_round 9 received 10 results and 0 failures
[2023-08-02 04:18:01,498][flwr][INFO] - fit progress: (9, 0.10856623274683952, {'accuracy': 0.7426}, 17.141749360016547)
[2023-08-02 04:18:01,499][flwr][INFO] - evaluate_round 9: no clients selected, cancel
[2023-08-02 04:18:01,499][flwr][DEBUG] - fit_round 10: strategy sampled 10 clients (out of 1000)
[2023-08-02 04:18:02,171][flwr][DEBUG] - fit_round 10 received 10 results and 0 failures
[2023-08-02 04:18:03,031][flwr][INFO] - fit progress: (10, 0.1075426231354475, {'accuracy': 0.6976}, 18.674065183033235)
[2023-08-02 04:18:03,031][flwr][INFO] - evaluate_round 10: no clients selected, cancel
[2023-08-02 04:18:03,031][flwr][DEBUG] - fit_round 11: strategy sampled 10 clients (out of 1000)
[2023-08-02 04:18:03,616][flwr][DEBUG] - fit_round 11 received 10 results and 0 failures
[2023-08-02 04:18:04,456][flwr][INFO] - fit progress: (11, 0.10620527390241623, {'accuracy': 0.6828}, 20.099330615019426)
[2023-08-02 04:18:04,456][flwr][INFO] - evaluate_round 11: no clients selected, cancel
[2023-08-02 04:18:04,457][flwr][DEBUG] - fit_round 12: strategy sampled 10 clients (out of 1000)
[2023-08-02 04:18:06,185][flwr][DEBUG] - fit_round 12 received 10 results and 0 failures
[2023-08-02 04:18:07,019][flwr][INFO] - fit progress: (12, 0.129575908267498, {'accuracy': 0.5238}, 22.66229295503581)
[2023-08-02 04:18:07,019][flwr][INFO] - evaluate_round 12: no clients selected, cancel
[2023-08-02 04:18:07,020][flwr][DEBUG] - fit_round 13: strategy sampled 10 clients (out of 1000)
[2023-08-02 04:18:07,745][flwr][DEBUG] - fit_round 13 received 10 results and 0 failures
[2023-08-02 04:18:08,719][flwr][INFO] - fit progress: (13, 0.09999741209447384, {'accuracy': 0.7005}, 24.36244512704434)
[2023-08-02 04:18:08,719][flwr][INFO] - evaluate_round 13: no clients selected, cancel
[2023-08-02 04:18:08,720][flwr][DEBUG] - fit_round 14: strategy sampled 10 clients (out of 1000)
[2023-08-02 04:18:09,535][flwr][DEBUG] - fit_round 14 received 10 results and 0 failures
[2023-08-02 04:18:10,425][flwr][INFO] - fit progress: (14, 0.08907743723392486, {'accuracy': 0.7774}, 26.06844916101545)
[2023-08-02 04:18:10,425][flwr][INFO] - evaluate_round 14: no clients selected, cancel
[2023-08-02 04:18:10,428][flwr][DEBUG] - fit_round 15: strategy sampled 10 clients (out of 1000)
[2023-08-02 04:18:11,071][flwr][DEBUG] - fit_round 15 received 10 results and 0 failures
[2023-08-02 04:18:11,925][flwr][INFO] - fit progress: (15, 0.08633981564790011, {'accuracy': 0.7841}, 27.568690283049364)
[2023-08-02 04:18:11,926][flwr][INFO] - evaluate_round 15: no clients selected, cancel
[2023-08-02 04:18:11,926][flwr][DEBUG] - fit_round 16: strategy sampled 10 clients (out of 1000)
[2023-08-02 04:18:12,603][flwr][DEBUG] - fit_round 16 received 10 results and 0 failures
[2023-08-02 04:18:13,452][flwr][INFO] - fit progress: (16, 0.08354572157859802, {'accuracy': 0.7859}, 29.095020518056117)
[2023-08-02 04:18:13,452][flwr][INFO] - evaluate_round 16: no clients selected, cancel
[2023-08-02 04:18:13,452][flwr][DEBUG] - fit_round 17: strategy sampled 10 clients (out of 1000)
[2023-08-02 04:18:14,241][flwr][DEBUG] - fit_round 17 received 10 results and 0 failures
[2023-08-02 04:18:15,077][flwr][INFO] - fit progress: (17, 0.09413634415566921, {'accuracy': 0.7045}, 30.719912721018773)
[2023-08-02 04:18:15,077][flwr][INFO] - evaluate_round 17: no clients selected, cancel
[2023-08-02 04:18:15,077][flwr][DEBUG] - fit_round 18: strategy sampled 10 clients (out of 1000)
[2023-08-02 04:18:15,684][flwr][DEBUG] - fit_round 18 received 10 results and 0 failures
[2023-08-02 04:18:16,585][flwr][INFO] - fit progress: (18, 0.07656534775942564, {'accuracy': 0.8194}, 32.22847046004608)
[2023-08-02 04:18:16,585][flwr][INFO] - evaluate_round 18: no clients selected, cancel
[2023-08-02 04:18:16,586][flwr][DEBUG] - fit_round 19: strategy sampled 10 clients (out of 1000)
[2023-08-02 04:18:17,258][flwr][DEBUG] - fit_round 19 received 10 results and 0 failures
[2023-08-02 04:18:18,150][flwr][INFO] - fit progress: (19, 0.07430341456234456, {'accuracy': 0.8098}, 33.79290172102628)
[2023-08-02 04:18:18,150][flwr][INFO] - evaluate_round 19: no clients selected, cancel
[2023-08-02 04:18:18,150][flwr][DEBUG] - fit_round 20: strategy sampled 10 clients (out of 1000)
[2023-08-02 04:18:18,822][flwr][DEBUG] - fit_round 20 received 10 results and 0 failures
[2023-08-02 04:18:19,712][flwr][INFO] - fit progress: (20, 0.07343704281300306, {'accuracy': 0.7981}, 35.35560107801575)
[2023-08-02 04:18:19,713][flwr][INFO] - evaluate_round 20: no clients selected, cancel
[2023-08-02 04:18:19,713][flwr][DEBUG] - fit_round 21: strategy sampled 10 clients (out of 1000)
[2023-08-02 04:18:20,417][flwr][DEBUG] - fit_round 21 received 10 results and 0 failures
[2023-08-02 04:18:21,326][flwr][INFO] - fit progress: (21, 0.07574653231352568, {'accuracy': 0.7871}, 36.96964795404347)
[2023-08-02 04:18:21,327][flwr][INFO] - evaluate_round 21: no clients selected, cancel
[2023-08-02 04:18:21,327][flwr][DEBUG] - fit_round 22: strategy sampled 10 clients (out of 1000)
[2023-08-02 04:18:22,034][flwr][DEBUG] - fit_round 22 received 10 results and 0 failures
[2023-08-02 04:18:22,922][flwr][INFO] - fit progress: (22, 0.08265506324619054, {'accuracy': 0.7135}, 38.56532859505387)
[2023-08-02 04:18:22,922][flwr][INFO] - evaluate_round 22: no clients selected, cancel
[2023-08-02 04:18:22,923][flwr][DEBUG] - fit_round 23: strategy sampled 10 clients (out of 1000)
[2023-08-02 04:18:23,544][flwr][DEBUG] - fit_round 23 received 10 results and 0 failures
[2023-08-02 04:18:24,416][flwr][INFO] - fit progress: (23, 0.07597657586187125, {'accuracy': 0.7481}, 40.05945334903663)
[2023-08-02 04:18:24,416][flwr][INFO] - evaluate_round 23: no clients selected, cancel
[2023-08-02 04:18:24,417][flwr][DEBUG] - fit_round 24: strategy sampled 10 clients (out of 1000)
[2023-08-02 04:18:25,433][flwr][DEBUG] - fit_round 24 received 10 results and 0 failures
[2023-08-02 04:18:26,337][flwr][INFO] - fit progress: (24, 0.08951941217184067, {'accuracy': 0.6808}, 41.98052549903514)
[2023-08-02 04:18:26,337][flwr][INFO] - evaluate_round 24: no clients selected, cancel
[2023-08-02 04:18:26,338][flwr][DEBUG] - fit_round 25: strategy sampled 10 clients (out of 1000)
[2023-08-02 04:18:27,050][flwr][DEBUG] - fit_round 25 received 10 results and 0 failures
[2023-08-02 04:18:27,890][flwr][INFO] - fit progress: (25, 0.06776909336745739, {'accuracy': 0.8145}, 43.53337599604856)
[2023-08-02 04:18:27,890][flwr][INFO] - evaluate_round 25: no clients selected, cancel
[2023-08-02 04:18:27,891][flwr][DEBUG] - fit_round 26: strategy sampled 10 clients (out of 1000)
[2023-08-02 04:18:28,479][flwr][DEBUG] - fit_round 26 received 10 results and 0 failures
[2023-08-02 04:18:29,313][flwr][INFO] - fit progress: (26, 0.06793741227909923, {'accuracy': 0.8049}, 44.956126573029906)
[2023-08-02 04:18:29,313][flwr][INFO] - evaluate_round 26: no clients selected, cancel
[2023-08-02 04:18:29,313][flwr][DEBUG] - fit_round 27: strategy sampled 10 clients (out of 1000)
[2023-08-02 04:18:29,988][flwr][DEBUG] - fit_round 27 received 10 results and 0 failures
[2023-08-02 04:18:30,926][flwr][INFO] - fit progress: (27, 0.06387065328806639, {'accuracy': 0.8302}, 46.56896788504673)
[2023-08-02 04:18:30,926][flwr][INFO] - evaluate_round 27: no clients selected, cancel
[2023-08-02 04:18:30,926][flwr][DEBUG] - fit_round 28: strategy sampled 10 clients (out of 1000)
[2023-08-02 04:18:31,638][flwr][DEBUG] - fit_round 28 received 10 results and 0 failures
[2023-08-02 04:18:32,498][flwr][INFO] - fit progress: (28, 0.06306632484644652, {'accuracy': 0.8261}, 48.141074266051874)
[2023-08-02 04:18:32,498][flwr][INFO] - evaluate_round 28: no clients selected, cancel
[2023-08-02 04:18:32,498][flwr][DEBUG] - fit_round 29: strategy sampled 10 clients (out of 1000)
[2023-08-02 04:18:33,124][flwr][DEBUG] - fit_round 29 received 10 results and 0 failures
[2023-08-02 04:18:33,974][flwr][INFO] - fit progress: (29, 0.06057949212417006, {'accuracy': 0.8451}, 49.61752702202648)
[2023-08-02 04:18:33,974][flwr][INFO] - evaluate_round 29: no clients selected, cancel
[2023-08-02 04:18:33,975][flwr][DEBUG] - fit_round 30: strategy sampled 10 clients (out of 1000)
[2023-08-02 04:18:34,669][flwr][DEBUG] - fit_round 30 received 10 results and 0 failures
[2023-08-02 04:18:35,543][flwr][INFO] - fit progress: (30, 0.061698455683887, {'accuracy': 0.8472}, 51.185900197015144)
[2023-08-02 04:18:35,543][flwr][INFO] - evaluate_round 30: no clients selected, cancel
[2023-08-02 04:18:35,543][flwr][DEBUG] - fit_round 31: strategy sampled 10 clients (out of 1000)
[2023-08-02 04:18:36,672][flwr][DEBUG] - fit_round 31 received 10 results and 0 failures
[2023-08-02 04:18:37,523][flwr][INFO] - fit progress: (31, 0.06173453253209591, {'accuracy': 0.8354}, 53.16607238800498)
[2023-08-02 04:18:37,523][flwr][INFO] - evaluate_round 31: no clients selected, cancel
[2023-08-02 04:18:37,523][flwr][DEBUG] - fit_round 32: strategy sampled 10 clients (out of 1000)
[2023-08-02 04:18:38,199][flwr][DEBUG] - fit_round 32 received 10 results and 0 failures
[2023-08-02 04:18:39,062][flwr][INFO] - fit progress: (32, 0.05956606628149748, {'accuracy': 0.8441}, 54.705162050027866)
[2023-08-02 04:18:39,062][flwr][INFO] - evaluate_round 32: no clients selected, cancel
[2023-08-02 04:18:39,062][flwr][DEBUG] - fit_round 33: strategy sampled 10 clients (out of 1000)
[2023-08-02 04:18:39,873][flwr][DEBUG] - fit_round 33 received 10 results and 0 failures
[2023-08-02 04:18:41,196][flwr][INFO] - fit progress: (33, 0.06636257371604443, {'accuracy': 0.7878}, 56.839191503007896)
[2023-08-02 04:18:41,196][flwr][INFO] - evaluate_round 33: no clients selected, cancel
[2023-08-02 04:18:41,197][flwr][DEBUG] - fit_round 34: strategy sampled 10 clients (out of 1000)
[2023-08-02 04:18:41,987][flwr][DEBUG] - fit_round 34 received 10 results and 0 failures
[2023-08-02 04:18:42,888][flwr][INFO] - fit progress: (34, 0.06934183350577951, {'accuracy': 0.7596}, 58.53108368901303)
[2023-08-02 04:18:42,888][flwr][INFO] - evaluate_round 34: no clients selected, cancel
[2023-08-02 04:18:42,888][flwr][DEBUG] - fit_round 35: strategy sampled 10 clients (out of 1000)
[2023-08-02 04:18:43,879][flwr][DEBUG] - fit_round 35 received 10 results and 0 failures
[2023-08-02 04:18:44,751][flwr][INFO] - fit progress: (35, 0.07959985316991806, {'accuracy': 0.6848}, 60.39458895701682)
[2023-08-02 04:18:44,752][flwr][INFO] - evaluate_round 35: no clients selected, cancel
[2023-08-02 04:18:44,752][flwr][DEBUG] - fit_round 36: strategy sampled 10 clients (out of 1000)
[2023-08-02 04:18:45,704][flwr][DEBUG] - fit_round 36 received 10 results and 0 failures
[2023-08-02 04:18:46,546][flwr][INFO] - fit progress: (36, 0.06286844322904944, {'accuracy': 0.8241}, 62.189775773033034)
[2023-08-02 04:18:46,547][flwr][INFO] - evaluate_round 36: no clients selected, cancel
[2023-08-02 04:18:46,547][flwr][DEBUG] - fit_round 37: strategy sampled 10 clients (out of 1000)
[2023-08-02 04:18:47,377][flwr][DEBUG] - fit_round 37 received 10 results and 0 failures
[2023-08-02 04:18:48,234][flwr][INFO] - fit progress: (37, 0.08922243975549936, {'accuracy': 0.6686}, 63.87710391904693)
[2023-08-02 04:18:48,234][flwr][INFO] - evaluate_round 37: no clients selected, cancel
[2023-08-02 04:18:48,236][flwr][DEBUG] - fit_round 38: strategy sampled 10 clients (out of 1000)
[2023-08-02 04:18:48,980][flwr][DEBUG] - fit_round 38 received 10 results and 0 failures
[2023-08-02 04:18:49,891][flwr][INFO] - fit progress: (38, 0.06222297510057688, {'accuracy': 0.8018}, 65.53401947300881)
[2023-08-02 04:18:49,891][flwr][INFO] - evaluate_round 38: no clients selected, cancel
[2023-08-02 04:18:49,891][flwr][DEBUG] - fit_round 39: strategy sampled 10 clients (out of 1000)
[2023-08-02 04:18:50,574][flwr][DEBUG] - fit_round 39 received 10 results and 0 failures
[2023-08-02 04:18:51,487][flwr][INFO] - fit progress: (39, 0.07432787070274353, {'accuracy': 0.728}, 67.13072308001574)
[2023-08-02 04:18:51,488][flwr][INFO] - evaluate_round 39: no clients selected, cancel
[2023-08-02 04:18:51,488][flwr][DEBUG] - fit_round 40: strategy sampled 10 clients (out of 1000)
[2023-08-02 04:18:52,149][flwr][DEBUG] - fit_round 40 received 10 results and 0 failures
[2023-08-02 04:18:52,982][flwr][INFO] - fit progress: (40, 0.05715960504040122, {'accuracy': 0.8412}, 68.62496794504113)
[2023-08-02 04:18:52,982][flwr][INFO] - evaluate_round 40: no clients selected, cancel
[2023-08-02 04:18:52,982][flwr][DEBUG] - fit_round 41: strategy sampled 10 clients (out of 1000)
[2023-08-02 04:18:54,143][flwr][DEBUG] - fit_round 41 received 10 results and 0 failures
[2023-08-02 04:18:54,976][flwr][INFO] - fit progress: (41, 0.060701096551120284, {'accuracy': 0.8156}, 70.61901965300785)
[2023-08-02 04:18:54,976][flwr][INFO] - evaluate_round 41: no clients selected, cancel
[2023-08-02 04:18:54,976][flwr][DEBUG] - fit_round 42: strategy sampled 10 clients (out of 1000)
[2023-08-02 04:18:55,701][flwr][DEBUG] - fit_round 42 received 10 results and 0 failures
[2023-08-02 04:18:56,544][flwr][INFO] - fit progress: (42, 0.056506113932281735, {'accuracy': 0.8407}, 72.18769339902792)
[2023-08-02 04:18:56,545][flwr][INFO] - evaluate_round 42: no clients selected, cancel
[2023-08-02 04:18:56,545][flwr][DEBUG] - fit_round 43: strategy sampled 10 clients (out of 1000)
[2023-08-02 04:18:57,290][flwr][DEBUG] - fit_round 43 received 10 results and 0 failures
[2023-08-02 04:18:58,171][flwr][INFO] - fit progress: (43, 0.05803712475597859, {'accuracy': 0.8375}, 73.81416076701134)
[2023-08-02 04:18:58,171][flwr][INFO] - evaluate_round 43: no clients selected, cancel
[2023-08-02 04:18:58,171][flwr][DEBUG] - fit_round 44: strategy sampled 10 clients (out of 1000)
[2023-08-02 04:18:58,806][flwr][DEBUG] - fit_round 44 received 10 results and 0 failures
[2023-08-02 04:18:59,655][flwr][INFO] - fit progress: (44, 0.05363749600686133, {'accuracy': 0.861}, 75.29788695805473)
[2023-08-02 04:18:59,655][flwr][INFO] - evaluate_round 44: no clients selected, cancel
[2023-08-02 04:18:59,655][flwr][DEBUG] - fit_round 45: strategy sampled 10 clients (out of 1000)
[2023-08-02 04:19:01,078][flwr][DEBUG] - fit_round 45 received 10 results and 0 failures
[2023-08-02 04:19:01,944][flwr][INFO] - fit progress: (45, 0.06434639981389045, {'accuracy': 0.7943}, 77.58753780700499)
[2023-08-02 04:19:01,945][flwr][INFO] - evaluate_round 45: no clients selected, cancel
[2023-08-02 04:19:01,945][flwr][DEBUG] - fit_round 46: strategy sampled 10 clients (out of 1000)
[2023-08-02 04:19:02,610][flwr][DEBUG] - fit_round 46 received 10 results and 0 failures
[2023-08-02 04:19:03,460][flwr][INFO] - fit progress: (46, 0.05136177591383457, {'accuracy': 0.8628}, 79.10360723501071)
[2023-08-02 04:19:03,461][flwr][INFO] - evaluate_round 46: no clients selected, cancel
[2023-08-02 04:19:03,463][flwr][DEBUG] - fit_round 47: strategy sampled 10 clients (out of 1000)
[2023-08-02 04:19:04,251][flwr][DEBUG] - fit_round 47 received 10 results and 0 failures
[2023-08-02 04:19:05,084][flwr][INFO] - fit progress: (47, 0.059453892888873816, {'accuracy': 0.8193}, 80.72694687801413)
[2023-08-02 04:19:05,084][flwr][INFO] - evaluate_round 47: no clients selected, cancel
[2023-08-02 04:19:05,084][flwr][DEBUG] - fit_round 48: strategy sampled 10 clients (out of 1000)
[2023-08-02 04:19:05,728][flwr][DEBUG] - fit_round 48 received 10 results and 0 failures
[2023-08-02 04:19:06,601][flwr][INFO] - fit progress: (48, 0.054903176742047075, {'accuracy': 0.8541}, 82.24451075104298)
[2023-08-02 04:19:06,601][flwr][INFO] - evaluate_round 48: no clients selected, cancel
[2023-08-02 04:19:06,602][flwr][DEBUG] - fit_round 49: strategy sampled 10 clients (out of 1000)
[2023-08-02 04:19:07,328][flwr][DEBUG] - fit_round 49 received 10 results and 0 failures
[2023-08-02 04:19:08,182][flwr][INFO] - fit progress: (49, 0.052236832408607006, {'accuracy': 0.8625}, 83.82551742100623)
[2023-08-02 04:19:08,182][flwr][INFO] - evaluate_round 49: no clients selected, cancel
[2023-08-02 04:19:08,183][flwr][DEBUG] - fit_round 50: strategy sampled 10 clients (out of 1000)
[2023-08-02 04:19:09,169][flwr][DEBUG] - fit_round 50 received 10 results and 0 failures
[2023-08-02 04:19:10,033][flwr][INFO] - fit progress: (50, 0.05948241378813982, {'accuracy': 0.8036}, 85.67615542904241)
[2023-08-02 04:19:10,033][flwr][INFO] - evaluate_round 50: no clients selected, cancel
[2023-08-02 04:19:10,033][flwr][DEBUG] - fit_round 51: strategy sampled 10 clients (out of 1000)
[2023-08-02 04:19:10,653][flwr][DEBUG] - fit_round 51 received 10 results and 0 failures
[2023-08-02 04:19:11,491][flwr][INFO] - fit progress: (51, 0.059225341138243674, {'accuracy': 0.8091}, 87.13448165403679)
[2023-08-02 04:19:11,491][flwr][INFO] - evaluate_round 51: no clients selected, cancel
[2023-08-02 04:19:11,492][flwr][DEBUG] - fit_round 52: strategy sampled 10 clients (out of 1000)
[2023-08-02 04:19:12,176][flwr][DEBUG] - fit_round 52 received 10 results and 0 failures
[2023-08-02 04:19:13,173][flwr][INFO] - fit progress: (52, 0.05255365728065371, {'accuracy': 0.8534}, 88.81632605503546)
[2023-08-02 04:19:13,173][flwr][INFO] - evaluate_round 52: no clients selected, cancel
[2023-08-02 04:19:13,174][flwr][DEBUG] - fit_round 53: strategy sampled 10 clients (out of 1000)
[2023-08-02 04:19:13,882][flwr][DEBUG] - fit_round 53 received 10 results and 0 failures
[2023-08-02 04:19:14,823][flwr][INFO] - fit progress: (53, 0.05172545434199274, {'accuracy': 0.8624}, 90.46599449001951)
[2023-08-02 04:19:14,823][flwr][INFO] - evaluate_round 53: no clients selected, cancel
[2023-08-02 04:19:14,823][flwr][DEBUG] - fit_round 54: strategy sampled 10 clients (out of 1000)
[2023-08-02 04:19:15,820][flwr][DEBUG] - fit_round 54 received 10 results and 0 failures
[2023-08-02 04:19:16,674][flwr][INFO] - fit progress: (54, 0.056200299955159426, {'accuracy': 0.8493}, 92.31692127900897)
[2023-08-02 04:19:16,674][flwr][INFO] - evaluate_round 54: no clients selected, cancel
[2023-08-02 04:19:16,674][flwr][DEBUG] - fit_round 55: strategy sampled 10 clients (out of 1000)
[2023-08-02 04:19:17,469][flwr][DEBUG] - fit_round 55 received 10 results and 0 failures
[2023-08-02 04:19:18,325][flwr][INFO] - fit progress: (55, 0.05276053310520947, {'accuracy': 0.8612}, 93.96837413002504)
[2023-08-02 04:19:18,325][flwr][INFO] - evaluate_round 55: no clients selected, cancel
[2023-08-02 04:19:18,326][flwr][DEBUG] - fit_round 56: strategy sampled 10 clients (out of 1000)
[2023-08-02 04:19:18,953][flwr][DEBUG] - fit_round 56 received 10 results and 0 failures
[2023-08-02 04:19:19,775][flwr][INFO] - fit progress: (56, 0.052177171730995175, {'accuracy': 0.8592}, 95.4181937360554)
[2023-08-02 04:19:19,775][flwr][INFO] - evaluate_round 56: no clients selected, cancel
[2023-08-02 04:19:19,775][flwr][DEBUG] - fit_round 57: strategy sampled 10 clients (out of 1000)
[2023-08-02 04:19:20,484][flwr][DEBUG] - fit_round 57 received 10 results and 0 failures
[2023-08-02 04:19:21,337][flwr][INFO] - fit progress: (57, 0.04954337527416647, {'accuracy': 0.874}, 96.98043410200626)
[2023-08-02 04:19:21,337][flwr][INFO] - evaluate_round 57: no clients selected, cancel
[2023-08-02 04:19:21,338][flwr][DEBUG] - fit_round 58: strategy sampled 10 clients (out of 1000)
[2023-08-02 04:19:22,442][flwr][DEBUG] - fit_round 58 received 10 results and 0 failures
[2023-08-02 04:19:23,374][flwr][INFO] - fit progress: (58, 0.04856293993219733, {'accuracy': 0.8765}, 99.0174319850048)
[2023-08-02 04:19:23,374][flwr][INFO] - evaluate_round 58: no clients selected, cancel
[2023-08-02 04:19:23,375][flwr][DEBUG] - fit_round 59: strategy sampled 10 clients (out of 1000)
[2023-08-02 04:19:24,120][flwr][DEBUG] - fit_round 59 received 10 results and 0 failures
[2023-08-02 04:19:24,970][flwr][INFO] - fit progress: (59, 0.048283135351911186, {'accuracy': 0.8754}, 100.6134137629997)
[2023-08-02 04:19:24,970][flwr][INFO] - evaluate_round 59: no clients selected, cancel
[2023-08-02 04:19:24,971][flwr][DEBUG] - fit_round 60: strategy sampled 10 clients (out of 1000)
[2023-08-02 04:19:26,056][flwr][DEBUG] - fit_round 60 received 10 results and 0 failures
[2023-08-02 04:19:26,923][flwr][INFO] - fit progress: (60, 0.04781190891116858, {'accuracy': 0.88}, 102.56589240103494)
[2023-08-02 04:19:26,923][flwr][INFO] - evaluate_round 60: no clients selected, cancel
[2023-08-02 04:19:26,923][flwr][DEBUG] - fit_round 61: strategy sampled 10 clients (out of 1000)
[2023-08-02 04:19:28,732][flwr][DEBUG] - fit_round 61 received 10 results and 0 failures
[2023-08-02 04:19:29,612][flwr][INFO] - fit progress: (61, 0.049827064168453214, {'accuracy': 0.8593}, 105.2554077890236)
[2023-08-02 04:19:29,612][flwr][INFO] - evaluate_round 61: no clients selected, cancel
[2023-08-02 04:19:29,613][flwr][DEBUG] - fit_round 62: strategy sampled 10 clients (out of 1000)
[2023-08-02 04:19:30,438][flwr][DEBUG] - fit_round 62 received 10 results and 0 failures
[2023-08-02 04:19:31,277][flwr][INFO] - fit progress: (62, 0.04988074945360422, {'accuracy': 0.8508}, 106.92043694702443)
[2023-08-02 04:19:31,277][flwr][INFO] - evaluate_round 62: no clients selected, cancel
[2023-08-02 04:19:31,278][flwr][DEBUG] - fit_round 63: strategy sampled 10 clients (out of 1000)
[2023-08-02 04:19:31,983][flwr][DEBUG] - fit_round 63 received 10 results and 0 failures
[2023-08-02 04:19:32,823][flwr][INFO] - fit progress: (63, 0.04887625420168042, {'accuracy': 0.8527}, 108.46585577202495)
[2023-08-02 04:19:32,823][flwr][INFO] - evaluate_round 63: no clients selected, cancel
[2023-08-02 04:19:32,823][flwr][DEBUG] - fit_round 64: strategy sampled 10 clients (out of 1000)
[2023-08-02 04:19:33,834][flwr][DEBUG] - fit_round 64 received 10 results and 0 failures
[2023-08-02 04:19:34,677][flwr][INFO] - fit progress: (64, 0.04809581367745996, {'accuracy': 0.8627}, 110.32052466401365)
[2023-08-02 04:19:34,677][flwr][INFO] - evaluate_round 64: no clients selected, cancel
[2023-08-02 04:19:34,678][flwr][DEBUG] - fit_round 65: strategy sampled 10 clients (out of 1000)
[2023-08-02 04:19:35,575][flwr][DEBUG] - fit_round 65 received 10 results and 0 failures
[2023-08-02 04:19:36,416][flwr][INFO] - fit progress: (65, 0.05719813400581479, {'accuracy': 0.8023}, 112.05909262405476)
[2023-08-02 04:19:36,416][flwr][INFO] - evaluate_round 65: no clients selected, cancel
[2023-08-02 04:19:36,416][flwr][DEBUG] - fit_round 66: strategy sampled 10 clients (out of 1000)
[2023-08-02 04:19:37,157][flwr][DEBUG] - fit_round 66 received 10 results and 0 failures
[2023-08-02 04:19:38,034][flwr][INFO] - fit progress: (66, 0.06290179998204112, {'accuracy': 0.7694}, 113.67759117804235)
[2023-08-02 04:19:38,035][flwr][INFO] - evaluate_round 66: no clients selected, cancel
[2023-08-02 04:19:38,035][flwr][DEBUG] - fit_round 67: strategy sampled 10 clients (out of 1000)
[2023-08-02 04:19:38,651][flwr][DEBUG] - fit_round 67 received 10 results and 0 failures
[2023-08-02 04:19:39,480][flwr][INFO] - fit progress: (67, 0.05036098185218871, {'accuracy': 0.8527}, 115.12330804701196)
[2023-08-02 04:19:39,480][flwr][INFO] - evaluate_round 67: no clients selected, cancel
[2023-08-02 04:19:39,481][flwr][DEBUG] - fit_round 68: strategy sampled 10 clients (out of 1000)
[2023-08-02 04:19:40,214][flwr][DEBUG] - fit_round 68 received 10 results and 0 failures
[2023-08-02 04:19:41,045][flwr][INFO] - fit progress: (68, 0.052724636393785475, {'accuracy': 0.8398}, 116.68822676804848)
[2023-08-02 04:19:41,045][flwr][INFO] - evaluate_round 68: no clients selected, cancel
[2023-08-02 04:19:41,045][flwr][DEBUG] - fit_round 69: strategy sampled 10 clients (out of 1000)
[2023-08-02 04:19:41,650][flwr][DEBUG] - fit_round 69 received 10 results and 0 failures
[2023-08-02 04:19:42,538][flwr][INFO] - fit progress: (69, 0.05964161217771471, {'accuracy': 0.8016}, 118.18093891703757)
[2023-08-02 04:19:42,538][flwr][INFO] - evaluate_round 69: no clients selected, cancel
[2023-08-02 04:19:42,538][flwr][DEBUG] - fit_round 70: strategy sampled 10 clients (out of 1000)
[2023-08-02 04:19:43,429][flwr][DEBUG] - fit_round 70 received 10 results and 0 failures
[2023-08-02 04:19:44,298][flwr][INFO] - fit progress: (70, 0.05187126527316868, {'accuracy': 0.8402}, 119.94174970604945)
[2023-08-02 04:19:44,299][flwr][INFO] - evaluate_round 70: no clients selected, cancel
[2023-08-02 04:19:44,299][flwr][DEBUG] - fit_round 71: strategy sampled 10 clients (out of 1000)
[2023-08-02 04:19:45,115][flwr][DEBUG] - fit_round 71 received 10 results and 0 failures
[2023-08-02 04:19:46,185][flwr][INFO] - fit progress: (71, 0.05339162917360663, {'accuracy': 0.8312}, 121.82808474003104)
[2023-08-02 04:19:46,185][flwr][INFO] - evaluate_round 71: no clients selected, cancel
[2023-08-02 04:19:46,185][flwr][DEBUG] - fit_round 72: strategy sampled 10 clients (out of 1000)
[2023-08-02 04:19:46,975][flwr][DEBUG] - fit_round 72 received 10 results and 0 failures
[2023-08-02 04:19:47,806][flwr][INFO] - fit progress: (72, 0.052551898900419475, {'accuracy': 0.8402}, 123.44944238202879)
[2023-08-02 04:19:47,806][flwr][INFO] - evaluate_round 72: no clients selected, cancel
[2023-08-02 04:19:47,807][flwr][DEBUG] - fit_round 73: strategy sampled 10 clients (out of 1000)
[2023-08-02 04:19:48,443][flwr][DEBUG] - fit_round 73 received 10 results and 0 failures
[2023-08-02 04:19:49,285][flwr][INFO] - fit progress: (73, 0.04847360466867685, {'accuracy': 0.8611}, 124.92797523201443)
[2023-08-02 04:19:49,285][flwr][INFO] - evaluate_round 73: no clients selected, cancel
[2023-08-02 04:19:49,285][flwr][DEBUG] - fit_round 74: strategy sampled 10 clients (out of 1000)
[2023-08-02 04:19:50,097][flwr][DEBUG] - fit_round 74 received 10 results and 0 failures
[2023-08-02 04:19:50,971][flwr][INFO] - fit progress: (74, 0.0465861904527992, {'accuracy': 0.8705}, 126.61424424604047)
[2023-08-02 04:19:50,971][flwr][INFO] - evaluate_round 74: no clients selected, cancel
[2023-08-02 04:19:50,971][flwr][DEBUG] - fit_round 75: strategy sampled 10 clients (out of 1000)
[2023-08-02 04:19:51,675][flwr][DEBUG] - fit_round 75 received 10 results and 0 failures
[2023-08-02 04:19:52,554][flwr][INFO] - fit progress: (75, 0.0465312101688236, {'accuracy': 0.8677}, 128.1976948780357)
[2023-08-02 04:19:52,555][flwr][INFO] - evaluate_round 75: no clients selected, cancel
[2023-08-02 04:19:52,555][flwr][DEBUG] - fit_round 76: strategy sampled 10 clients (out of 1000)
[2023-08-02 04:19:53,216][flwr][DEBUG] - fit_round 76 received 10 results and 0 failures
[2023-08-02 04:19:54,048][flwr][INFO] - fit progress: (76, 0.04551011347472668, {'accuracy': 0.8718}, 129.6909186760313)
[2023-08-02 04:19:54,048][flwr][INFO] - evaluate_round 76: no clients selected, cancel
[2023-08-02 04:19:54,048][flwr][DEBUG] - fit_round 77: strategy sampled 10 clients (out of 1000)
[2023-08-02 04:19:54,665][flwr][DEBUG] - fit_round 77 received 10 results and 0 failures
[2023-08-02 04:19:55,514][flwr][INFO] - fit progress: (77, 0.05130474449545145, {'accuracy': 0.8355}, 131.15770175500074)
[2023-08-02 04:19:55,515][flwr][INFO] - evaluate_round 77: no clients selected, cancel
[2023-08-02 04:19:55,515][flwr][DEBUG] - fit_round 78: strategy sampled 10 clients (out of 1000)
[2023-08-02 04:19:56,287][flwr][DEBUG] - fit_round 78 received 10 results and 0 failures
[2023-08-02 04:19:57,162][flwr][INFO] - fit progress: (78, 0.05424556004032493, {'accuracy': 0.8183}, 132.80576371203642)
[2023-08-02 04:19:57,163][flwr][INFO] - evaluate_round 78: no clients selected, cancel
[2023-08-02 04:19:57,163][flwr][DEBUG] - fit_round 79: strategy sampled 10 clients (out of 1000)
[2023-08-02 04:19:57,882][flwr][DEBUG] - fit_round 79 received 10 results and 0 failures
[2023-08-02 04:19:58,767][flwr][INFO] - fit progress: (79, 0.0514954835806042, {'accuracy': 0.8394}, 134.41041030205088)
[2023-08-02 04:19:58,767][flwr][INFO] - evaluate_round 79: no clients selected, cancel
[2023-08-02 04:19:58,768][flwr][DEBUG] - fit_round 80: strategy sampled 10 clients (out of 1000)
[2023-08-02 04:19:59,509][flwr][DEBUG] - fit_round 80 received 10 results and 0 failures
[2023-08-02 04:20:00,354][flwr][INFO] - fit progress: (80, 0.049590964447706935, {'accuracy': 0.8493}, 135.99780861200998)
[2023-08-02 04:20:00,355][flwr][INFO] - evaluate_round 80: no clients selected, cancel
[2023-08-02 04:20:00,355][flwr][DEBUG] - fit_round 81: strategy sampled 10 clients (out of 1000)
[2023-08-02 04:20:01,557][flwr][DEBUG] - fit_round 81 received 10 results and 0 failures
[2023-08-02 04:20:02,384][flwr][INFO] - fit progress: (81, 0.06101171932369471, {'accuracy': 0.7832}, 138.0273865160416)
[2023-08-02 04:20:02,384][flwr][INFO] - evaluate_round 81: no clients selected, cancel
[2023-08-02 04:20:02,385][flwr][DEBUG] - fit_round 82: strategy sampled 10 clients (out of 1000)
[2023-08-02 04:20:03,623][flwr][DEBUG] - fit_round 82 received 10 results and 0 failures
[2023-08-02 04:20:04,461][flwr][INFO] - fit progress: (82, 0.056561564830318094, {'accuracy': 0.8025}, 140.10409771901323)
[2023-08-02 04:20:04,461][flwr][INFO] - evaluate_round 82: no clients selected, cancel
[2023-08-02 04:20:04,461][flwr][DEBUG] - fit_round 83: strategy sampled 10 clients (out of 1000)
[2023-08-02 04:20:05,202][flwr][DEBUG] - fit_round 83 received 10 results and 0 failures
[2023-08-02 04:20:06,045][flwr][INFO] - fit progress: (83, 0.06275418523214757, {'accuracy': 0.7667}, 141.68825072603067)
[2023-08-02 04:20:06,045][flwr][INFO] - evaluate_round 83: no clients selected, cancel
[2023-08-02 04:20:06,048][flwr][DEBUG] - fit_round 84: strategy sampled 10 clients (out of 1000)
[2023-08-02 04:20:06,691][flwr][DEBUG] - fit_round 84 received 10 results and 0 failures
[2023-08-02 04:20:07,556][flwr][INFO] - fit progress: (84, 0.051181924721598625, {'accuracy': 0.8334}, 143.1995171640301)
[2023-08-02 04:20:07,556][flwr][INFO] - evaluate_round 84: no clients selected, cancel
[2023-08-02 04:20:07,557][flwr][DEBUG] - fit_round 85: strategy sampled 10 clients (out of 1000)
[2023-08-02 04:20:08,295][flwr][DEBUG] - fit_round 85 received 10 results and 0 failures
[2023-08-02 04:20:09,164][flwr][INFO] - fit progress: (85, 0.05044334918707609, {'accuracy': 0.8425}, 144.80767303402536)
[2023-08-02 04:20:09,165][flwr][INFO] - evaluate_round 85: no clients selected, cancel
[2023-08-02 04:20:09,165][flwr][DEBUG] - fit_round 86: strategy sampled 10 clients (out of 1000)
[2023-08-02 04:20:09,839][flwr][DEBUG] - fit_round 86 received 10 results and 0 failures
[2023-08-02 04:20:10,696][flwr][INFO] - fit progress: (86, 0.04384910699352622, {'accuracy': 0.876}, 146.33899221901083)
[2023-08-02 04:20:10,696][flwr][INFO] - evaluate_round 86: no clients selected, cancel
[2023-08-02 04:20:10,696][flwr][DEBUG] - fit_round 87: strategy sampled 10 clients (out of 1000)
[2023-08-02 04:20:11,339][flwr][DEBUG] - fit_round 87 received 10 results and 0 failures
[2023-08-02 04:20:12,181][flwr][INFO] - fit progress: (87, 0.04512750512249768, {'accuracy': 0.8727}, 147.82479561900254)
[2023-08-02 04:20:12,182][flwr][INFO] - evaluate_round 87: no clients selected, cancel
[2023-08-02 04:20:12,182][flwr][DEBUG] - fit_round 88: strategy sampled 10 clients (out of 1000)
[2023-08-02 04:20:12,974][flwr][DEBUG] - fit_round 88 received 10 results and 0 failures
[2023-08-02 04:20:13,857][flwr][INFO] - fit progress: (88, 0.04926258492209017, {'accuracy': 0.843}, 149.50078258203575)
[2023-08-02 04:20:13,858][flwr][INFO] - evaluate_round 88: no clients selected, cancel
[2023-08-02 04:20:13,858][flwr][DEBUG] - fit_round 89: strategy sampled 10 clients (out of 1000)
[2023-08-02 04:20:14,849][flwr][DEBUG] - fit_round 89 received 10 results and 0 failures
[2023-08-02 04:20:15,751][flwr][INFO] - fit progress: (89, 0.04929358339235187, {'accuracy': 0.843}, 151.3940926300129)
[2023-08-02 04:20:15,751][flwr][INFO] - evaluate_round 89: no clients selected, cancel
[2023-08-02 04:20:15,751][flwr][DEBUG] - fit_round 90: strategy sampled 10 clients (out of 1000)
[2023-08-02 04:20:16,964][flwr][DEBUG] - fit_round 90 received 10 results and 0 failures
[2023-08-02 04:20:17,821][flwr][INFO] - fit progress: (90, 0.0544811714373529, {'accuracy': 0.8211}, 153.46428793400992)
[2023-08-02 04:20:17,821][flwr][INFO] - evaluate_round 90: no clients selected, cancel
[2023-08-02 04:20:17,822][flwr][DEBUG] - fit_round 91: strategy sampled 10 clients (out of 1000)
[2023-08-02 04:20:18,622][flwr][DEBUG] - fit_round 91 received 10 results and 0 failures
[2023-08-02 04:20:19,537][flwr][INFO] - fit progress: (91, 0.05439323135688901, {'accuracy': 0.8177}, 155.1804863900179)
[2023-08-02 04:20:19,537][flwr][INFO] - evaluate_round 91: no clients selected, cancel
[2023-08-02 04:20:19,538][flwr][DEBUG] - fit_round 92: strategy sampled 10 clients (out of 1000)
[2023-08-02 04:20:20,360][flwr][DEBUG] - fit_round 92 received 10 results and 0 failures
[2023-08-02 04:20:21,256][flwr][INFO] - fit progress: (92, 0.056180810039117936, {'accuracy': 0.8092}, 156.89953463402344)
[2023-08-02 04:20:21,257][flwr][INFO] - evaluate_round 92: no clients selected, cancel
[2023-08-02 04:20:21,257][flwr][DEBUG] - fit_round 93: strategy sampled 10 clients (out of 1000)
[2023-08-02 04:20:21,961][flwr][DEBUG] - fit_round 93 received 10 results and 0 failures
[2023-08-02 04:20:22,809][flwr][INFO] - fit progress: (93, 0.044859137593209746, {'accuracy': 0.8741}, 158.45218787901103)
[2023-08-02 04:20:22,809][flwr][INFO] - evaluate_round 93: no clients selected, cancel
[2023-08-02 04:20:22,809][flwr][DEBUG] - fit_round 94: strategy sampled 10 clients (out of 1000)
[2023-08-02 04:20:23,462][flwr][DEBUG] - fit_round 94 received 10 results and 0 failures
[2023-08-02 04:20:24,342][flwr][INFO] - fit progress: (94, 0.04532623711265624, {'accuracy': 0.8685}, 159.98488028603606)
[2023-08-02 04:20:24,342][flwr][INFO] - evaluate_round 94: no clients selected, cancel
[2023-08-02 04:20:24,342][flwr][DEBUG] - fit_round 95: strategy sampled 10 clients (out of 1000)
[2023-08-02 04:20:25,119][flwr][DEBUG] - fit_round 95 received 10 results and 0 failures
[2023-08-02 04:20:26,008][flwr][INFO] - fit progress: (95, 0.048285614424571396, {'accuracy': 0.8527}, 161.6512194829993)
[2023-08-02 04:20:26,008][flwr][INFO] - evaluate_round 95: no clients selected, cancel
[2023-08-02 04:20:26,008][flwr][DEBUG] - fit_round 96: strategy sampled 10 clients (out of 1000)
[2023-08-02 04:20:26,774][flwr][DEBUG] - fit_round 96 received 10 results and 0 failures
[2023-08-02 04:20:27,633][flwr][INFO] - fit progress: (96, 0.05328258706256747, {'accuracy': 0.8286}, 163.2768368970137)
[2023-08-02 04:20:27,634][flwr][INFO] - evaluate_round 96: no clients selected, cancel
[2023-08-02 04:20:27,634][flwr][DEBUG] - fit_round 97: strategy sampled 10 clients (out of 1000)
[2023-08-02 04:20:28,293][flwr][DEBUG] - fit_round 97 received 10 results and 0 failures
[2023-08-02 04:20:29,125][flwr][INFO] - fit progress: (97, 0.04723873445019126, {'accuracy': 0.864}, 164.768830998044)
[2023-08-02 04:20:29,126][flwr][INFO] - evaluate_round 97: no clients selected, cancel
[2023-08-02 04:20:29,126][flwr][DEBUG] - fit_round 98: strategy sampled 10 clients (out of 1000)
[2023-08-02 04:20:29,793][flwr][DEBUG] - fit_round 98 received 10 results and 0 failures
[2023-08-02 04:20:30,678][flwr][INFO] - fit progress: (98, 0.04404880330339074, {'accuracy': 0.8812}, 166.32132257602643)
[2023-08-02 04:20:30,678][flwr][INFO] - evaluate_round 98: no clients selected, cancel
[2023-08-02 04:20:30,679][flwr][DEBUG] - fit_round 99: strategy sampled 10 clients (out of 1000)
[2023-08-02 04:20:31,344][flwr][DEBUG] - fit_round 99 received 10 results and 0 failures
[2023-08-02 04:20:32,210][flwr][INFO] - fit progress: (99, 0.048963297155499456, {'accuracy': 0.8536}, 167.85343189601554)
[2023-08-02 04:20:32,210][flwr][INFO] - evaluate_round 99: no clients selected, cancel
[2023-08-02 04:20:32,212][flwr][DEBUG] - fit_round 100: strategy sampled 10 clients (out of 1000)
[2023-08-02 04:20:32,978][flwr][DEBUG] - fit_round 100 received 10 results and 0 failures
[2023-08-02 04:20:33,812][flwr][INFO] - fit progress: (100, 0.04744092963114381, {'accuracy': 0.8616}, 169.45547607401386)
[2023-08-02 04:20:33,812][flwr][INFO] - evaluate_round 100: no clients selected, cancel
[2023-08-02 04:20:33,812][flwr][INFO] - FL finished in 169.45581772201695
[2023-08-02 04:20:33,813][flwr][INFO] - app_fit: losses_distributed []
[2023-08-02 04:20:33,813][flwr][INFO] - app_fit: metrics_distributed {}
[2023-08-02 04:20:33,813][flwr][INFO] - app_fit: losses_centralized [(0, 0.24414234371185303), (1, 0.253891131579876), (2, 0.2072600078701973), (3, 0.18187793201208113), (4, 0.16876912974119188), (5, 0.1710151276767254), (6, 0.13536246148347855), (7, 0.14840486703515052), (8, 0.14182628896236418), (9, 0.10856623274683952), (10, 0.1075426231354475), (11, 0.10620527390241623), (12, 0.129575908267498), (13, 0.09999741209447384), (14, 0.08907743723392486), (15, 0.08633981564790011), (16, 0.08354572157859802), (17, 0.09413634415566921), (18, 0.07656534775942564), (19, 0.07430341456234456), (20, 0.07343704281300306), (21, 0.07574653231352568), (22, 0.08265506324619054), (23, 0.07597657586187125), (24, 0.08951941217184067), (25, 0.06776909336745739), (26, 0.06793741227909923), (27, 0.06387065328806639), (28, 0.06306632484644652), (29, 0.06057949212417006), (30, 0.061698455683887), (31, 0.06173453253209591), (32, 0.05956606628149748), (33, 0.06636257371604443), (34, 0.06934183350577951), (35, 0.07959985316991806), (36, 0.06286844322904944), (37, 0.08922243975549936), (38, 0.06222297510057688), (39, 0.07432787070274353), (40, 0.05715960504040122), (41, 0.060701096551120284), (42, 0.056506113932281735), (43, 0.05803712475597859), (44, 0.05363749600686133), (45, 0.06434639981389045), (46, 0.05136177591383457), (47, 0.059453892888873816), (48, 0.054903176742047075), (49, 0.052236832408607006), (50, 0.05948241378813982), (51, 0.059225341138243674), (52, 0.05255365728065371), (53, 0.05172545434199274), (54, 0.056200299955159426), (55, 0.05276053310520947), (56, 0.052177171730995175), (57, 0.04954337527416647), (58, 0.04856293993219733), (59, 0.048283135351911186), (60, 0.04781190891116858), (61, 0.049827064168453214), (62, 0.04988074945360422), (63, 0.04887625420168042), (64, 0.04809581367745996), (65, 0.05719813400581479), (66, 0.06290179998204112), (67, 0.05036098185218871), (68, 0.052724636393785475), (69, 0.05964161217771471), (70, 0.05187126527316868), (71, 0.05339162917360663), (72, 0.052551898900419475), (73, 0.04847360466867685), (74, 0.0465861904527992), (75, 0.0465312101688236), (76, 0.04551011347472668), (77, 0.05130474449545145), (78, 0.05424556004032493), (79, 0.0514954835806042), (80, 0.049590964447706935), (81, 0.06101171932369471), (82, 0.056561564830318094), (83, 0.06275418523214757), (84, 0.051181924721598625), (85, 0.05044334918707609), (86, 0.04384910699352622), (87, 0.04512750512249768), (88, 0.04926258492209017), (89, 0.04929358339235187), (90, 0.0544811714373529), (91, 0.05439323135688901), (92, 0.056180810039117936), (93, 0.044859137593209746), (94, 0.04532623711265624), (95, 0.048285614424571396), (96, 0.05328258706256747), (97, 0.04723873445019126), (98, 0.04404880330339074), (99, 0.048963297155499456), (100, 0.04744092963114381)]
[2023-08-02 04:20:33,813][flwr][INFO] - app_fit: metrics_centralized {'accuracy': [(0, 0.0902), (1, 0.1299), (2, 0.274), (3, 0.3521), (4, 0.389), (5, 0.3338), (6, 0.5788), (7, 0.425), (8, 0.4886), (9, 0.7426), (10, 0.6976), (11, 0.6828), (12, 0.5238), (13, 0.7005), (14, 0.7774), (15, 0.7841), (16, 0.7859), (17, 0.7045), (18, 0.8194), (19, 0.8098), (20, 0.7981), (21, 0.7871), (22, 0.7135), (23, 0.7481), (24, 0.6808), (25, 0.8145), (26, 0.8049), (27, 0.8302), (28, 0.8261), (29, 0.8451), (30, 0.8472), (31, 0.8354), (32, 0.8441), (33, 0.7878), (34, 0.7596), (35, 0.6848), (36, 0.8241), (37, 0.6686), (38, 0.8018), (39, 0.728), (40, 0.8412), (41, 0.8156), (42, 0.8407), (43, 0.8375), (44, 0.861), (45, 0.7943), (46, 0.8628), (47, 0.8193), (48, 0.8541), (49, 0.8625), (50, 0.8036), (51, 0.8091), (52, 0.8534), (53, 0.8624), (54, 0.8493), (55, 0.8612), (56, 0.8592), (57, 0.874), (58, 0.8765), (59, 0.8754), (60, 0.88), (61, 0.8593), (62, 0.8508), (63, 0.8527), (64, 0.8627), (65, 0.8023), (66, 0.7694), (67, 0.8527), (68, 0.8398), (69, 0.8016), (70, 0.8402), (71, 0.8312), (72, 0.8402), (73, 0.8611), (74, 0.8705), (75, 0.8677), (76, 0.8718), (77, 0.8355), (78, 0.8183), (79, 0.8394), (80, 0.8493), (81, 0.7832), (82, 0.8025), (83, 0.7667), (84, 0.8334), (85, 0.8425), (86, 0.876), (87, 0.8727), (88, 0.843), (89, 0.843), (90, 0.8211), (91, 0.8177), (92, 0.8092), (93, 0.8741), (94, 0.8685), (95, 0.8527), (96, 0.8286), (97, 0.864), (98, 0.8812), (99, 0.8536), (100, 0.8616)]}
