[2023-08-02 03:31:26,220][flwr][INFO] - Starting Flower simulation, config: ServerConfig(num_rounds=100, round_timeout=None)
[2023-08-02 03:31:31,390][flwr][INFO] - Flower VCE: Ray initialized with resources: {'memory': 4117386855.0, 'node:192.168.43.142': 1.0, 'CPU': 20.0, 'object_store_memory': 2058693427.0}
[2023-08-02 03:31:31,394][flwr][INFO] - Initializing global parameters
[2023-08-02 03:31:31,394][flwr][INFO] - Requesting initial parameters from one random client
[2023-08-02 03:31:33,166][flwr][INFO] - Received initial parameters from one random client
[2023-08-02 03:31:33,166][flwr][INFO] - Evaluating initial parameters
[2023-08-02 03:31:34,050][flwr][INFO] - initial parameters (loss, other metrics): 0.2384923992395401, {'accuracy': 0.0995}
[2023-08-02 03:31:34,050][flwr][INFO] - FL starting
[2023-08-02 03:31:34,051][flwr][DEBUG] - fit_round 1: strategy sampled 10 clients (out of 1000)
[2023-08-02 03:31:36,002][flwr][DEBUG] - fit_round 1 received 10 results and 0 failures
[2023-08-02 03:31:36,006][flwr][WARNING] - No fit_metrics_aggregation_fn provided
[2023-08-02 03:31:36,863][flwr][INFO] - fit progress: (1, 0.20573174685239792, {'accuracy': 0.2905}, 2.8128535490250215)
[2023-08-02 03:31:36,863][flwr][INFO] - evaluate_round 1: no clients selected, cancel
[2023-08-02 03:31:36,864][flwr][DEBUG] - fit_round 2: strategy sampled 10 clients (out of 1000)
[2023-08-02 03:31:37,437][flwr][DEBUG] - fit_round 2 received 10 results and 0 failures
[2023-08-02 03:31:38,313][flwr][INFO] - fit progress: (2, 0.26806745727062226, {'accuracy': 0.2123}, 4.262381237989757)
[2023-08-02 03:31:38,313][flwr][INFO] - evaluate_round 2: no clients selected, cancel
[2023-08-02 03:31:38,313][flwr][DEBUG] - fit_round 3: strategy sampled 10 clients (out of 1000)
[2023-08-02 03:31:38,947][flwr][DEBUG] - fit_round 3 received 10 results and 0 failures
[2023-08-02 03:31:39,791][flwr][INFO] - fit progress: (3, 0.1523300895690918, {'accuracy': 0.447}, 5.740250292001292)
[2023-08-02 03:31:39,791][flwr][INFO] - evaluate_round 3: no clients selected, cancel
[2023-08-02 03:31:39,791][flwr][DEBUG] - fit_round 4: strategy sampled 10 clients (out of 1000)
[2023-08-02 03:31:41,286][flwr][DEBUG] - fit_round 4 received 10 results and 0 failures
[2023-08-02 03:31:42,176][flwr][INFO] - fit progress: (4, 0.15664387010931968, {'accuracy': 0.4603}, 8.126027555030305)
[2023-08-02 03:31:42,177][flwr][INFO] - evaluate_round 4: no clients selected, cancel
[2023-08-02 03:31:42,177][flwr][DEBUG] - fit_round 5: strategy sampled 10 clients (out of 1000)
[2023-08-02 03:31:43,908][flwr][DEBUG] - fit_round 5 received 10 results and 0 failures
[2023-08-02 03:31:44,827][flwr][INFO] - fit progress: (5, 0.1476568492203951, {'accuracy': 0.4495}, 10.776468137977645)
[2023-08-02 03:31:44,827][flwr][INFO] - evaluate_round 5: no clients selected, cancel
[2023-08-02 03:31:44,827][flwr][DEBUG] - fit_round 6: strategy sampled 10 clients (out of 1000)
[2023-08-02 03:31:45,567][flwr][DEBUG] - fit_round 6 received 10 results and 0 failures
[2023-08-02 03:31:46,490][flwr][INFO] - fit progress: (6, 0.21141226649284361, {'accuracy': 0.3641}, 12.439513157005422)
[2023-08-02 03:31:46,490][flwr][INFO] - evaluate_round 6: no clients selected, cancel
[2023-08-02 03:31:46,491][flwr][DEBUG] - fit_round 7: strategy sampled 10 clients (out of 1000)
[2023-08-02 03:31:47,204][flwr][DEBUG] - fit_round 7 received 10 results and 0 failures
[2023-08-02 03:31:48,068][flwr][INFO] - fit progress: (7, 0.1765675707668066, {'accuracy': 0.4796}, 14.017142042983323)
[2023-08-02 03:31:48,068][flwr][INFO] - evaluate_round 7: no clients selected, cancel
[2023-08-02 03:31:48,068][flwr][DEBUG] - fit_round 8: strategy sampled 10 clients (out of 1000)
[2023-08-02 03:31:48,741][flwr][DEBUG] - fit_round 8 received 10 results and 0 failures
[2023-08-02 03:31:49,605][flwr][INFO] - fit progress: (8, 0.1890544470757246, {'accuracy': 0.3946}, 15.55452816397883)
[2023-08-02 03:31:49,605][flwr][INFO] - evaluate_round 8: no clients selected, cancel
[2023-08-02 03:31:49,605][flwr][DEBUG] - fit_round 9: strategy sampled 10 clients (out of 1000)
[2023-08-02 03:31:50,211][flwr][DEBUG] - fit_round 9 received 10 results and 0 failures
[2023-08-02 03:31:51,123][flwr][INFO] - fit progress: (9, 0.12833976711332798, {'accuracy': 0.507}, 17.07222896401072)
[2023-08-02 03:31:51,123][flwr][INFO] - evaluate_round 9: no clients selected, cancel
[2023-08-02 03:31:51,123][flwr][DEBUG] - fit_round 10: strategy sampled 10 clients (out of 1000)
[2023-08-02 03:31:51,785][flwr][DEBUG] - fit_round 10 received 10 results and 0 failures
[2023-08-02 03:31:52,692][flwr][INFO] - fit progress: (10, 0.07308422262445093, {'accuracy': 0.7906}, 18.641557310998905)
[2023-08-02 03:31:52,692][flwr][INFO] - evaluate_round 10: no clients selected, cancel
[2023-08-02 03:31:52,693][flwr][DEBUG] - fit_round 11: strategy sampled 10 clients (out of 1000)
[2023-08-02 03:31:53,336][flwr][DEBUG] - fit_round 11 received 10 results and 0 failures
[2023-08-02 03:31:54,198][flwr][INFO] - fit progress: (11, 0.09730724392980337, {'accuracy': 0.6809}, 20.148038642015308)
[2023-08-02 03:31:54,199][flwr][INFO] - evaluate_round 11: no clients selected, cancel
[2023-08-02 03:31:54,199][flwr][DEBUG] - fit_round 12: strategy sampled 10 clients (out of 1000)
[2023-08-02 03:31:54,928][flwr][DEBUG] - fit_round 12 received 10 results and 0 failures
[2023-08-02 03:31:55,774][flwr][INFO] - fit progress: (12, 0.11707454593032598, {'accuracy': 0.5775}, 21.724012702004984)
[2023-08-02 03:31:55,775][flwr][INFO] - evaluate_round 12: no clients selected, cancel
[2023-08-02 03:31:55,775][flwr][DEBUG] - fit_round 13: strategy sampled 10 clients (out of 1000)
[2023-08-02 03:31:56,442][flwr][DEBUG] - fit_round 13 received 10 results and 0 failures
[2023-08-02 03:31:57,343][flwr][INFO] - fit progress: (13, 0.11358633370175958, {'accuracy': 0.5891}, 23.292787844024133)
[2023-08-02 03:31:57,343][flwr][INFO] - evaluate_round 13: no clients selected, cancel
[2023-08-02 03:31:57,344][flwr][DEBUG] - fit_round 14: strategy sampled 10 clients (out of 1000)
[2023-08-02 03:31:57,977][flwr][DEBUG] - fit_round 14 received 10 results and 0 failures
[2023-08-02 03:31:58,894][flwr][INFO] - fit progress: (14, 0.08203686958700418, {'accuracy': 0.7032}, 24.844061315001454)
[2023-08-02 03:31:58,895][flwr][INFO] - evaluate_round 14: no clients selected, cancel
[2023-08-02 03:31:58,895][flwr][DEBUG] - fit_round 15: strategy sampled 10 clients (out of 1000)
[2023-08-02 03:31:59,830][flwr][DEBUG] - fit_round 15 received 10 results and 0 failures
[2023-08-02 03:32:00,710][flwr][INFO] - fit progress: (15, 0.08876976099014282, {'accuracy': 0.6827}, 26.65924210502999)
[2023-08-02 03:32:00,710][flwr][INFO] - evaluate_round 15: no clients selected, cancel
[2023-08-02 03:32:00,710][flwr][DEBUG] - fit_round 16: strategy sampled 10 clients (out of 1000)
[2023-08-02 03:32:01,402][flwr][DEBUG] - fit_round 16 received 10 results and 0 failures
[2023-08-02 03:32:02,291][flwr][INFO] - fit progress: (16, 0.07099292223900557, {'accuracy': 0.7536}, 28.24073415901512)
[2023-08-02 03:32:02,291][flwr][INFO] - evaluate_round 16: no clients selected, cancel
[2023-08-02 03:32:02,292][flwr][DEBUG] - fit_round 17: strategy sampled 10 clients (out of 1000)
[2023-08-02 03:32:03,004][flwr][DEBUG] - fit_round 17 received 10 results and 0 failures
[2023-08-02 03:32:03,850][flwr][INFO] - fit progress: (17, 0.11249946951717138, {'accuracy': 0.6155}, 29.799555957026314)
[2023-08-02 03:32:03,850][flwr][INFO] - evaluate_round 17: no clients selected, cancel
[2023-08-02 03:32:03,851][flwr][DEBUG] - fit_round 18: strategy sampled 10 clients (out of 1000)
[2023-08-02 03:32:04,507][flwr][DEBUG] - fit_round 18 received 10 results and 0 failures
[2023-08-02 03:32:05,414][flwr][INFO] - fit progress: (18, 0.06739155461788178, {'accuracy': 0.7848}, 31.363518621015828)
[2023-08-02 03:32:05,414][flwr][INFO] - evaluate_round 18: no clients selected, cancel
[2023-08-02 03:32:05,414][flwr][DEBUG] - fit_round 19: strategy sampled 10 clients (out of 1000)
[2023-08-02 03:32:06,170][flwr][DEBUG] - fit_round 19 received 10 results and 0 failures
[2023-08-02 03:32:07,109][flwr][INFO] - fit progress: (19, 0.06790620161816478, {'accuracy': 0.7604}, 33.05814699700568)
[2023-08-02 03:32:07,109][flwr][INFO] - evaluate_round 19: no clients selected, cancel
[2023-08-02 03:32:07,109][flwr][DEBUG] - fit_round 20: strategy sampled 10 clients (out of 1000)
[2023-08-02 03:32:07,883][flwr][DEBUG] - fit_round 20 received 10 results and 0 failures
[2023-08-02 03:32:08,723][flwr][INFO] - fit progress: (20, 0.07293006232082844, {'accuracy': 0.7475}, 34.67227499798173)
[2023-08-02 03:32:08,723][flwr][INFO] - evaluate_round 20: no clients selected, cancel
[2023-08-02 03:32:08,723][flwr][DEBUG] - fit_round 21: strategy sampled 10 clients (out of 1000)
[2023-08-02 03:32:09,348][flwr][DEBUG] - fit_round 21 received 10 results and 0 failures
[2023-08-02 03:32:10,196][flwr][INFO] - fit progress: (21, 0.0836182638578117, {'accuracy': 0.6854}, 36.14594236097764)
[2023-08-02 03:32:10,197][flwr][INFO] - evaluate_round 21: no clients selected, cancel
[2023-08-02 03:32:10,197][flwr][DEBUG] - fit_round 22: strategy sampled 10 clients (out of 1000)
[2023-08-02 03:32:11,029][flwr][DEBUG] - fit_round 22 received 10 results and 0 failures
[2023-08-02 03:32:11,927][flwr][INFO] - fit progress: (22, 0.12446011912822723, {'accuracy': 0.539}, 37.87640001100954)
[2023-08-02 03:32:11,927][flwr][INFO] - evaluate_round 22: no clients selected, cancel
[2023-08-02 03:32:11,927][flwr][DEBUG] - fit_round 23: strategy sampled 10 clients (out of 1000)
[2023-08-02 03:32:12,661][flwr][DEBUG] - fit_round 23 received 10 results and 0 failures
[2023-08-02 03:32:13,583][flwr][INFO] - fit progress: (23, 0.06846045817397535, {'accuracy': 0.779}, 39.5324367180001)
[2023-08-02 03:32:13,583][flwr][INFO] - evaluate_round 23: no clients selected, cancel
[2023-08-02 03:32:13,583][flwr][DEBUG] - fit_round 24: strategy sampled 10 clients (out of 1000)
[2023-08-02 03:32:14,662][flwr][DEBUG] - fit_round 24 received 10 results and 0 failures
[2023-08-02 03:32:15,568][flwr][INFO] - fit progress: (24, 0.14765456215143205, {'accuracy': 0.5073}, 41.51718742301455)
[2023-08-02 03:32:15,568][flwr][INFO] - evaluate_round 24: no clients selected, cancel
[2023-08-02 03:32:15,568][flwr][DEBUG] - fit_round 25: strategy sampled 10 clients (out of 1000)
[2023-08-02 03:32:16,245][flwr][DEBUG] - fit_round 25 received 10 results and 0 failures
[2023-08-02 03:32:17,120][flwr][INFO] - fit progress: (25, 0.05774582299888134, {'accuracy': 0.8094}, 43.069804753002245)
[2023-08-02 03:32:17,120][flwr][INFO] - evaluate_round 25: no clients selected, cancel
[2023-08-02 03:32:17,121][flwr][DEBUG] - fit_round 26: strategy sampled 10 clients (out of 1000)
[2023-08-02 03:32:17,795][flwr][DEBUG] - fit_round 26 received 10 results and 0 failures
[2023-08-02 03:32:18,672][flwr][INFO] - fit progress: (26, 0.10768071466386318, {'accuracy': 0.6414}, 44.62121092900634)
[2023-08-02 03:32:18,672][flwr][INFO] - evaluate_round 26: no clients selected, cancel
[2023-08-02 03:32:18,672][flwr][DEBUG] - fit_round 27: strategy sampled 10 clients (out of 1000)
[2023-08-02 03:32:19,349][flwr][DEBUG] - fit_round 27 received 10 results and 0 failures
[2023-08-02 03:32:20,232][flwr][INFO] - fit progress: (27, 0.0917289247058332, {'accuracy': 0.6905}, 46.181876829999965)
[2023-08-02 03:32:20,233][flwr][INFO] - evaluate_round 27: no clients selected, cancel
[2023-08-02 03:32:20,233][flwr][DEBUG] - fit_round 28: strategy sampled 10 clients (out of 1000)
[2023-08-02 03:32:20,874][flwr][DEBUG] - fit_round 28 received 10 results and 0 failures
[2023-08-02 03:32:21,722][flwr][INFO] - fit progress: (28, 0.08854717175811529, {'accuracy': 0.6727}, 47.67176823201589)
[2023-08-02 03:32:21,722][flwr][INFO] - evaluate_round 28: no clients selected, cancel
[2023-08-02 03:32:21,723][flwr][DEBUG] - fit_round 29: strategy sampled 10 clients (out of 1000)
[2023-08-02 03:32:22,421][flwr][DEBUG] - fit_round 29 received 10 results and 0 failures
[2023-08-02 03:32:23,274][flwr][INFO] - fit progress: (29, 0.06520748535394669, {'accuracy': 0.7628}, 49.22369724401506)
[2023-08-02 03:32:23,274][flwr][INFO] - evaluate_round 29: no clients selected, cancel
[2023-08-02 03:32:23,275][flwr][DEBUG] - fit_round 30: strategy sampled 10 clients (out of 1000)
[2023-08-02 03:32:23,923][flwr][DEBUG] - fit_round 30 received 10 results and 0 failures
[2023-08-02 03:32:24,765][flwr][INFO] - fit progress: (30, 0.05075477148778736, {'accuracy': 0.8501}, 50.714307115995325)
[2023-08-02 03:32:24,765][flwr][INFO] - evaluate_round 30: no clients selected, cancel
[2023-08-02 03:32:24,765][flwr][DEBUG] - fit_round 31: strategy sampled 10 clients (out of 1000)
[2023-08-02 03:32:25,465][flwr][DEBUG] - fit_round 31 received 10 results and 0 failures
[2023-08-02 03:32:26,367][flwr][INFO] - fit progress: (31, 0.05495074437595904, {'accuracy': 0.8172}, 52.316731489030644)
[2023-08-02 03:32:26,367][flwr][INFO] - evaluate_round 31: no clients selected, cancel
[2023-08-02 03:32:26,368][flwr][DEBUG] - fit_round 32: strategy sampled 10 clients (out of 1000)
[2023-08-02 03:32:27,137][flwr][DEBUG] - fit_round 32 received 10 results and 0 failures
[2023-08-02 03:32:27,989][flwr][INFO] - fit progress: (32, 0.08404410386532545, {'accuracy': 0.6941}, 53.938371400989126)
[2023-08-02 03:32:27,989][flwr][INFO] - evaluate_round 32: no clients selected, cancel
[2023-08-02 03:32:27,990][flwr][DEBUG] - fit_round 33: strategy sampled 10 clients (out of 1000)
[2023-08-02 03:32:29,532][flwr][DEBUG] - fit_round 33 received 10 results and 0 failures
[2023-08-02 03:32:30,431][flwr][INFO] - fit progress: (33, 0.22825887051224708, {'accuracy': 0.3794}, 56.38024598301854)
[2023-08-02 03:32:30,431][flwr][INFO] - evaluate_round 33: no clients selected, cancel
[2023-08-02 03:32:30,431][flwr][DEBUG] - fit_round 34: strategy sampled 10 clients (out of 1000)
[2023-08-02 03:32:31,080][flwr][DEBUG] - fit_round 34 received 10 results and 0 failures
[2023-08-02 03:32:31,914][flwr][INFO] - fit progress: (34, 0.06524271609969437, {'accuracy': 0.7815}, 57.863420088018756)
[2023-08-02 03:32:31,914][flwr][INFO] - evaluate_round 34: no clients selected, cancel
[2023-08-02 03:32:31,914][flwr][DEBUG] - fit_round 35: strategy sampled 10 clients (out of 1000)
[2023-08-02 03:32:32,545][flwr][DEBUG] - fit_round 35 received 10 results and 0 failures
[2023-08-02 03:32:33,396][flwr][INFO] - fit progress: (35, 0.05624989413879812, {'accuracy': 0.8275}, 59.345787758997176)
[2023-08-02 03:32:33,396][flwr][INFO] - evaluate_round 35: no clients selected, cancel
[2023-08-02 03:32:33,397][flwr][DEBUG] - fit_round 36: strategy sampled 10 clients (out of 1000)
[2023-08-02 03:32:34,389][flwr][DEBUG] - fit_round 36 received 10 results and 0 failures
[2023-08-02 03:32:35,276][flwr][INFO] - fit progress: (36, 0.12077233754545451, {'accuracy': 0.5933}, 61.22606627398636)
[2023-08-02 03:32:35,277][flwr][INFO] - evaluate_round 36: no clients selected, cancel
[2023-08-02 03:32:35,277][flwr][DEBUG] - fit_round 37: strategy sampled 10 clients (out of 1000)
[2023-08-02 03:32:36,054][flwr][DEBUG] - fit_round 37 received 10 results and 0 failures
[2023-08-02 03:32:36,952][flwr][INFO] - fit progress: (37, 0.05980523555446416, {'accuracy': 0.786}, 62.90119737503119)
[2023-08-02 03:32:36,952][flwr][INFO] - evaluate_round 37: no clients selected, cancel
[2023-08-02 03:32:36,952][flwr][DEBUG] - fit_round 38: strategy sampled 10 clients (out of 1000)
[2023-08-02 03:32:37,596][flwr][DEBUG] - fit_round 38 received 10 results and 0 failures
[2023-08-02 03:32:38,426][flwr][INFO] - fit progress: (38, 0.04901151870600879, {'accuracy': 0.8475}, 64.37607608700637)
[2023-08-02 03:32:38,427][flwr][INFO] - evaluate_round 38: no clients selected, cancel
[2023-08-02 03:32:38,429][flwr][DEBUG] - fit_round 39: strategy sampled 10 clients (out of 1000)
[2023-08-02 03:32:39,066][flwr][DEBUG] - fit_round 39 received 10 results and 0 failures
[2023-08-02 03:32:39,943][flwr][INFO] - fit progress: (39, 0.07475075234435499, {'accuracy': 0.7373}, 65.89226438303012)
[2023-08-02 03:32:39,943][flwr][INFO] - evaluate_round 39: no clients selected, cancel
[2023-08-02 03:32:39,943][flwr][DEBUG] - fit_round 40: strategy sampled 10 clients (out of 1000)
[2023-08-02 03:32:40,626][flwr][DEBUG] - fit_round 40 received 10 results and 0 failures
[2023-08-02 03:32:41,554][flwr][INFO] - fit progress: (40, 0.048564005408622324, {'accuracy': 0.8481}, 67.50313154200558)
[2023-08-02 03:32:41,554][flwr][INFO] - evaluate_round 40: no clients selected, cancel
[2023-08-02 03:32:41,554][flwr][DEBUG] - fit_round 41: strategy sampled 10 clients (out of 1000)
[2023-08-02 03:32:42,465][flwr][DEBUG] - fit_round 41 received 10 results and 0 failures
[2023-08-02 03:32:43,613][flwr][INFO] - fit progress: (41, 0.06541488599963487, {'accuracy': 0.7871}, 69.56268868898042)
[2023-08-02 03:32:43,613][flwr][INFO] - evaluate_round 41: no clients selected, cancel
[2023-08-02 03:32:43,616][flwr][DEBUG] - fit_round 42: strategy sampled 10 clients (out of 1000)
[2023-08-02 03:32:44,368][flwr][DEBUG] - fit_round 42 received 10 results and 0 failures
[2023-08-02 03:32:45,258][flwr][INFO] - fit progress: (42, 0.05077188300397247, {'accuracy': 0.838}, 71.2077544410131)
[2023-08-02 03:32:45,258][flwr][INFO] - evaluate_round 42: no clients selected, cancel
[2023-08-02 03:32:45,259][flwr][DEBUG] - fit_round 43: strategy sampled 10 clients (out of 1000)
[2023-08-02 03:32:45,937][flwr][DEBUG] - fit_round 43 received 10 results and 0 failures
[2023-08-02 03:32:46,784][flwr][INFO] - fit progress: (43, 0.07394210467003286, {'accuracy': 0.7178}, 72.73336323798867)
[2023-08-02 03:32:46,784][flwr][INFO] - evaluate_round 43: no clients selected, cancel
[2023-08-02 03:32:46,784][flwr][DEBUG] - fit_round 44: strategy sampled 10 clients (out of 1000)
[2023-08-02 03:32:47,437][flwr][DEBUG] - fit_round 44 received 10 results and 0 failures
[2023-08-02 03:32:48,285][flwr][INFO] - fit progress: (44, 0.04379983016587794, {'accuracy': 0.8607}, 74.23505313100759)
[2023-08-02 03:32:48,286][flwr][INFO] - evaluate_round 44: no clients selected, cancel
[2023-08-02 03:32:48,286][flwr][DEBUG] - fit_round 45: strategy sampled 10 clients (out of 1000)
[2023-08-02 03:32:48,919][flwr][DEBUG] - fit_round 45 received 10 results and 0 failures
[2023-08-02 03:32:49,829][flwr][INFO] - fit progress: (45, 0.05202508233450353, {'accuracy': 0.8294}, 75.77901269501308)
[2023-08-02 03:32:49,830][flwr][INFO] - evaluate_round 45: no clients selected, cancel
[2023-08-02 03:32:49,830][flwr][DEBUG] - fit_round 46: strategy sampled 10 clients (out of 1000)
[2023-08-02 03:32:50,631][flwr][DEBUG] - fit_round 46 received 10 results and 0 failures
[2023-08-02 03:32:51,542][flwr][INFO] - fit progress: (46, 0.05711016116067767, {'accuracy': 0.8126}, 77.49112002900802)
[2023-08-02 03:32:51,542][flwr][INFO] - evaluate_round 46: no clients selected, cancel
[2023-08-02 03:32:51,542][flwr][DEBUG] - fit_round 47: strategy sampled 10 clients (out of 1000)
[2023-08-02 03:32:52,203][flwr][DEBUG] - fit_round 47 received 10 results and 0 failures
[2023-08-02 03:32:53,059][flwr][INFO] - fit progress: (47, 0.05762784619219601, {'accuracy': 0.8092}, 79.00820061500417)
[2023-08-02 03:32:53,059][flwr][INFO] - evaluate_round 47: no clients selected, cancel
[2023-08-02 03:32:53,059][flwr][DEBUG] - fit_round 48: strategy sampled 10 clients (out of 1000)
[2023-08-02 03:32:53,841][flwr][DEBUG] - fit_round 48 received 10 results and 0 failures
[2023-08-02 03:32:54,708][flwr][INFO] - fit progress: (48, 0.06771325201019644, {'accuracy': 0.7619}, 80.65784332097974)
[2023-08-02 03:32:54,708][flwr][INFO] - evaluate_round 48: no clients selected, cancel
[2023-08-02 03:32:54,709][flwr][DEBUG] - fit_round 49: strategy sampled 10 clients (out of 1000)
[2023-08-02 03:32:55,404][flwr][DEBUG] - fit_round 49 received 10 results and 0 failures
[2023-08-02 03:32:56,283][flwr][INFO] - fit progress: (49, 0.04979100296162069, {'accuracy': 0.8427}, 82.23222264100332)
[2023-08-02 03:32:56,283][flwr][INFO] - evaluate_round 49: no clients selected, cancel
[2023-08-02 03:32:56,283][flwr][DEBUG] - fit_round 50: strategy sampled 10 clients (out of 1000)
[2023-08-02 03:32:57,381][flwr][DEBUG] - fit_round 50 received 10 results and 0 failures
[2023-08-02 03:32:58,286][flwr][INFO] - fit progress: (50, 0.0575959363957867, {'accuracy': 0.8189}, 84.23553556000115)
[2023-08-02 03:32:58,286][flwr][INFO] - evaluate_round 50: no clients selected, cancel
[2023-08-02 03:32:58,287][flwr][DEBUG] - fit_round 51: strategy sampled 10 clients (out of 1000)
[2023-08-02 03:32:59,307][flwr][DEBUG] - fit_round 51 received 10 results and 0 failures
[2023-08-02 03:33:00,224][flwr][INFO] - fit progress: (51, 0.057333888144418595, {'accuracy': 0.8169}, 86.17313961603213)
[2023-08-02 03:33:00,224][flwr][INFO] - evaluate_round 51: no clients selected, cancel
[2023-08-02 03:33:00,224][flwr][DEBUG] - fit_round 52: strategy sampled 10 clients (out of 1000)
[2023-08-02 03:33:01,019][flwr][DEBUG] - fit_round 52 received 10 results and 0 failures
[2023-08-02 03:33:01,954][flwr][INFO] - fit progress: (52, 0.04251991453655064, {'accuracy': 0.8711}, 87.90362778998679)
[2023-08-02 03:33:01,954][flwr][INFO] - evaluate_round 52: no clients selected, cancel
[2023-08-02 03:33:01,955][flwr][DEBUG] - fit_round 53: strategy sampled 10 clients (out of 1000)
[2023-08-02 03:33:02,668][flwr][DEBUG] - fit_round 53 received 10 results and 0 failures
[2023-08-02 03:33:03,523][flwr][INFO] - fit progress: (53, 0.04003190154358745, {'accuracy': 0.88}, 89.4722198380041)
[2023-08-02 03:33:03,523][flwr][INFO] - evaluate_round 53: no clients selected, cancel
[2023-08-02 03:33:03,523][flwr][DEBUG] - fit_round 54: strategy sampled 10 clients (out of 1000)
[2023-08-02 03:33:04,417][flwr][DEBUG] - fit_round 54 received 10 results and 0 failures
[2023-08-02 03:33:05,316][flwr][INFO] - fit progress: (54, 0.05098930839672685, {'accuracy': 0.8228}, 91.26546871301252)
[2023-08-02 03:33:05,316][flwr][INFO] - evaluate_round 54: no clients selected, cancel
[2023-08-02 03:33:05,316][flwr][DEBUG] - fit_round 55: strategy sampled 10 clients (out of 1000)
[2023-08-02 03:33:05,972][flwr][DEBUG] - fit_round 55 received 10 results and 0 failures
[2023-08-02 03:33:06,844][flwr][INFO] - fit progress: (55, 0.05006773237735033, {'accuracy': 0.837}, 92.79392937402008)
[2023-08-02 03:33:06,845][flwr][INFO] - evaluate_round 55: no clients selected, cancel
[2023-08-02 03:33:06,845][flwr][DEBUG] - fit_round 56: strategy sampled 10 clients (out of 1000)
[2023-08-02 03:33:07,489][flwr][DEBUG] - fit_round 56 received 10 results and 0 failures
[2023-08-02 03:33:08,383][flwr][INFO] - fit progress: (56, 0.040593359072040765, {'accuracy': 0.8781}, 94.33267388801323)
[2023-08-02 03:33:08,383][flwr][INFO] - evaluate_round 56: no clients selected, cancel
[2023-08-02 03:33:08,384][flwr][DEBUG] - fit_round 57: strategy sampled 10 clients (out of 1000)
[2023-08-02 03:33:09,752][flwr][DEBUG] - fit_round 57 received 10 results and 0 failures
[2023-08-02 03:33:10,712][flwr][INFO] - fit progress: (57, 0.08018972258120775, {'accuracy': 0.7299}, 96.66166784701636)
[2023-08-02 03:33:10,712][flwr][INFO] - evaluate_round 57: no clients selected, cancel
[2023-08-02 03:33:10,713][flwr][DEBUG] - fit_round 58: strategy sampled 10 clients (out of 1000)
[2023-08-02 03:33:11,425][flwr][DEBUG] - fit_round 58 received 10 results and 0 failures
[2023-08-02 03:33:12,323][flwr][INFO] - fit progress: (58, 0.06477789162900299, {'accuracy': 0.7765}, 98.27274740103167)
[2023-08-02 03:33:12,323][flwr][INFO] - evaluate_round 58: no clients selected, cancel
[2023-08-02 03:33:12,324][flwr][DEBUG] - fit_round 59: strategy sampled 10 clients (out of 1000)
[2023-08-02 03:33:14,446][flwr][DEBUG] - fit_round 59 received 10 results and 0 failures
[2023-08-02 03:33:15,327][flwr][INFO] - fit progress: (59, 0.07428530364073813, {'accuracy': 0.7443}, 101.27651592198526)
[2023-08-02 03:33:15,327][flwr][INFO] - evaluate_round 59: no clients selected, cancel
[2023-08-02 03:33:15,328][flwr][DEBUG] - fit_round 60: strategy sampled 10 clients (out of 1000)
[2023-08-02 03:33:16,209][flwr][DEBUG] - fit_round 60 received 10 results and 0 failures
[2023-08-02 03:33:17,234][flwr][INFO] - fit progress: (60, 0.051731178592517975, {'accuracy': 0.834}, 103.18343083298532)
[2023-08-02 03:33:17,234][flwr][INFO] - evaluate_round 60: no clients selected, cancel
[2023-08-02 03:33:17,234][flwr][DEBUG] - fit_round 61: strategy sampled 10 clients (out of 1000)
[2023-08-02 03:33:18,037][flwr][DEBUG] - fit_round 61 received 10 results and 0 failures
[2023-08-02 03:33:18,972][flwr][INFO] - fit progress: (61, 0.049965842408314344, {'accuracy': 0.8437}, 104.92205531097716)
[2023-08-02 03:33:18,973][flwr][INFO] - evaluate_round 61: no clients selected, cancel
[2023-08-02 03:33:18,973][flwr][DEBUG] - fit_round 62: strategy sampled 10 clients (out of 1000)
[2023-08-02 03:33:19,958][flwr][DEBUG] - fit_round 62 received 10 results and 0 failures
[2023-08-02 03:33:20,873][flwr][INFO] - fit progress: (62, 0.05542513618171215, {'accuracy': 0.8174}, 106.8221551090246)
[2023-08-02 03:33:20,873][flwr][INFO] - evaluate_round 62: no clients selected, cancel
[2023-08-02 03:33:20,873][flwr][DEBUG] - fit_round 63: strategy sampled 10 clients (out of 1000)
[2023-08-02 03:33:21,597][flwr][DEBUG] - fit_round 63 received 10 results and 0 failures
[2023-08-02 03:33:22,457][flwr][INFO] - fit progress: (63, 0.052169480089843276, {'accuracy': 0.8287}, 108.40630428498844)
[2023-08-02 03:33:22,457][flwr][INFO] - evaluate_round 63: no clients selected, cancel
[2023-08-02 03:33:22,457][flwr][DEBUG] - fit_round 64: strategy sampled 10 clients (out of 1000)
[2023-08-02 03:33:23,071][flwr][DEBUG] - fit_round 64 received 10 results and 0 failures
[2023-08-02 03:33:23,923][flwr][INFO] - fit progress: (64, 0.04576386771202087, {'accuracy': 0.8625}, 109.87295296700904)
[2023-08-02 03:33:23,924][flwr][INFO] - evaluate_round 64: no clients selected, cancel
[2023-08-02 03:33:23,924][flwr][DEBUG] - fit_round 65: strategy sampled 10 clients (out of 1000)
[2023-08-02 03:33:24,684][flwr][DEBUG] - fit_round 65 received 10 results and 0 failures
[2023-08-02 03:33:25,591][flwr][INFO] - fit progress: (65, 0.059326446703076366, {'accuracy': 0.7917}, 111.54092217597645)
[2023-08-02 03:33:25,592][flwr][INFO] - evaluate_round 65: no clients selected, cancel
[2023-08-02 03:33:25,592][flwr][DEBUG] - fit_round 66: strategy sampled 10 clients (out of 1000)
[2023-08-02 03:33:26,375][flwr][DEBUG] - fit_round 66 received 10 results and 0 failures
[2023-08-02 03:33:27,308][flwr][INFO] - fit progress: (66, 0.04890148270782083, {'accuracy': 0.8413}, 113.25742437998997)
[2023-08-02 03:33:27,308][flwr][INFO] - evaluate_round 66: no clients selected, cancel
[2023-08-02 03:33:27,308][flwr][DEBUG] - fit_round 67: strategy sampled 10 clients (out of 1000)
[2023-08-02 03:33:28,100][flwr][DEBUG] - fit_round 67 received 10 results and 0 failures
[2023-08-02 03:33:28,942][flwr][INFO] - fit progress: (67, 0.14073023502863943, {'accuracy': 0.5821}, 114.89175320899813)
[2023-08-02 03:33:28,942][flwr][INFO] - evaluate_round 67: no clients selected, cancel
[2023-08-02 03:33:28,943][flwr][DEBUG] - fit_round 68: strategy sampled 10 clients (out of 1000)
[2023-08-02 03:33:29,659][flwr][DEBUG] - fit_round 68 received 10 results and 0 failures
[2023-08-02 03:33:30,515][flwr][INFO] - fit progress: (68, 0.059133860435709354, {'accuracy': 0.7927}, 116.46424663002836)
[2023-08-02 03:33:30,515][flwr][INFO] - evaluate_round 68: no clients selected, cancel
[2023-08-02 03:33:30,516][flwr][DEBUG] - fit_round 69: strategy sampled 10 clients (out of 1000)
[2023-08-02 03:33:31,259][flwr][DEBUG] - fit_round 69 received 10 results and 0 failures
[2023-08-02 03:33:32,142][flwr][INFO] - fit progress: (69, 0.06546037997752428, {'accuracy': 0.7733}, 118.09177017200273)
[2023-08-02 03:33:32,142][flwr][INFO] - evaluate_round 69: no clients selected, cancel
[2023-08-02 03:33:32,143][flwr][DEBUG] - fit_round 70: strategy sampled 10 clients (out of 1000)
[2023-08-02 03:33:33,212][flwr][DEBUG] - fit_round 70 received 10 results and 0 failures
[2023-08-02 03:33:34,092][flwr][INFO] - fit progress: (70, 0.057596330510359256, {'accuracy': 0.8038}, 120.04121699702227)
[2023-08-02 03:33:34,092][flwr][INFO] - evaluate_round 70: no clients selected, cancel
[2023-08-02 03:33:34,092][flwr][DEBUG] - fit_round 71: strategy sampled 10 clients (out of 1000)
[2023-08-02 03:33:35,352][flwr][DEBUG] - fit_round 71 received 10 results and 0 failures
[2023-08-02 03:33:36,214][flwr][INFO] - fit progress: (71, 0.050398902213014664, {'accuracy': 0.8218}, 122.1632138590212)
[2023-08-02 03:33:36,214][flwr][INFO] - evaluate_round 71: no clients selected, cancel
[2023-08-02 03:33:36,214][flwr][DEBUG] - fit_round 72: strategy sampled 10 clients (out of 1000)
[2023-08-02 03:33:37,040][flwr][DEBUG] - fit_round 72 received 10 results and 0 failures
[2023-08-02 03:33:37,945][flwr][INFO] - fit progress: (72, 0.04562052388489246, {'accuracy': 0.8478}, 123.89500758802751)
[2023-08-02 03:33:37,946][flwr][INFO] - evaluate_round 72: no clients selected, cancel
[2023-08-02 03:33:37,946][flwr][DEBUG] - fit_round 73: strategy sampled 10 clients (out of 1000)
[2023-08-02 03:33:38,648][flwr][DEBUG] - fit_round 73 received 10 results and 0 failures
[2023-08-02 03:33:39,509][flwr][INFO] - fit progress: (73, 0.05126772988960147, {'accuracy': 0.8248}, 125.45900924899615)
[2023-08-02 03:33:39,510][flwr][INFO] - evaluate_round 73: no clients selected, cancel
[2023-08-02 03:33:39,510][flwr][DEBUG] - fit_round 74: strategy sampled 10 clients (out of 1000)
[2023-08-02 03:33:40,242][flwr][DEBUG] - fit_round 74 received 10 results and 0 failures
[2023-08-02 03:33:41,128][flwr][INFO] - fit progress: (74, 0.049751822623517364, {'accuracy': 0.835}, 127.07763241097564)
[2023-08-02 03:33:41,128][flwr][INFO] - evaluate_round 74: no clients selected, cancel
[2023-08-02 03:33:41,129][flwr][DEBUG] - fit_round 75: strategy sampled 10 clients (out of 1000)
[2023-08-02 03:33:41,893][flwr][DEBUG] - fit_round 75 received 10 results and 0 failures
[2023-08-02 03:33:42,743][flwr][INFO] - fit progress: (75, 0.08918565138727426, {'accuracy': 0.6994}, 128.69235291797668)
[2023-08-02 03:33:42,743][flwr][INFO] - evaluate_round 75: no clients selected, cancel
[2023-08-02 03:33:42,743][flwr][DEBUG] - fit_round 76: strategy sampled 10 clients (out of 1000)
[2023-08-02 03:33:43,439][flwr][DEBUG] - fit_round 76 received 10 results and 0 failures
[2023-08-02 03:33:44,371][flwr][INFO] - fit progress: (76, 0.04640562608242035, {'accuracy': 0.8455}, 130.32108730101027)
[2023-08-02 03:33:44,372][flwr][INFO] - evaluate_round 76: no clients selected, cancel
[2023-08-02 03:33:44,372][flwr][DEBUG] - fit_round 77: strategy sampled 10 clients (out of 1000)
[2023-08-02 03:33:45,027][flwr][DEBUG] - fit_round 77 received 10 results and 0 failures
[2023-08-02 03:33:45,938][flwr][INFO] - fit progress: (77, 0.047867436423525214, {'accuracy': 0.8385}, 131.8879508660175)
[2023-08-02 03:33:45,939][flwr][INFO] - evaluate_round 77: no clients selected, cancel
[2023-08-02 03:33:45,939][flwr][DEBUG] - fit_round 78: strategy sampled 10 clients (out of 1000)
[2023-08-02 03:33:46,699][flwr][DEBUG] - fit_round 78 received 10 results and 0 failures
[2023-08-02 03:33:47,996][flwr][INFO] - fit progress: (78, 0.04396849914360791, {'accuracy': 0.8568}, 133.94586862099823)
[2023-08-02 03:33:47,997][flwr][INFO] - evaluate_round 78: no clients selected, cancel
[2023-08-02 03:33:47,997][flwr][DEBUG] - fit_round 79: strategy sampled 10 clients (out of 1000)
[2023-08-02 03:33:48,735][flwr][DEBUG] - fit_round 79 received 10 results and 0 failures
[2023-08-02 03:33:49,598][flwr][INFO] - fit progress: (79, 0.04317641857136041, {'accuracy': 0.8628}, 135.54733433399815)
[2023-08-02 03:33:49,598][flwr][INFO] - evaluate_round 79: no clients selected, cancel
[2023-08-02 03:33:49,598][flwr][DEBUG] - fit_round 80: strategy sampled 10 clients (out of 1000)
[2023-08-02 03:33:50,447][flwr][DEBUG] - fit_round 80 received 10 results and 0 failures
[2023-08-02 03:33:51,308][flwr][INFO] - fit progress: (80, 0.060654059801250694, {'accuracy': 0.8064}, 137.25802795001073)
[2023-08-02 03:33:51,309][flwr][INFO] - evaluate_round 80: no clients selected, cancel
[2023-08-02 03:33:51,309][flwr][DEBUG] - fit_round 81: strategy sampled 10 clients (out of 1000)
[2023-08-02 03:33:51,870][flwr][DEBUG] - fit_round 81 received 10 results and 0 failures
[2023-08-02 03:33:52,761][flwr][INFO] - fit progress: (81, 0.044374877032637594, {'accuracy': 0.8627}, 138.71044171100948)
[2023-08-02 03:33:52,761][flwr][INFO] - evaluate_round 81: no clients selected, cancel
[2023-08-02 03:33:52,761][flwr][DEBUG] - fit_round 82: strategy sampled 10 clients (out of 1000)
[2023-08-02 03:33:53,449][flwr][DEBUG] - fit_round 82 received 10 results and 0 failures
[2023-08-02 03:33:54,360][flwr][INFO] - fit progress: (82, 0.04862048751143739, {'accuracy': 0.8485}, 140.30931074899854)
[2023-08-02 03:33:54,360][flwr][INFO] - evaluate_round 82: no clients selected, cancel
[2023-08-02 03:33:54,360][flwr][DEBUG] - fit_round 83: strategy sampled 10 clients (out of 1000)
[2023-08-02 03:33:55,132][flwr][DEBUG] - fit_round 83 received 10 results and 0 failures
[2023-08-02 03:33:56,027][flwr][INFO] - fit progress: (83, 0.11850230284035206, {'accuracy': 0.6027}, 141.97613086900674)
[2023-08-02 03:33:56,027][flwr][INFO] - evaluate_round 83: no clients selected, cancel
[2023-08-02 03:33:56,027][flwr][DEBUG] - fit_round 84: strategy sampled 10 clients (out of 1000)
[2023-08-02 03:33:56,784][flwr][DEBUG] - fit_round 84 received 10 results and 0 failures
[2023-08-02 03:33:57,678][flwr][INFO] - fit progress: (84, 0.05566535637639463, {'accuracy': 0.8073}, 143.6279153000214)
[2023-08-02 03:33:57,679][flwr][INFO] - evaluate_round 84: no clients selected, cancel
[2023-08-02 03:33:57,679][flwr][DEBUG] - fit_round 85: strategy sampled 10 clients (out of 1000)
[2023-08-02 03:33:58,471][flwr][DEBUG] - fit_round 85 received 10 results and 0 failures
[2023-08-02 03:33:59,348][flwr][INFO] - fit progress: (85, 0.05077020338131115, {'accuracy': 0.8354}, 145.29772607801715)
[2023-08-02 03:33:59,348][flwr][INFO] - evaluate_round 85: no clients selected, cancel
[2023-08-02 03:33:59,349][flwr][DEBUG] - fit_round 86: strategy sampled 10 clients (out of 1000)
[2023-08-02 03:34:00,031][flwr][DEBUG] - fit_round 86 received 10 results and 0 failures
[2023-08-02 03:34:00,932][flwr][INFO] - fit progress: (86, 0.06919542289730161, {'accuracy': 0.7692}, 146.88157251902157)
[2023-08-02 03:34:00,932][flwr][INFO] - evaluate_round 86: no clients selected, cancel
[2023-08-02 03:34:00,933][flwr][DEBUG] - fit_round 87: strategy sampled 10 clients (out of 1000)
[2023-08-02 03:34:01,800][flwr][DEBUG] - fit_round 87 received 10 results and 0 failures
[2023-08-02 03:34:02,702][flwr][INFO] - fit progress: (87, 0.06355956417508424, {'accuracy': 0.7858}, 148.65175342501607)
[2023-08-02 03:34:02,702][flwr][INFO] - evaluate_round 87: no clients selected, cancel
[2023-08-02 03:34:02,703][flwr][DEBUG] - fit_round 88: strategy sampled 10 clients (out of 1000)
[2023-08-02 03:34:03,536][flwr][DEBUG] - fit_round 88 received 10 results and 0 failures
[2023-08-02 03:34:04,404][flwr][INFO] - fit progress: (88, 0.06315097243562341, {'accuracy': 0.7953}, 150.35314325499348)
[2023-08-02 03:34:04,404][flwr][INFO] - evaluate_round 88: no clients selected, cancel
[2023-08-02 03:34:04,404][flwr][DEBUG] - fit_round 89: strategy sampled 10 clients (out of 1000)
[2023-08-02 03:34:05,141][flwr][DEBUG] - fit_round 89 received 10 results and 0 failures
[2023-08-02 03:34:06,031][flwr][INFO] - fit progress: (89, 0.0650494652989786, {'accuracy': 0.7884}, 151.98048303602263)
[2023-08-02 03:34:06,031][flwr][INFO] - evaluate_round 89: no clients selected, cancel
[2023-08-02 03:34:06,031][flwr][DEBUG] - fit_round 90: strategy sampled 10 clients (out of 1000)
[2023-08-02 03:34:06,803][flwr][DEBUG] - fit_round 90 received 10 results and 0 failures
[2023-08-02 03:34:07,648][flwr][INFO] - fit progress: (90, 0.05982676358660683, {'accuracy': 0.7926}, 153.5979870990268)
[2023-08-02 03:34:07,649][flwr][INFO] - evaluate_round 90: no clients selected, cancel
[2023-08-02 03:34:07,649][flwr][DEBUG] - fit_round 91: strategy sampled 10 clients (out of 1000)
[2023-08-02 03:34:08,315][flwr][DEBUG] - fit_round 91 received 10 results and 0 failures
[2023-08-02 03:34:09,227][flwr][INFO] - fit progress: (91, 0.04476058861836791, {'accuracy': 0.8547}, 155.176918185025)
[2023-08-02 03:34:09,228][flwr][INFO] - evaluate_round 91: no clients selected, cancel
[2023-08-02 03:34:09,228][flwr][DEBUG] - fit_round 92: strategy sampled 10 clients (out of 1000)
[2023-08-02 03:34:10,015][flwr][DEBUG] - fit_round 92 received 10 results and 0 failures
[2023-08-02 03:34:10,872][flwr][INFO] - fit progress: (92, 0.06333792652692646, {'accuracy': 0.7727}, 156.8219754039892)
[2023-08-02 03:34:10,873][flwr][INFO] - evaluate_round 92: no clients selected, cancel
[2023-08-02 03:34:10,873][flwr][DEBUG] - fit_round 93: strategy sampled 10 clients (out of 1000)
[2023-08-02 03:34:13,054][flwr][DEBUG] - fit_round 93 received 10 results and 0 failures
[2023-08-02 03:34:13,973][flwr][INFO] - fit progress: (93, 0.20854728580117227, {'accuracy': 0.4175}, 159.92302875802852)
[2023-08-02 03:34:13,974][flwr][INFO] - evaluate_round 93: no clients selected, cancel
[2023-08-02 03:34:13,974][flwr][DEBUG] - fit_round 94: strategy sampled 10 clients (out of 1000)
[2023-08-02 03:34:14,837][flwr][DEBUG] - fit_round 94 received 10 results and 0 failures
[2023-08-02 03:34:15,756][flwr][INFO] - fit progress: (94, 0.06374635105393826, {'accuracy': 0.7876}, 161.70604830997763)
[2023-08-02 03:34:15,757][flwr][INFO] - evaluate_round 94: no clients selected, cancel
[2023-08-02 03:34:15,757][flwr][DEBUG] - fit_round 95: strategy sampled 10 clients (out of 1000)
[2023-08-02 03:34:17,111][flwr][DEBUG] - fit_round 95 received 10 results and 0 failures
[2023-08-02 03:34:18,059][flwr][INFO] - fit progress: (95, 0.07995469777453691, {'accuracy': 0.7327}, 164.0089061849867)
[2023-08-02 03:34:18,060][flwr][INFO] - evaluate_round 95: no clients selected, cancel
[2023-08-02 03:34:18,062][flwr][DEBUG] - fit_round 96: strategy sampled 10 clients (out of 1000)
[2023-08-02 03:34:18,825][flwr][DEBUG] - fit_round 96 received 10 results and 0 failures
[2023-08-02 03:34:20,088][flwr][INFO] - fit progress: (96, 0.06986231544334441, {'accuracy': 0.7736}, 166.03757597197546)
[2023-08-02 03:34:20,088][flwr][INFO] - evaluate_round 96: no clients selected, cancel
[2023-08-02 03:34:20,089][flwr][DEBUG] - fit_round 97: strategy sampled 10 clients (out of 1000)
[2023-08-02 03:34:21,083][flwr][DEBUG] - fit_round 97 received 10 results and 0 failures
[2023-08-02 03:34:22,105][flwr][INFO] - fit progress: (97, 0.050695081101451066, {'accuracy': 0.8189}, 168.05497721600113)
[2023-08-02 03:34:22,106][flwr][INFO] - evaluate_round 97: no clients selected, cancel
[2023-08-02 03:34:22,106][flwr][DEBUG] - fit_round 98: strategy sampled 10 clients (out of 1000)
[2023-08-02 03:34:22,886][flwr][DEBUG] - fit_round 98 received 10 results and 0 failures
[2023-08-02 03:34:23,819][flwr][INFO] - fit progress: (98, 0.0479591839180328, {'accuracy': 0.8323}, 169.76838256500196)
[2023-08-02 03:34:23,819][flwr][INFO] - evaluate_round 98: no clients selected, cancel
[2023-08-02 03:34:23,819][flwr][DEBUG] - fit_round 99: strategy sampled 10 clients (out of 1000)
[2023-08-02 03:34:24,474][flwr][DEBUG] - fit_round 99 received 10 results and 0 failures
[2023-08-02 03:34:25,333][flwr][INFO] - fit progress: (99, 0.03733594497507438, {'accuracy': 0.8923}, 171.28304079402005)
[2023-08-02 03:34:25,334][flwr][INFO] - evaluate_round 99: no clients selected, cancel
[2023-08-02 03:34:25,334][flwr][DEBUG] - fit_round 100: strategy sampled 10 clients (out of 1000)
[2023-08-02 03:34:26,157][flwr][DEBUG] - fit_round 100 received 10 results and 0 failures
[2023-08-02 03:34:27,011][flwr][INFO] - fit progress: (100, 0.06895729199387134, {'accuracy': 0.771}, 172.9603069910081)
[2023-08-02 03:34:27,011][flwr][INFO] - evaluate_round 100: no clients selected, cancel
[2023-08-02 03:34:27,011][flwr][INFO] - FL finished in 172.96065146301407
[2023-08-02 03:34:27,011][flwr][INFO] - app_fit: losses_distributed []
[2023-08-02 03:34:27,011][flwr][INFO] - app_fit: metrics_distributed {}
[2023-08-02 03:34:27,011][flwr][INFO] - app_fit: losses_centralized [(0, 0.2384923992395401), (1, 0.20573174685239792), (2, 0.26806745727062226), (3, 0.1523300895690918), (4, 0.15664387010931968), (5, 0.1476568492203951), (6, 0.21141226649284361), (7, 0.1765675707668066), (8, 0.1890544470757246), (9, 0.12833976711332798), (10, 0.07308422262445093), (11, 0.09730724392980337), (12, 0.11707454593032598), (13, 0.11358633370175958), (14, 0.08203686958700418), (15, 0.08876976099014282), (16, 0.07099292223900557), (17, 0.11249946951717138), (18, 0.06739155461788178), (19, 0.06790620161816478), (20, 0.07293006232082844), (21, 0.0836182638578117), (22, 0.12446011912822723), (23, 0.06846045817397535), (24, 0.14765456215143205), (25, 0.05774582299888134), (26, 0.10768071466386318), (27, 0.0917289247058332), (28, 0.08854717175811529), (29, 0.06520748535394669), (30, 0.05075477148778736), (31, 0.05495074437595904), (32, 0.08404410386532545), (33, 0.22825887051224708), (34, 0.06524271609969437), (35, 0.05624989413879812), (36, 0.12077233754545451), (37, 0.05980523555446416), (38, 0.04901151870600879), (39, 0.07475075234435499), (40, 0.048564005408622324), (41, 0.06541488599963487), (42, 0.05077188300397247), (43, 0.07394210467003286), (44, 0.04379983016587794), (45, 0.05202508233450353), (46, 0.05711016116067767), (47, 0.05762784619219601), (48, 0.06771325201019644), (49, 0.04979100296162069), (50, 0.0575959363957867), (51, 0.057333888144418595), (52, 0.04251991453655064), (53, 0.04003190154358745), (54, 0.05098930839672685), (55, 0.05006773237735033), (56, 0.040593359072040765), (57, 0.08018972258120775), (58, 0.06477789162900299), (59, 0.07428530364073813), (60, 0.051731178592517975), (61, 0.049965842408314344), (62, 0.05542513618171215), (63, 0.052169480089843276), (64, 0.04576386771202087), (65, 0.059326446703076366), (66, 0.04890148270782083), (67, 0.14073023502863943), (68, 0.059133860435709354), (69, 0.06546037997752428), (70, 0.057596330510359256), (71, 0.050398902213014664), (72, 0.04562052388489246), (73, 0.05126772988960147), (74, 0.049751822623517364), (75, 0.08918565138727426), (76, 0.04640562608242035), (77, 0.047867436423525214), (78, 0.04396849914360791), (79, 0.04317641857136041), (80, 0.060654059801250694), (81, 0.044374877032637594), (82, 0.04862048751143739), (83, 0.11850230284035206), (84, 0.05566535637639463), (85, 0.05077020338131115), (86, 0.06919542289730161), (87, 0.06355956417508424), (88, 0.06315097243562341), (89, 0.0650494652989786), (90, 0.05982676358660683), (91, 0.04476058861836791), (92, 0.06333792652692646), (93, 0.20854728580117227), (94, 0.06374635105393826), (95, 0.07995469777453691), (96, 0.06986231544334441), (97, 0.050695081101451066), (98, 0.0479591839180328), (99, 0.03733594497507438), (100, 0.06895729199387134)]
[2023-08-02 03:34:27,014][flwr][INFO] - app_fit: metrics_centralized {'accuracy': [(0, 0.0995), (1, 0.2905), (2, 0.2123), (3, 0.447), (4, 0.4603), (5, 0.4495), (6, 0.3641), (7, 0.4796), (8, 0.3946), (9, 0.507), (10, 0.7906), (11, 0.6809), (12, 0.5775), (13, 0.5891), (14, 0.7032), (15, 0.6827), (16, 0.7536), (17, 0.6155), (18, 0.7848), (19, 0.7604), (20, 0.7475), (21, 0.6854), (22, 0.539), (23, 0.779), (24, 0.5073), (25, 0.8094), (26, 0.6414), (27, 0.6905), (28, 0.6727), (29, 0.7628), (30, 0.8501), (31, 0.8172), (32, 0.6941), (33, 0.3794), (34, 0.7815), (35, 0.8275), (36, 0.5933), (37, 0.786), (38, 0.8475), (39, 0.7373), (40, 0.8481), (41, 0.7871), (42, 0.838), (43, 0.7178), (44, 0.8607), (45, 0.8294), (46, 0.8126), (47, 0.8092), (48, 0.7619), (49, 0.8427), (50, 0.8189), (51, 0.8169), (52, 0.8711), (53, 0.88), (54, 0.8228), (55, 0.837), (56, 0.8781), (57, 0.7299), (58, 0.7765), (59, 0.7443), (60, 0.834), (61, 0.8437), (62, 0.8174), (63, 0.8287), (64, 0.8625), (65, 0.7917), (66, 0.8413), (67, 0.5821), (68, 0.7927), (69, 0.7733), (70, 0.8038), (71, 0.8218), (72, 0.8478), (73, 0.8248), (74, 0.835), (75, 0.6994), (76, 0.8455), (77, 0.8385), (78, 0.8568), (79, 0.8628), (80, 0.8064), (81, 0.8627), (82, 0.8485), (83, 0.6027), (84, 0.8073), (85, 0.8354), (86, 0.7692), (87, 0.7858), (88, 0.7953), (89, 0.7884), (90, 0.7926), (91, 0.8547), (92, 0.7727), (93, 0.4175), (94, 0.7876), (95, 0.7327), (96, 0.7736), (97, 0.8189), (98, 0.8323), (99, 0.8923), (100, 0.771)]}
