[2023-08-06 15:56:05,633][flwr][INFO] - Starting Flower simulation, config: ServerConfig(num_rounds=100, round_timeout=None)
[2023-08-06 15:56:10,037][flwr][INFO] - Flower VCE: Ray initialized with resources: {'memory': 4397162496.0, 'node:192.168.43.142': 1.0, 'CPU': 20.0, 'object_store_memory': 2198581248.0}
[2023-08-06 15:56:10,042][flwr][INFO] - Initializing global parameters
[2023-08-06 15:56:10,042][flwr][INFO] - Requesting initial parameters from one random client
[2023-08-06 15:56:13,228][flwr][INFO] - Received initial parameters from one random client
[2023-08-06 15:56:13,228][flwr][INFO] - Evaluating initial parameters
[2023-08-06 15:56:14,707][flwr][INFO] - initial parameters (loss, other metrics): 0.23692337987422943, {'accuracy': 0.1078}
[2023-08-06 15:56:14,708][flwr][INFO] - FL starting
[2023-08-06 15:56:14,709][flwr][DEBUG] - fit_round 1: strategy sampled 10 clients (out of 1000)
[2023-08-06 15:56:18,139][flwr][DEBUG] - fit_round 1 received 10 results and 0 failures
[2023-08-06 15:56:18,144][flwr][WARNING] - No fit_metrics_aggregation_fn provided
[2023-08-06 15:56:19,631][flwr][INFO] - fit progress: (1, 0.23046714360713957, {'accuracy': 0.2005}, 4.922529469000011)
[2023-08-06 15:56:19,632][flwr][INFO] - evaluate_round 1: no clients selected, cancel
[2023-08-06 15:56:19,633][flwr][DEBUG] - fit_round 2: strategy sampled 10 clients (out of 1000)
[2023-08-06 15:56:21,077][flwr][DEBUG] - fit_round 2 received 10 results and 0 failures
[2023-08-06 15:56:22,746][flwr][INFO] - fit progress: (2, 0.19646256111860275, {'accuracy': 0.3117}, 8.037820455999992)
[2023-08-06 15:56:22,747][flwr][INFO] - evaluate_round 2: no clients selected, cancel
[2023-08-06 15:56:22,747][flwr][DEBUG] - fit_round 3: strategy sampled 10 clients (out of 1000)
[2023-08-06 15:56:24,462][flwr][DEBUG] - fit_round 3 received 10 results and 0 failures
[2023-08-06 15:56:26,523][flwr][INFO] - fit progress: (3, 0.19541542030572892, {'accuracy': 0.2953}, 11.814706927999993)
[2023-08-06 15:56:26,524][flwr][INFO] - evaluate_round 3: no clients selected, cancel
[2023-08-06 15:56:26,524][flwr][DEBUG] - fit_round 4: strategy sampled 10 clients (out of 1000)
[2023-08-06 15:56:27,835][flwr][DEBUG] - fit_round 4 received 10 results and 0 failures
[2023-08-06 15:56:29,547][flwr][INFO] - fit progress: (4, 0.19431240825653076, {'accuracy': 0.2588}, 14.838639612999998)
[2023-08-06 15:56:29,547][flwr][INFO] - evaluate_round 4: no clients selected, cancel
[2023-08-06 15:56:29,548][flwr][DEBUG] - fit_round 5: strategy sampled 10 clients (out of 1000)
[2023-08-06 15:56:30,754][flwr][DEBUG] - fit_round 5 received 10 results and 0 failures
[2023-08-06 15:56:32,655][flwr][INFO] - fit progress: (5, 0.14501837037205695, {'accuracy': 0.4709}, 17.946665794000012)
[2023-08-06 15:56:32,656][flwr][INFO] - evaluate_round 5: no clients selected, cancel
[2023-08-06 15:56:32,657][flwr][DEBUG] - fit_round 6: strategy sampled 10 clients (out of 1000)
[2023-08-06 15:56:34,468][flwr][DEBUG] - fit_round 6 received 10 results and 0 failures
[2023-08-06 15:56:36,159][flwr][INFO] - fit progress: (6, 0.1544726721227169, {'accuracy': 0.4289}, 21.450755259999994)
[2023-08-06 15:56:36,160][flwr][INFO] - evaluate_round 6: no clients selected, cancel
[2023-08-06 15:56:36,160][flwr][DEBUG] - fit_round 7: strategy sampled 10 clients (out of 1000)
[2023-08-06 15:56:37,493][flwr][DEBUG] - fit_round 7 received 10 results and 0 failures
[2023-08-06 15:56:39,016][flwr][INFO] - fit progress: (7, 0.10161787539422512, {'accuracy': 0.739}, 24.307626207)
[2023-08-06 15:56:39,016][flwr][INFO] - evaluate_round 7: no clients selected, cancel
[2023-08-06 15:56:39,017][flwr][DEBUG] - fit_round 8: strategy sampled 10 clients (out of 1000)
[2023-08-06 15:56:39,928][flwr][DEBUG] - fit_round 8 received 10 results and 0 failures
[2023-08-06 15:56:41,749][flwr][INFO] - fit progress: (8, 0.1143156478792429, {'accuracy': 0.5941}, 27.040792804000006)
[2023-08-06 15:56:41,750][flwr][INFO] - evaluate_round 8: no clients selected, cancel
[2023-08-06 15:56:41,750][flwr][DEBUG] - fit_round 9: strategy sampled 10 clients (out of 1000)
[2023-08-06 15:56:43,054][flwr][DEBUG] - fit_round 9 received 10 results and 0 failures
