[2023-08-02 03:40:30,677][flwr][INFO] - Starting Flower simulation, config: ServerConfig(num_rounds=100, round_timeout=None)
[2023-08-02 03:40:35,030][flwr][INFO] - Flower VCE: Ray initialized with resources: {'node:192.168.43.142': 1.0, 'memory': 4121640960.0, 'object_store_memory': 2060820480.0, 'CPU': 20.0}
[2023-08-02 03:40:35,035][flwr][INFO] - Initializing global parameters
[2023-08-02 03:40:35,035][flwr][INFO] - Requesting initial parameters from one random client
[2023-08-02 03:40:36,894][flwr][INFO] - Received initial parameters from one random client
[2023-08-02 03:40:36,894][flwr][INFO] - Evaluating initial parameters
[2023-08-02 03:40:37,718][flwr][INFO] - initial parameters (loss, other metrics): 0.25522342307567597, {'accuracy': 0.0729}
[2023-08-02 03:40:37,718][flwr][INFO] - FL starting
[2023-08-02 03:40:37,718][flwr][DEBUG] - fit_round 1: strategy sampled 10 clients (out of 1000)
[2023-08-02 03:40:39,770][flwr][DEBUG] - fit_round 1 received 10 results and 0 failures
[2023-08-02 03:40:39,773][flwr][WARNING] - No fit_metrics_aggregation_fn provided
[2023-08-02 03:40:40,608][flwr][INFO] - fit progress: (1, 0.2676006395459175, {'accuracy': 0.188}, 2.8898386899963953)
[2023-08-02 03:40:40,608][flwr][INFO] - evaluate_round 1: no clients selected, cancel
[2023-08-02 03:40:40,609][flwr][DEBUG] - fit_round 2: strategy sampled 10 clients (out of 1000)
[2023-08-02 03:40:41,497][flwr][DEBUG] - fit_round 2 received 10 results and 0 failures
[2023-08-02 03:40:42,350][flwr][INFO] - fit progress: (2, 0.1789711962580681, {'accuracy': 0.5059}, 4.6316271389951)
[2023-08-02 03:40:42,350][flwr][INFO] - evaluate_round 2: no clients selected, cancel
[2023-08-02 03:40:42,352][flwr][DEBUG] - fit_round 3: strategy sampled 10 clients (out of 1000)
[2023-08-02 03:40:43,239][flwr][DEBUG] - fit_round 3 received 10 results and 0 failures
[2023-08-02 03:40:44,090][flwr][INFO] - fit progress: (3, 0.2384012522161007, {'accuracy': 0.3177}, 6.3721492839977145)
[2023-08-02 03:40:44,090][flwr][INFO] - evaluate_round 3: no clients selected, cancel
[2023-08-02 03:40:44,091][flwr][DEBUG] - fit_round 4: strategy sampled 10 clients (out of 1000)
[2023-08-02 03:40:45,162][flwr][DEBUG] - fit_round 4 received 10 results and 0 failures
[2023-08-02 03:40:46,018][flwr][INFO] - fit progress: (4, 0.1590524919629097, {'accuracy': 0.4936}, 8.300174850970507)
[2023-08-02 03:40:46,018][flwr][INFO] - evaluate_round 4: no clients selected, cancel
[2023-08-02 03:40:46,019][flwr][DEBUG] - fit_round 5: strategy sampled 10 clients (out of 1000)
[2023-08-02 03:40:46,670][flwr][DEBUG] - fit_round 5 received 10 results and 0 failures
[2023-08-02 03:40:47,542][flwr][INFO] - fit progress: (5, 0.12069928955137729, {'accuracy': 0.6146}, 9.824334837961942)
[2023-08-02 03:40:47,543][flwr][INFO] - evaluate_round 5: no clients selected, cancel
[2023-08-02 03:40:47,543][flwr][DEBUG] - fit_round 6: strategy sampled 10 clients (out of 1000)
[2023-08-02 03:40:48,171][flwr][DEBUG] - fit_round 6 received 10 results and 0 failures
[2023-08-02 03:40:49,007][flwr][INFO] - fit progress: (6, 0.10667652728110552, {'accuracy': 0.6372}, 11.289094806998037)
[2023-08-02 03:40:49,007][flwr][INFO] - evaluate_round 6: no clients selected, cancel
[2023-08-02 03:40:49,008][flwr][DEBUG] - fit_round 7: strategy sampled 10 clients (out of 1000)
[2023-08-02 03:40:50,489][flwr][DEBUG] - fit_round 7 received 10 results and 0 failures
[2023-08-02 03:40:51,335][flwr][INFO] - fit progress: (7, 0.11907526111602783, {'accuracy': 0.524}, 13.617099526978564)
[2023-08-02 03:40:51,335][flwr][INFO] - evaluate_round 7: no clients selected, cancel
[2023-08-02 03:40:51,336][flwr][DEBUG] - fit_round 8: strategy sampled 10 clients (out of 1000)
[2023-08-02 03:40:52,270][flwr][DEBUG] - fit_round 8 received 10 results and 0 failures
[2023-08-02 03:40:53,131][flwr][INFO] - fit progress: (8, 0.09471201929748058, {'accuracy': 0.6995}, 15.413020522973966)
[2023-08-02 03:40:53,131][flwr][INFO] - evaluate_round 8: no clients selected, cancel
[2023-08-02 03:40:53,132][flwr][DEBUG] - fit_round 9: strategy sampled 10 clients (out of 1000)
[2023-08-02 03:40:53,774][flwr][DEBUG] - fit_round 9 received 10 results and 0 failures
[2023-08-02 03:40:54,619][flwr][INFO] - fit progress: (9, 0.09976172564476729, {'accuracy': 0.6247}, 16.90075494197663)
[2023-08-02 03:40:54,619][flwr][INFO] - evaluate_round 9: no clients selected, cancel
[2023-08-02 03:40:54,619][flwr][DEBUG] - fit_round 10: strategy sampled 10 clients (out of 1000)
[2023-08-02 03:40:55,440][flwr][DEBUG] - fit_round 10 received 10 results and 0 failures
[2023-08-02 03:40:56,467][flwr][INFO] - fit progress: (10, 0.09076304642558097, {'accuracy': 0.6583}, 18.74927398498403)
[2023-08-02 03:40:56,467][flwr][INFO] - evaluate_round 10: no clients selected, cancel
[2023-08-02 03:40:56,468][flwr][DEBUG] - fit_round 11: strategy sampled 10 clients (out of 1000)
[2023-08-02 03:40:57,106][flwr][DEBUG] - fit_round 11 received 10 results and 0 failures
[2023-08-02 03:40:57,977][flwr][INFO] - fit progress: (11, 0.11160590575933456, {'accuracy': 0.5776}, 20.258636685961392)
[2023-08-02 03:40:57,977][flwr][INFO] - evaluate_round 11: no clients selected, cancel
[2023-08-02 03:40:57,979][flwr][DEBUG] - fit_round 12: strategy sampled 10 clients (out of 1000)
[2023-08-02 03:40:58,608][flwr][DEBUG] - fit_round 12 received 10 results and 0 failures
[2023-08-02 03:40:59,475][flwr][INFO] - fit progress: (12, 0.1032341709151864, {'accuracy': 0.6015}, 21.757437644992024)
[2023-08-02 03:40:59,476][flwr][INFO] - evaluate_round 12: no clients selected, cancel
[2023-08-02 03:40:59,476][flwr][DEBUG] - fit_round 13: strategy sampled 10 clients (out of 1000)
[2023-08-02 03:41:00,154][flwr][DEBUG] - fit_round 13 received 10 results and 0 failures
[2023-08-02 03:41:01,034][flwr][INFO] - fit progress: (13, 0.07535550746694207, {'accuracy': 0.7644}, 23.3162316979724)
[2023-08-02 03:41:01,034][flwr][INFO] - evaluate_round 13: no clients selected, cancel
[2023-08-02 03:41:01,035][flwr][DEBUG] - fit_round 14: strategy sampled 10 clients (out of 1000)
[2023-08-02 03:41:01,689][flwr][DEBUG] - fit_round 14 received 10 results and 0 failures
[2023-08-02 03:41:02,589][flwr][INFO] - fit progress: (14, 0.06358801700398325, {'accuracy': 0.8035}, 24.870704472996294)
[2023-08-02 03:41:02,589][flwr][INFO] - evaluate_round 14: no clients selected, cancel
[2023-08-02 03:41:02,589][flwr][DEBUG] - fit_round 15: strategy sampled 10 clients (out of 1000)
[2023-08-02 03:41:03,361][flwr][DEBUG] - fit_round 15 received 10 results and 0 failures
[2023-08-02 03:41:04,234][flwr][INFO] - fit progress: (15, 0.2965453171849251, {'accuracy': 0.2853}, 26.51642187399557)
[2023-08-02 03:41:04,235][flwr][INFO] - evaluate_round 15: no clients selected, cancel
[2023-08-02 03:41:04,235][flwr][DEBUG] - fit_round 16: strategy sampled 10 clients (out of 1000)
[2023-08-02 03:41:05,014][flwr][DEBUG] - fit_round 16 received 10 results and 0 failures
[2023-08-02 03:41:05,840][flwr][INFO] - fit progress: (16, 0.0698423178628087, {'accuracy': 0.7606}, 28.12248861801345)
[2023-08-02 03:41:05,841][flwr][INFO] - evaluate_round 16: no clients selected, cancel
[2023-08-02 03:41:05,841][flwr][DEBUG] - fit_round 17: strategy sampled 10 clients (out of 1000)
[2023-08-02 03:41:06,548][flwr][DEBUG] - fit_round 17 received 10 results and 0 failures
[2023-08-02 03:41:07,401][flwr][INFO] - fit progress: (17, 0.06757616306729615, {'accuracy': 0.7648}, 29.683404301991686)
[2023-08-02 03:41:07,402][flwr][INFO] - evaluate_round 17: no clients selected, cancel
[2023-08-02 03:41:07,402][flwr][DEBUG] - fit_round 18: strategy sampled 10 clients (out of 1000)
[2023-08-02 03:41:08,066][flwr][DEBUG] - fit_round 18 received 10 results and 0 failures
[2023-08-02 03:41:08,932][flwr][INFO] - fit progress: (18, 0.10415636724233628, {'accuracy': 0.6168}, 31.213896756991744)
[2023-08-02 03:41:08,932][flwr][INFO] - evaluate_round 18: no clients selected, cancel
[2023-08-02 03:41:08,933][flwr][DEBUG] - fit_round 19: strategy sampled 10 clients (out of 1000)
[2023-08-02 03:41:10,602][flwr][DEBUG] - fit_round 19 received 10 results and 0 failures
[2023-08-02 03:41:11,447][flwr][INFO] - fit progress: (19, 0.2092763435959816, {'accuracy': 0.4063}, 33.72904904198367)
[2023-08-02 03:41:11,447][flwr][INFO] - evaluate_round 19: no clients selected, cancel
[2023-08-02 03:41:11,448][flwr][DEBUG] - fit_round 20: strategy sampled 10 clients (out of 1000)
[2023-08-02 03:41:12,364][flwr][DEBUG] - fit_round 20 received 10 results and 0 failures
[2023-08-02 03:41:13,266][flwr][INFO] - fit progress: (20, 0.09025372572913766, {'accuracy': 0.6726}, 35.54769583797315)
[2023-08-02 03:41:13,266][flwr][INFO] - evaluate_round 20: no clients selected, cancel
[2023-08-02 03:41:13,266][flwr][DEBUG] - fit_round 21: strategy sampled 10 clients (out of 1000)
[2023-08-02 03:41:14,013][flwr][DEBUG] - fit_round 21 received 10 results and 0 failures
[2023-08-02 03:41:14,902][flwr][INFO] - fit progress: (21, 0.07565846992880106, {'accuracy': 0.7372}, 37.184230280981865)
[2023-08-02 03:41:14,903][flwr][INFO] - evaluate_round 21: no clients selected, cancel
[2023-08-02 03:41:14,903][flwr][DEBUG] - fit_round 22: strategy sampled 10 clients (out of 1000)
[2023-08-02 03:41:15,837][flwr][DEBUG] - fit_round 22 received 10 results and 0 failures
[2023-08-02 03:41:16,716][flwr][INFO] - fit progress: (22, 0.07526867108382285, {'accuracy': 0.738}, 38.99833418399794)
[2023-08-02 03:41:16,717][flwr][INFO] - evaluate_round 22: no clients selected, cancel
[2023-08-02 03:41:16,717][flwr][DEBUG] - fit_round 23: strategy sampled 10 clients (out of 1000)
[2023-08-02 03:41:17,459][flwr][DEBUG] - fit_round 23 received 10 results and 0 failures
[2023-08-02 03:41:18,300][flwr][INFO] - fit progress: (23, 0.061796345849335195, {'accuracy': 0.7977}, 40.58195221796632)
[2023-08-02 03:41:18,300][flwr][INFO] - evaluate_round 23: no clients selected, cancel
[2023-08-02 03:41:18,300][flwr][DEBUG] - fit_round 24: strategy sampled 10 clients (out of 1000)
[2023-08-02 03:41:19,025][flwr][DEBUG] - fit_round 24 received 10 results and 0 failures
[2023-08-02 03:41:19,873][flwr][INFO] - fit progress: (24, 0.06687167650647462, {'accuracy': 0.7767}, 42.15478829096537)
[2023-08-02 03:41:19,873][flwr][INFO] - evaluate_round 24: no clients selected, cancel
[2023-08-02 03:41:19,873][flwr][DEBUG] - fit_round 25: strategy sampled 10 clients (out of 1000)
[2023-08-02 03:41:20,488][flwr][DEBUG] - fit_round 25 received 10 results and 0 failures
[2023-08-02 03:41:21,368][flwr][INFO] - fit progress: (25, 0.13044460824877024, {'accuracy': 0.5884}, 43.65021899197018)
[2023-08-02 03:41:21,368][flwr][INFO] - evaluate_round 25: no clients selected, cancel
[2023-08-02 03:41:21,369][flwr][DEBUG] - fit_round 26: strategy sampled 10 clients (out of 1000)
[2023-08-02 03:41:22,416][flwr][DEBUG] - fit_round 26 received 10 results and 0 failures
[2023-08-02 03:41:23,315][flwr][INFO] - fit progress: (26, 0.08214140652343631, {'accuracy': 0.7029}, 45.59664620499825)
[2023-08-02 03:41:23,315][flwr][INFO] - evaluate_round 26: no clients selected, cancel
[2023-08-02 03:41:23,315][flwr][DEBUG] - fit_round 27: strategy sampled 10 clients (out of 1000)
[2023-08-02 03:41:24,075][flwr][DEBUG] - fit_round 27 received 10 results and 0 failures
[2023-08-02 03:41:24,956][flwr][INFO] - fit progress: (27, 0.07800715840756893, {'accuracy': 0.7309}, 47.238348393002525)
[2023-08-02 03:41:24,957][flwr][INFO] - evaluate_round 27: no clients selected, cancel
[2023-08-02 03:41:24,957][flwr][DEBUG] - fit_round 28: strategy sampled 10 clients (out of 1000)
[2023-08-02 03:41:25,801][flwr][DEBUG] - fit_round 28 received 10 results and 0 failures
[2023-08-02 03:41:26,641][flwr][INFO] - fit progress: (28, 0.06686651109457016, {'accuracy': 0.7621}, 48.922840567014646)
[2023-08-02 03:41:26,641][flwr][INFO] - evaluate_round 28: no clients selected, cancel
[2023-08-02 03:41:26,641][flwr][DEBUG] - fit_round 29: strategy sampled 10 clients (out of 1000)
[2023-08-02 03:41:27,248][flwr][DEBUG] - fit_round 29 received 10 results and 0 failures
[2023-08-02 03:41:28,120][flwr][INFO] - fit progress: (29, 0.09099345793388784, {'accuracy': 0.7007}, 50.40179602900753)
[2023-08-02 03:41:28,120][flwr][INFO] - evaluate_round 29: no clients selected, cancel
[2023-08-02 03:41:28,120][flwr][DEBUG] - fit_round 30: strategy sampled 10 clients (out of 1000)
[2023-08-02 03:41:28,747][flwr][DEBUG] - fit_round 30 received 10 results and 0 failures
[2023-08-02 03:41:29,641][flwr][INFO] - fit progress: (30, 0.07785390412211418, {'accuracy': 0.7185}, 51.923141600971576)
[2023-08-02 03:41:29,641][flwr][INFO] - evaluate_round 30: no clients selected, cancel
[2023-08-02 03:41:29,644][flwr][DEBUG] - fit_round 31: strategy sampled 10 clients (out of 1000)
[2023-08-02 03:41:30,326][flwr][DEBUG] - fit_round 31 received 10 results and 0 failures
[2023-08-02 03:41:31,378][flwr][INFO] - fit progress: (31, 0.06998258901834488, {'accuracy': 0.756}, 53.659803472983185)
[2023-08-02 03:41:31,378][flwr][INFO] - evaluate_round 31: no clients selected, cancel
[2023-08-02 03:41:31,378][flwr][DEBUG] - fit_round 32: strategy sampled 10 clients (out of 1000)
[2023-08-02 03:41:32,096][flwr][DEBUG] - fit_round 32 received 10 results and 0 failures
[2023-08-02 03:41:32,952][flwr][INFO] - fit progress: (32, 0.06403209824040532, {'accuracy': 0.7815}, 55.233982967969496)
[2023-08-02 03:41:32,952][flwr][INFO] - evaluate_round 32: no clients selected, cancel
[2023-08-02 03:41:32,953][flwr][DEBUG] - fit_round 33: strategy sampled 10 clients (out of 1000)
[2023-08-02 03:41:33,779][flwr][DEBUG] - fit_round 33 received 10 results and 0 failures
[2023-08-02 03:41:34,621][flwr][INFO] - fit progress: (33, 0.10634645169079304, {'accuracy': 0.5962}, 56.90314660500735)
[2023-08-02 03:41:34,621][flwr][INFO] - evaluate_round 33: no clients selected, cancel
[2023-08-02 03:41:34,622][flwr][DEBUG] - fit_round 34: strategy sampled 10 clients (out of 1000)
[2023-08-02 03:41:35,218][flwr][DEBUG] - fit_round 34 received 10 results and 0 failures
[2023-08-02 03:41:36,102][flwr][INFO] - fit progress: (34, 0.1272177789773792, {'accuracy': 0.6146}, 58.3843212609645)
[2023-08-02 03:41:36,103][flwr][INFO] - evaluate_round 34: no clients selected, cancel
[2023-08-02 03:41:36,103][flwr][DEBUG] - fit_round 35: strategy sampled 10 clients (out of 1000)
[2023-08-02 03:41:37,225][flwr][DEBUG] - fit_round 35 received 10 results and 0 failures
[2023-08-02 03:41:38,136][flwr][INFO] - fit progress: (35, 0.07533741251938045, {'accuracy': 0.7164}, 60.41769575997023)
[2023-08-02 03:41:38,136][flwr][INFO] - evaluate_round 35: no clients selected, cancel
[2023-08-02 03:41:38,136][flwr][DEBUG] - fit_round 36: strategy sampled 10 clients (out of 1000)
[2023-08-02 03:41:38,778][flwr][DEBUG] - fit_round 36 received 10 results and 0 failures
[2023-08-02 03:41:39,658][flwr][INFO] - fit progress: (36, 0.11626258044987917, {'accuracy': 0.5905}, 61.940112928976305)
[2023-08-02 03:41:39,658][flwr][INFO] - evaluate_round 36: no clients selected, cancel
[2023-08-02 03:41:39,659][flwr][DEBUG] - fit_round 37: strategy sampled 10 clients (out of 1000)
[2023-08-02 03:41:40,376][flwr][DEBUG] - fit_round 37 received 10 results and 0 failures
[2023-08-02 03:41:41,226][flwr][INFO] - fit progress: (37, 0.06112099176049232, {'accuracy': 0.7921}, 63.507833812967874)
[2023-08-02 03:41:41,226][flwr][INFO] - evaluate_round 37: no clients selected, cancel
[2023-08-02 03:41:41,226][flwr][DEBUG] - fit_round 38: strategy sampled 10 clients (out of 1000)
[2023-08-02 03:41:41,877][flwr][DEBUG] - fit_round 38 received 10 results and 0 failures
[2023-08-02 03:41:42,735][flwr][INFO] - fit progress: (38, 0.06385541918240488, {'accuracy': 0.7892}, 65.01718468696345)
[2023-08-02 03:41:42,735][flwr][INFO] - evaluate_round 38: no clients selected, cancel
[2023-08-02 03:41:42,736][flwr][DEBUG] - fit_round 39: strategy sampled 10 clients (out of 1000)
[2023-08-02 03:41:43,357][flwr][DEBUG] - fit_round 39 received 10 results and 0 failures
[2023-08-02 03:41:44,235][flwr][INFO] - fit progress: (39, 0.05548243681415915, {'accuracy': 0.8073}, 66.51709507696796)
[2023-08-02 03:41:44,235][flwr][INFO] - evaluate_round 39: no clients selected, cancel
[2023-08-02 03:41:44,236][flwr][DEBUG] - fit_round 40: strategy sampled 10 clients (out of 1000)
[2023-08-02 03:41:45,241][flwr][DEBUG] - fit_round 40 received 10 results and 0 failures
[2023-08-02 03:41:46,140][flwr][INFO] - fit progress: (40, 0.05421163996867835, {'accuracy': 0.819}, 68.42198859900236)
[2023-08-02 03:41:46,140][flwr][INFO] - evaluate_round 40: no clients selected, cancel
[2023-08-02 03:41:46,141][flwr][DEBUG] - fit_round 41: strategy sampled 10 clients (out of 1000)
[2023-08-02 03:41:47,095][flwr][DEBUG] - fit_round 41 received 10 results and 0 failures
[2023-08-02 03:41:47,982][flwr][INFO] - fit progress: (41, 0.13597450768202543, {'accuracy': 0.5506}, 70.2640040529659)
[2023-08-02 03:41:47,982][flwr][INFO] - evaluate_round 41: no clients selected, cancel
[2023-08-02 03:41:47,983][flwr][DEBUG] - fit_round 42: strategy sampled 10 clients (out of 1000)
[2023-08-02 03:41:49,172][flwr][DEBUG] - fit_round 42 received 10 results and 0 failures
[2023-08-02 03:41:50,064][flwr][INFO] - fit progress: (42, 0.2722133648991585, {'accuracy': 0.3272}, 72.3461680309847)
[2023-08-02 03:41:50,064][flwr][INFO] - evaluate_round 42: no clients selected, cancel
[2023-08-02 03:41:50,065][flwr][DEBUG] - fit_round 43: strategy sampled 10 clients (out of 1000)
[2023-08-02 03:41:51,146][flwr][DEBUG] - fit_round 43 received 10 results and 0 failures
[2023-08-02 03:41:52,017][flwr][INFO] - fit progress: (43, 0.1013955688148737, {'accuracy': 0.621}, 74.29872120299842)
[2023-08-02 03:41:52,017][flwr][INFO] - evaluate_round 43: no clients selected, cancel
[2023-08-02 03:41:52,017][flwr][DEBUG] - fit_round 44: strategy sampled 10 clients (out of 1000)
[2023-08-02 03:41:52,714][flwr][DEBUG] - fit_round 44 received 10 results and 0 failures
[2023-08-02 03:41:53,548][flwr][INFO] - fit progress: (44, 0.06861359013989568, {'accuracy': 0.7568}, 75.83024443400791)
[2023-08-02 03:41:53,548][flwr][INFO] - evaluate_round 44: no clients selected, cancel
[2023-08-02 03:41:53,549][flwr][DEBUG] - fit_round 45: strategy sampled 10 clients (out of 1000)
[2023-08-02 03:41:54,524][flwr][DEBUG] - fit_round 45 received 10 results and 0 failures
[2023-08-02 03:41:55,344][flwr][INFO] - fit progress: (45, 0.08035991598926484, {'accuracy': 0.719}, 77.62613627297105)
[2023-08-02 03:41:55,344][flwr][INFO] - evaluate_round 45: no clients selected, cancel
[2023-08-02 03:41:55,345][flwr][DEBUG] - fit_round 46: strategy sampled 10 clients (out of 1000)
[2023-08-02 03:41:56,844][flwr][DEBUG] - fit_round 46 received 10 results and 0 failures
[2023-08-02 03:41:57,677][flwr][INFO] - fit progress: (46, 0.1678188110485673, {'accuracy': 0.4835}, 79.95885565498611)
[2023-08-02 03:41:57,677][flwr][INFO] - evaluate_round 46: no clients selected, cancel
[2023-08-02 03:41:57,677][flwr][DEBUG] - fit_round 47: strategy sampled 10 clients (out of 1000)
[2023-08-02 03:41:58,609][flwr][DEBUG] - fit_round 47 received 10 results and 0 failures
[2023-08-02 03:41:59,463][flwr][INFO] - fit progress: (47, 0.1344054553411901, {'accuracy': 0.5563}, 81.7449277699925)
[2023-08-02 03:41:59,463][flwr][INFO] - evaluate_round 47: no clients selected, cancel
[2023-08-02 03:41:59,463][flwr][DEBUG] - fit_round 48: strategy sampled 10 clients (out of 1000)
[2023-08-02 03:42:00,128][flwr][DEBUG] - fit_round 48 received 10 results and 0 failures
[2023-08-02 03:42:01,015][flwr][INFO] - fit progress: (48, 0.06272844152078033, {'accuracy': 0.7923}, 83.29686879500514)
[2023-08-02 03:42:01,015][flwr][INFO] - evaluate_round 48: no clients selected, cancel
[2023-08-02 03:42:01,018][flwr][DEBUG] - fit_round 49: strategy sampled 10 clients (out of 1000)
[2023-08-02 03:42:01,682][flwr][DEBUG] - fit_round 49 received 10 results and 0 failures
[2023-08-02 03:42:02,547][flwr][INFO] - fit progress: (49, 0.05387434760667384, {'accuracy': 0.8342}, 84.82884881296195)
[2023-08-02 03:42:02,547][flwr][INFO] - evaluate_round 49: no clients selected, cancel
[2023-08-02 03:42:02,547][flwr][DEBUG] - fit_round 50: strategy sampled 10 clients (out of 1000)
[2023-08-02 03:42:03,317][flwr][DEBUG] - fit_round 50 received 10 results and 0 failures
[2023-08-02 03:42:04,327][flwr][INFO] - fit progress: (50, 0.04473199340272695, {'accuracy': 0.8641}, 86.60862216999521)
[2023-08-02 03:42:04,327][flwr][INFO] - evaluate_round 50: no clients selected, cancel
[2023-08-02 03:42:04,327][flwr][DEBUG] - fit_round 51: strategy sampled 10 clients (out of 1000)
[2023-08-02 03:42:04,975][flwr][DEBUG] - fit_round 51 received 10 results and 0 failures
[2023-08-02 03:42:05,811][flwr][INFO] - fit progress: (51, 0.05694437919612974, {'accuracy': 0.8154}, 88.09316463099094)
[2023-08-02 03:42:05,811][flwr][INFO] - evaluate_round 51: no clients selected, cancel
[2023-08-02 03:42:05,812][flwr][DEBUG] - fit_round 52: strategy sampled 10 clients (out of 1000)
[2023-08-02 03:42:06,629][flwr][DEBUG] - fit_round 52 received 10 results and 0 failures
[2023-08-02 03:42:07,551][flwr][INFO] - fit progress: (52, 0.1991034332677722, {'accuracy': 0.4573}, 89.83326308696996)
[2023-08-02 03:42:07,552][flwr][INFO] - evaluate_round 52: no clients selected, cancel
[2023-08-02 03:42:07,552][flwr][DEBUG] - fit_round 53: strategy sampled 10 clients (out of 1000)
[2023-08-02 03:42:08,179][flwr][DEBUG] - fit_round 53 received 10 results and 0 failures
[2023-08-02 03:42:09,051][flwr][INFO] - fit progress: (53, 0.08193914615609683, {'accuracy': 0.7229}, 91.33254883700283)
[2023-08-02 03:42:09,051][flwr][INFO] - evaluate_round 53: no clients selected, cancel
[2023-08-02 03:42:09,051][flwr][DEBUG] - fit_round 54: strategy sampled 10 clients (out of 1000)
[2023-08-02 03:42:10,172][flwr][DEBUG] - fit_round 54 received 10 results and 0 failures
[2023-08-02 03:42:11,106][flwr][INFO] - fit progress: (54, 0.0633590450042393, {'accuracy': 0.7824}, 93.38837551500183)
[2023-08-02 03:42:11,107][flwr][INFO] - evaluate_round 54: no clients selected, cancel
[2023-08-02 03:42:11,107][flwr][DEBUG] - fit_round 55: strategy sampled 10 clients (out of 1000)
[2023-08-02 03:42:12,625][flwr][DEBUG] - fit_round 55 received 10 results and 0 failures
[2023-08-02 03:42:13,506][flwr][INFO] - fit progress: (55, 0.211100955940783, {'accuracy': 0.486}, 95.78828042995883)
[2023-08-02 03:42:13,506][flwr][INFO] - evaluate_round 55: no clients selected, cancel
[2023-08-02 03:42:13,507][flwr][DEBUG] - fit_round 56: strategy sampled 10 clients (out of 1000)
[2023-08-02 03:42:14,380][flwr][DEBUG] - fit_round 56 received 10 results and 0 failures
[2023-08-02 03:42:15,264][flwr][INFO] - fit progress: (56, 0.12617104084566236, {'accuracy': 0.659}, 97.54588681401219)
[2023-08-02 03:42:15,264][flwr][INFO] - evaluate_round 56: no clients selected, cancel
[2023-08-02 03:42:15,264][flwr][DEBUG] - fit_round 57: strategy sampled 10 clients (out of 1000)
[2023-08-02 03:42:16,237][flwr][DEBUG] - fit_round 57 received 10 results and 0 failures
[2023-08-02 03:42:17,101][flwr][INFO] - fit progress: (57, 0.18204351511895656, {'accuracy': 0.4672}, 99.38341263396433)
[2023-08-02 03:42:17,102][flwr][INFO] - evaluate_round 57: no clients selected, cancel
[2023-08-02 03:42:17,102][flwr][DEBUG] - fit_round 58: strategy sampled 10 clients (out of 1000)
[2023-08-02 03:42:17,897][flwr][DEBUG] - fit_round 58 received 10 results and 0 failures
[2023-08-02 03:42:18,746][flwr][INFO] - fit progress: (58, 0.05904469952471554, {'accuracy': 0.7973}, 101.02770305296872)
[2023-08-02 03:42:18,746][flwr][INFO] - evaluate_round 58: no clients selected, cancel
[2023-08-02 03:42:18,746][flwr][DEBUG] - fit_round 59: strategy sampled 10 clients (out of 1000)
[2023-08-02 03:42:19,480][flwr][DEBUG] - fit_round 59 received 10 results and 0 failures
[2023-08-02 03:42:20,358][flwr][INFO] - fit progress: (59, 0.047283601881563664, {'accuracy': 0.8428}, 102.63968662498519)
[2023-08-02 03:42:20,358][flwr][INFO] - evaluate_round 59: no clients selected, cancel
[2023-08-02 03:42:20,358][flwr][DEBUG] - fit_round 60: strategy sampled 10 clients (out of 1000)
[2023-08-02 03:42:21,078][flwr][DEBUG] - fit_round 60 received 10 results and 0 failures
[2023-08-02 03:42:21,970][flwr][INFO] - fit progress: (60, 0.04963772945459932, {'accuracy': 0.8337}, 104.25197201501578)
[2023-08-02 03:42:21,970][flwr][INFO] - evaluate_round 60: no clients selected, cancel
[2023-08-02 03:42:21,971][flwr][DEBUG] - fit_round 61: strategy sampled 10 clients (out of 1000)
[2023-08-02 03:42:22,655][flwr][DEBUG] - fit_round 61 received 10 results and 0 failures
[2023-08-02 03:42:23,522][flwr][INFO] - fit progress: (61, 0.1026274945627898, {'accuracy': 0.6772}, 105.80355814000359)
[2023-08-02 03:42:23,522][flwr][INFO] - evaluate_round 61: no clients selected, cancel
[2023-08-02 03:42:23,522][flwr][DEBUG] - fit_round 62: strategy sampled 10 clients (out of 1000)
[2023-08-02 03:42:25,000][flwr][DEBUG] - fit_round 62 received 10 results and 0 failures
[2023-08-02 03:42:25,906][flwr][INFO] - fit progress: (62, 0.06400733826002106, {'accuracy': 0.782}, 108.1880678400048)
[2023-08-02 03:42:25,906][flwr][INFO] - evaluate_round 62: no clients selected, cancel
[2023-08-02 03:42:25,907][flwr][DEBUG] - fit_round 63: strategy sampled 10 clients (out of 1000)
[2023-08-02 03:42:26,569][flwr][DEBUG] - fit_round 63 received 10 results and 0 failures
[2023-08-02 03:42:27,421][flwr][INFO] - fit progress: (63, 0.09389566550627351, {'accuracy': 0.6581}, 109.70255982497474)
[2023-08-02 03:42:27,421][flwr][INFO] - evaluate_round 63: no clients selected, cancel
[2023-08-02 03:42:27,423][flwr][DEBUG] - fit_round 64: strategy sampled 10 clients (out of 1000)
[2023-08-02 03:42:28,284][flwr][DEBUG] - fit_round 64 received 10 results and 0 failures
[2023-08-02 03:42:29,139][flwr][INFO] - fit progress: (64, 0.06837062184042297, {'accuracy': 0.769}, 111.42114882497117)
[2023-08-02 03:42:29,139][flwr][INFO] - evaluate_round 64: no clients selected, cancel
[2023-08-02 03:42:29,140][flwr][DEBUG] - fit_round 65: strategy sampled 10 clients (out of 1000)
[2023-08-02 03:42:31,675][flwr][DEBUG] - fit_round 65 received 10 results and 0 failures
[2023-08-02 03:42:32,528][flwr][INFO] - fit progress: (65, 0.20410569700449704, {'accuracy': 0.4613}, 114.81008716596989)
[2023-08-02 03:42:32,528][flwr][INFO] - evaluate_round 65: no clients selected, cancel
[2023-08-02 03:42:32,531][flwr][DEBUG] - fit_round 66: strategy sampled 10 clients (out of 1000)
[2023-08-02 03:42:33,613][flwr][DEBUG] - fit_round 66 received 10 results and 0 failures
[2023-08-02 03:42:34,605][flwr][INFO] - fit progress: (66, 0.09803246801327914, {'accuracy': 0.6882}, 116.88743798196083)
[2023-08-02 03:42:34,606][flwr][INFO] - evaluate_round 66: no clients selected, cancel
[2023-08-02 03:42:34,606][flwr][DEBUG] - fit_round 67: strategy sampled 10 clients (out of 1000)
[2023-08-02 03:42:35,295][flwr][DEBUG] - fit_round 67 received 10 results and 0 failures
[2023-08-02 03:42:36,385][flwr][INFO] - fit progress: (67, 0.12439867847412825, {'accuracy': 0.6356}, 118.6672220719629)
[2023-08-02 03:42:36,386][flwr][INFO] - evaluate_round 67: no clients selected, cancel
[2023-08-02 03:42:36,386][flwr][DEBUG] - fit_round 68: strategy sampled 10 clients (out of 1000)
[2023-08-02 03:42:37,164][flwr][DEBUG] - fit_round 68 received 10 results and 0 failures
[2023-08-02 03:42:38,095][flwr][INFO] - fit progress: (68, 0.048241142015438526, {'accuracy': 0.8432}, 120.3774030850036)
[2023-08-02 03:42:38,096][flwr][INFO] - evaluate_round 68: no clients selected, cancel
[2023-08-02 03:42:38,096][flwr][DEBUG] - fit_round 69: strategy sampled 10 clients (out of 1000)
[2023-08-02 03:42:40,744][flwr][DEBUG] - fit_round 69 received 10 results and 0 failures
[2023-08-02 03:42:41,623][flwr][INFO] - fit progress: (69, 0.3523292677626014, {'accuracy': 0.3206}, 123.90472544700606)
[2023-08-02 03:42:41,623][flwr][INFO] - evaluate_round 69: no clients selected, cancel
[2023-08-02 03:42:41,623][flwr][DEBUG] - fit_round 70: strategy sampled 10 clients (out of 1000)
[2023-08-02 03:42:42,819][flwr][DEBUG] - fit_round 70 received 10 results and 0 failures
[2023-08-02 03:42:43,701][flwr][INFO] - fit progress: (70, 0.08456605825964361, {'accuracy': 0.7114}, 125.98265137296403)
[2023-08-02 03:42:43,701][flwr][INFO] - evaluate_round 70: no clients selected, cancel
[2023-08-02 03:42:43,701][flwr][DEBUG] - fit_round 71: strategy sampled 10 clients (out of 1000)
[2023-08-02 03:42:44,397][flwr][DEBUG] - fit_round 71 received 10 results and 0 failures
[2023-08-02 03:42:45,303][flwr][INFO] - fit progress: (71, 0.07139123971667141, {'accuracy': 0.7572}, 127.5847771379631)
[2023-08-02 03:42:45,303][flwr][INFO] - evaluate_round 71: no clients selected, cancel
[2023-08-02 03:42:45,303][flwr][DEBUG] - fit_round 72: strategy sampled 10 clients (out of 1000)
[2023-08-02 03:42:46,050][flwr][DEBUG] - fit_round 72 received 10 results and 0 failures
[2023-08-02 03:42:46,976][flwr][INFO] - fit progress: (72, 0.06297927224021405, {'accuracy': 0.7975}, 129.25761320098536)
[2023-08-02 03:42:46,976][flwr][INFO] - evaluate_round 72: no clients selected, cancel
[2023-08-02 03:42:46,976][flwr][DEBUG] - fit_round 73: strategy sampled 10 clients (out of 1000)
[2023-08-02 03:42:47,679][flwr][DEBUG] - fit_round 73 received 10 results and 0 failures
[2023-08-02 03:42:48,529][flwr][INFO] - fit progress: (73, 0.05492452047970146, {'accuracy': 0.8219}, 130.81097538996255)
[2023-08-02 03:42:48,529][flwr][INFO] - evaluate_round 73: no clients selected, cancel
[2023-08-02 03:42:48,530][flwr][DEBUG] - fit_round 74: strategy sampled 10 clients (out of 1000)
[2023-08-02 03:42:49,163][flwr][DEBUG] - fit_round 74 received 10 results and 0 failures
[2023-08-02 03:42:50,043][flwr][INFO] - fit progress: (74, 0.04821694489959628, {'accuracy': 0.8498}, 132.32455661596032)
[2023-08-02 03:42:50,043][flwr][INFO] - evaluate_round 74: no clients selected, cancel
[2023-08-02 03:42:50,043][flwr][DEBUG] - fit_round 75: strategy sampled 10 clients (out of 1000)
[2023-08-02 03:42:50,792][flwr][DEBUG] - fit_round 75 received 10 results and 0 failures
[2023-08-02 03:42:51,688][flwr][INFO] - fit progress: (75, 0.0762010159727186, {'accuracy': 0.7343}, 133.96974471700378)
[2023-08-02 03:42:51,688][flwr][INFO] - evaluate_round 75: no clients selected, cancel
[2023-08-02 03:42:51,688][flwr][DEBUG] - fit_round 76: strategy sampled 10 clients (out of 1000)
[2023-08-02 03:42:52,397][flwr][DEBUG] - fit_round 76 received 10 results and 0 failures
[2023-08-02 03:42:53,279][flwr][INFO] - fit progress: (76, 0.08456751156449317, {'accuracy': 0.7125}, 135.5605929759913)
[2023-08-02 03:42:53,279][flwr][INFO] - evaluate_round 76: no clients selected, cancel
[2023-08-02 03:42:53,279][flwr][DEBUG] - fit_round 77: strategy sampled 10 clients (out of 1000)
[2023-08-02 03:42:53,915][flwr][DEBUG] - fit_round 77 received 10 results and 0 failures
[2023-08-02 03:42:54,778][flwr][INFO] - fit progress: (77, 0.04609310993850231, {'accuracy': 0.8547}, 137.06002735096263)
[2023-08-02 03:42:54,778][flwr][INFO] - evaluate_round 77: no clients selected, cancel
[2023-08-02 03:42:54,779][flwr][DEBUG] - fit_round 78: strategy sampled 10 clients (out of 1000)
[2023-08-02 03:42:55,436][flwr][DEBUG] - fit_round 78 received 10 results and 0 failures
[2023-08-02 03:42:56,304][flwr][INFO] - fit progress: (78, 0.059038080908544364, {'accuracy': 0.7924}, 138.58651480299886)
[2023-08-02 03:42:56,305][flwr][INFO] - evaluate_round 78: no clients selected, cancel
[2023-08-02 03:42:56,305][flwr][DEBUG] - fit_round 79: strategy sampled 10 clients (out of 1000)
[2023-08-02 03:42:56,989][flwr][DEBUG] - fit_round 79 received 10 results and 0 failures
[2023-08-02 03:42:57,893][flwr][INFO] - fit progress: (79, 0.05228946512378752, {'accuracy': 0.8332}, 140.1752324400004)
[2023-08-02 03:42:57,893][flwr][INFO] - evaluate_round 79: no clients selected, cancel
[2023-08-02 03:42:57,894][flwr][DEBUG] - fit_round 80: strategy sampled 10 clients (out of 1000)
[2023-08-02 03:42:58,634][flwr][DEBUG] - fit_round 80 received 10 results and 0 failures
[2023-08-02 03:42:59,544][flwr][INFO] - fit progress: (80, 0.0667367302775383, {'accuracy': 0.7716}, 141.82578364596702)
[2023-08-02 03:42:59,544][flwr][INFO] - evaluate_round 80: no clients selected, cancel
[2023-08-02 03:42:59,544][flwr][DEBUG] - fit_round 81: strategy sampled 10 clients (out of 1000)
[2023-08-02 03:43:00,241][flwr][DEBUG] - fit_round 81 received 10 results and 0 failures
[2023-08-02 03:43:01,086][flwr][INFO] - fit progress: (81, 0.04883199971206486, {'accuracy': 0.8407}, 143.36771158798365)
[2023-08-02 03:43:01,086][flwr][INFO] - evaluate_round 81: no clients selected, cancel
[2023-08-02 03:43:01,086][flwr][DEBUG] - fit_round 82: strategy sampled 10 clients (out of 1000)
[2023-08-02 03:43:01,792][flwr][DEBUG] - fit_round 82 received 10 results and 0 failures
[2023-08-02 03:43:02,643][flwr][INFO] - fit progress: (82, 0.05222711257152259, {'accuracy': 0.8251}, 144.92526038899086)
[2023-08-02 03:43:02,643][flwr][INFO] - evaluate_round 82: no clients selected, cancel
[2023-08-02 03:43:02,644][flwr][DEBUG] - fit_round 83: strategy sampled 10 clients (out of 1000)
[2023-08-02 03:43:03,219][flwr][DEBUG] - fit_round 83 received 10 results and 0 failures
[2023-08-02 03:43:04,151][flwr][INFO] - fit progress: (83, 0.044221580890007314, {'accuracy': 0.8596}, 146.4329288789886)
[2023-08-02 03:43:04,151][flwr][INFO] - evaluate_round 83: no clients selected, cancel
[2023-08-02 03:43:04,151][flwr][DEBUG] - fit_round 84: strategy sampled 10 clients (out of 1000)
[2023-08-02 03:43:04,831][flwr][DEBUG] - fit_round 84 received 10 results and 0 failures
[2023-08-02 03:43:05,739][flwr][INFO] - fit progress: (84, 0.04285741662923247, {'accuracy': 0.8697}, 148.02127961895894)
[2023-08-02 03:43:05,739][flwr][INFO] - evaluate_round 84: no clients selected, cancel
[2023-08-02 03:43:05,740][flwr][DEBUG] - fit_round 85: strategy sampled 10 clients (out of 1000)
[2023-08-02 03:43:06,447][flwr][DEBUG] - fit_round 85 received 10 results and 0 failures
[2023-08-02 03:43:07,380][flwr][INFO] - fit progress: (85, 0.04592102467827499, {'accuracy': 0.8499}, 149.66232176095946)
[2023-08-02 03:43:07,381][flwr][INFO] - evaluate_round 85: no clients selected, cancel
[2023-08-02 03:43:07,381][flwr][DEBUG] - fit_round 86: strategy sampled 10 clients (out of 1000)
[2023-08-02 03:43:08,102][flwr][DEBUG] - fit_round 86 received 10 results and 0 failures
[2023-08-02 03:43:08,942][flwr][INFO] - fit progress: (86, 0.04354089336884208, {'accuracy': 0.8573}, 151.2242097859853)
[2023-08-02 03:43:08,942][flwr][INFO] - evaluate_round 86: no clients selected, cancel
[2023-08-02 03:43:08,943][flwr][DEBUG] - fit_round 87: strategy sampled 10 clients (out of 1000)
[2023-08-02 03:43:09,768][flwr][DEBUG] - fit_round 87 received 10 results and 0 failures
[2023-08-02 03:43:10,605][flwr][INFO] - fit progress: (87, 0.08975220401529223, {'accuracy': 0.7317}, 152.88742876797915)
[2023-08-02 03:43:10,606][flwr][INFO] - evaluate_round 87: no clients selected, cancel
[2023-08-02 03:43:10,606][flwr][DEBUG] - fit_round 88: strategy sampled 10 clients (out of 1000)
[2023-08-02 03:43:11,294][flwr][DEBUG] - fit_round 88 received 10 results and 0 failures
[2023-08-02 03:43:12,195][flwr][INFO] - fit progress: (88, 0.05847571160644293, {'accuracy': 0.7965}, 154.4770997419837)
[2023-08-02 03:43:12,195][flwr][INFO] - evaluate_round 88: no clients selected, cancel
[2023-08-02 03:43:12,196][flwr][DEBUG] - fit_round 89: strategy sampled 10 clients (out of 1000)
[2023-08-02 03:43:12,861][flwr][DEBUG] - fit_round 89 received 10 results and 0 failures
[2023-08-02 03:43:13,730][flwr][INFO] - fit progress: (89, 0.04723723206808791, {'accuracy': 0.8479}, 156.01232584100217)
[2023-08-02 03:43:13,731][flwr][INFO] - evaluate_round 89: no clients selected, cancel
[2023-08-02 03:43:13,731][flwr][DEBUG] - fit_round 90: strategy sampled 10 clients (out of 1000)
[2023-08-02 03:43:14,504][flwr][DEBUG] - fit_round 90 received 10 results and 0 failures
[2023-08-02 03:43:15,357][flwr][INFO] - fit progress: (90, 0.043098641260433945, {'accuracy': 0.8661}, 157.63889558496885)
[2023-08-02 03:43:15,357][flwr][INFO] - evaluate_round 90: no clients selected, cancel
[2023-08-02 03:43:15,357][flwr][DEBUG] - fit_round 91: strategy sampled 10 clients (out of 1000)
[2023-08-02 03:43:16,018][flwr][DEBUG] - fit_round 91 received 10 results and 0 failures
[2023-08-02 03:43:16,865][flwr][INFO] - fit progress: (91, 0.05277643622439355, {'accuracy': 0.8294}, 159.14747336501023)
[2023-08-02 03:43:16,866][flwr][INFO] - evaluate_round 91: no clients selected, cancel
[2023-08-02 03:43:16,866][flwr][DEBUG] - fit_round 92: strategy sampled 10 clients (out of 1000)
[2023-08-02 03:43:17,506][flwr][DEBUG] - fit_round 92 received 10 results and 0 failures
[2023-08-02 03:43:18,369][flwr][INFO] - fit progress: (92, 0.049320895551517606, {'accuracy': 0.8446}, 160.651450602978)
[2023-08-02 03:43:18,370][flwr][INFO] - evaluate_round 92: no clients selected, cancel
[2023-08-02 03:43:18,370][flwr][DEBUG] - fit_round 93: strategy sampled 10 clients (out of 1000)
[2023-08-02 03:43:19,086][flwr][DEBUG] - fit_round 93 received 10 results and 0 failures
[2023-08-02 03:43:19,940][flwr][INFO] - fit progress: (93, 0.0610191068969667, {'accuracy': 0.7789}, 162.2224508979707)
[2023-08-02 03:43:19,941][flwr][INFO] - evaluate_round 93: no clients selected, cancel
[2023-08-02 03:43:19,944][flwr][DEBUG] - fit_round 94: strategy sampled 10 clients (out of 1000)
[2023-08-02 03:43:21,654][flwr][DEBUG] - fit_round 94 received 10 results and 0 failures
[2023-08-02 03:43:22,550][flwr][INFO] - fit progress: (94, 0.10550435027256608, {'accuracy': 0.6277}, 164.8323034310015)
[2023-08-02 03:43:22,551][flwr][INFO] - evaluate_round 94: no clients selected, cancel
[2023-08-02 03:43:22,551][flwr][DEBUG] - fit_round 95: strategy sampled 10 clients (out of 1000)
[2023-08-02 03:43:23,287][flwr][DEBUG] - fit_round 95 received 10 results and 0 failures
[2023-08-02 03:43:24,134][flwr][INFO] - fit progress: (95, 0.06214955424778163, {'accuracy': 0.796}, 166.41574435698567)
[2023-08-02 03:43:24,134][flwr][INFO] - evaluate_round 95: no clients selected, cancel
[2023-08-02 03:43:24,134][flwr][DEBUG] - fit_round 96: strategy sampled 10 clients (out of 1000)
[2023-08-02 03:43:24,770][flwr][DEBUG] - fit_round 96 received 10 results and 0 failures
[2023-08-02 03:43:25,621][flwr][INFO] - fit progress: (96, 0.051294150984846056, {'accuracy': 0.8403}, 167.90343944099732)
[2023-08-02 03:43:25,622][flwr][INFO] - evaluate_round 96: no clients selected, cancel
[2023-08-02 03:43:25,624][flwr][DEBUG] - fit_round 97: strategy sampled 10 clients (out of 1000)
[2023-08-02 03:43:26,240][flwr][DEBUG] - fit_round 97 received 10 results and 0 failures
[2023-08-02 03:43:27,115][flwr][INFO] - fit progress: (97, 0.04425300105242059, {'accuracy': 0.8643}, 169.39687971101375)
[2023-08-02 03:43:27,115][flwr][INFO] - evaluate_round 97: no clients selected, cancel
[2023-08-02 03:43:27,115][flwr][DEBUG] - fit_round 98: strategy sampled 10 clients (out of 1000)
[2023-08-02 03:43:27,758][flwr][DEBUG] - fit_round 98 received 10 results and 0 failures
[2023-08-02 03:43:28,663][flwr][INFO] - fit progress: (98, 0.043026840444188565, {'accuracy': 0.8702}, 170.94461144099478)
[2023-08-02 03:43:28,663][flwr][INFO] - evaluate_round 98: no clients selected, cancel
[2023-08-02 03:43:28,663][flwr][DEBUG] - fit_round 99: strategy sampled 10 clients (out of 1000)
[2023-08-02 03:43:29,534][flwr][DEBUG] - fit_round 99 received 10 results and 0 failures
[2023-08-02 03:43:30,413][flwr][INFO] - fit progress: (99, 0.05936952023366466, {'accuracy': 0.8026}, 172.69533162697917)
[2023-08-02 03:43:30,414][flwr][INFO] - evaluate_round 99: no clients selected, cancel
[2023-08-02 03:43:30,414][flwr][DEBUG] - fit_round 100: strategy sampled 10 clients (out of 1000)
[2023-08-02 03:43:31,094][flwr][DEBUG] - fit_round 100 received 10 results and 0 failures
[2023-08-02 03:43:31,955][flwr][INFO] - fit progress: (100, 0.07069672782234848, {'accuracy': 0.7652}, 174.23660651099635)
[2023-08-02 03:43:31,955][flwr][INFO] - evaluate_round 100: no clients selected, cancel
[2023-08-02 03:43:31,955][flwr][INFO] - FL finished in 174.23696857999312
[2023-08-02 03:43:31,955][flwr][INFO] - app_fit: losses_distributed []
[2023-08-02 03:43:31,955][flwr][INFO] - app_fit: metrics_distributed {}
[2023-08-02 03:43:31,955][flwr][INFO] - app_fit: losses_centralized [(0, 0.25522342307567597), (1, 0.2676006395459175), (2, 0.1789711962580681), (3, 0.2384012522161007), (4, 0.1590524919629097), (5, 0.12069928955137729), (6, 0.10667652728110552), (7, 0.11907526111602783), (8, 0.09471201929748058), (9, 0.09976172564476729), (10, 0.09076304642558097), (11, 0.11160590575933456), (12, 0.1032341709151864), (13, 0.07535550746694207), (14, 0.06358801700398325), (15, 0.2965453171849251), (16, 0.0698423178628087), (17, 0.06757616306729615), (18, 0.10415636724233628), (19, 0.2092763435959816), (20, 0.09025372572913766), (21, 0.07565846992880106), (22, 0.07526867108382285), (23, 0.061796345849335195), (24, 0.06687167650647462), (25, 0.13044460824877024), (26, 0.08214140652343631), (27, 0.07800715840756893), (28, 0.06686651109457016), (29, 0.09099345793388784), (30, 0.07785390412211418), (31, 0.06998258901834488), (32, 0.06403209824040532), (33, 0.10634645169079304), (34, 0.1272177789773792), (35, 0.07533741251938045), (36, 0.11626258044987917), (37, 0.06112099176049232), (38, 0.06385541918240488), (39, 0.05548243681415915), (40, 0.05421163996867835), (41, 0.13597450768202543), (42, 0.2722133648991585), (43, 0.1013955688148737), (44, 0.06861359013989568), (45, 0.08035991598926484), (46, 0.1678188110485673), (47, 0.1344054553411901), (48, 0.06272844152078033), (49, 0.05387434760667384), (50, 0.04473199340272695), (51, 0.05694437919612974), (52, 0.1991034332677722), (53, 0.08193914615609683), (54, 0.0633590450042393), (55, 0.211100955940783), (56, 0.12617104084566236), (57, 0.18204351511895656), (58, 0.05904469952471554), (59, 0.047283601881563664), (60, 0.04963772945459932), (61, 0.1026274945627898), (62, 0.06400733826002106), (63, 0.09389566550627351), (64, 0.06837062184042297), (65, 0.20410569700449704), (66, 0.09803246801327914), (67, 0.12439867847412825), (68, 0.048241142015438526), (69, 0.3523292677626014), (70, 0.08456605825964361), (71, 0.07139123971667141), (72, 0.06297927224021405), (73, 0.05492452047970146), (74, 0.04821694489959628), (75, 0.0762010159727186), (76, 0.08456751156449317), (77, 0.04609310993850231), (78, 0.059038080908544364), (79, 0.05228946512378752), (80, 0.0667367302775383), (81, 0.04883199971206486), (82, 0.05222711257152259), (83, 0.044221580890007314), (84, 0.04285741662923247), (85, 0.04592102467827499), (86, 0.04354089336884208), (87, 0.08975220401529223), (88, 0.05847571160644293), (89, 0.04723723206808791), (90, 0.043098641260433945), (91, 0.05277643622439355), (92, 0.049320895551517606), (93, 0.0610191068969667), (94, 0.10550435027256608), (95, 0.06214955424778163), (96, 0.051294150984846056), (97, 0.04425300105242059), (98, 0.043026840444188565), (99, 0.05936952023366466), (100, 0.07069672782234848)]
[2023-08-02 03:43:31,955][flwr][INFO] - app_fit: metrics_centralized {'accuracy': [(0, 0.0729), (1, 0.188), (2, 0.5059), (3, 0.3177), (4, 0.4936), (5, 0.6146), (6, 0.6372), (7, 0.524), (8, 0.6995), (9, 0.6247), (10, 0.6583), (11, 0.5776), (12, 0.6015), (13, 0.7644), (14, 0.8035), (15, 0.2853), (16, 0.7606), (17, 0.7648), (18, 0.6168), (19, 0.4063), (20, 0.6726), (21, 0.7372), (22, 0.738), (23, 0.7977), (24, 0.7767), (25, 0.5884), (26, 0.7029), (27, 0.7309), (28, 0.7621), (29, 0.7007), (30, 0.7185), (31, 0.756), (32, 0.7815), (33, 0.5962), (34, 0.6146), (35, 0.7164), (36, 0.5905), (37, 0.7921), (38, 0.7892), (39, 0.8073), (40, 0.819), (41, 0.5506), (42, 0.3272), (43, 0.621), (44, 0.7568), (45, 0.719), (46, 0.4835), (47, 0.5563), (48, 0.7923), (49, 0.8342), (50, 0.8641), (51, 0.8154), (52, 0.4573), (53, 0.7229), (54, 0.7824), (55, 0.486), (56, 0.659), (57, 0.4672), (58, 0.7973), (59, 0.8428), (60, 0.8337), (61, 0.6772), (62, 0.782), (63, 0.6581), (64, 0.769), (65, 0.4613), (66, 0.6882), (67, 0.6356), (68, 0.8432), (69, 0.3206), (70, 0.7114), (71, 0.7572), (72, 0.7975), (73, 0.8219), (74, 0.8498), (75, 0.7343), (76, 0.7125), (77, 0.8547), (78, 0.7924), (79, 0.8332), (80, 0.7716), (81, 0.8407), (82, 0.8251), (83, 0.8596), (84, 0.8697), (85, 0.8499), (86, 0.8573), (87, 0.7317), (88, 0.7965), (89, 0.8479), (90, 0.8661), (91, 0.8294), (92, 0.8446), (93, 0.7789), (94, 0.6277), (95, 0.796), (96, 0.8403), (97, 0.8643), (98, 0.8702), (99, 0.8026), (100, 0.7652)]}
